#
# There is insufficient memory for the Java Runtime Environment to continue.
# Native memory allocation (mmap) failed to map 65536 bytes for Failed to commit metaspace.
# Possible reasons:
#   The system is out of physical RAM or swap space
#   The process is running with CompressedOops enabled, and the Java Heap may be blocking the growth of the native heap
# Possible solutions:
#   Reduce memory load on the system
#   Increase physical memory or swap space
#   Check if swap backing store is full
#   Decrease Java heap size (-Xmx/-Xms)
#   Decrease number of Java threads
#   Decrease Java thread stack sizes (-Xss)
#   Set larger code cache with -XX:ReservedCodeCacheSize=
#   JVM is running with Unscaled Compressed Oops mode in which the Java heap is
#     placed in the first 4GB address space. The Java Heap base address is the
#     maximum limit for the native heap growth. Please use -XX:HeapBaseMinAddress
#     to set the Java Heap base and to place the Java Heap above 4GB virtual address.
# This output file may be truncated or incomplete.
#
#  Out of Memory Error (virtualSpaceNode.cpp:110), pid=11812, tid=4256
#
# JRE version: Java(TM) SE Runtime Environment (17.0.1+12) (build 17.0.1+12-LTS-39)
# Java VM: Java HotSpot(TM) 64-Bit Server VM (17.0.1+12-LTS-39, mixed mode, sharing, tiered, compressed oops, compressed class ptrs, g1 gc, windows-amd64)
# No core dump will be written. Minidumps are not enabled by default on client versions of Windows
#

---------------  S U M M A R Y ------------

Command Line: -Xmx64m -Xms64m -Dorg.gradle.appname=gradlew org.gradle.wrapper.GradleWrapperMain app:installDebug -PreactNativeDevServerPort=8081

Host: Intel(R) Core(TM) i5-4310U CPU @ 2.00GHz, 4 cores, 3G,  Windows 10 , 64 bit Build 19041 (10.0.19041.1566)
Time: Fri Apr  1 16:21:47 2022 India Standard Time elapsed time: 15.010096 seconds (0d 0h 0m 15s)

---------------  T H R E A D  ---------------

Current thread (0x0000022cc2229a00):  JavaThread "C1 CompilerThread0" daemon [_thread_in_vm, id=4256, stack(0x0000004953f00000,0x0000004954000000)]


Current CompileTask:
C1:  15011  649       3       java.nio.charset.CharsetEncoder::replaceWith (89 bytes)

Stack: [0x0000004953f00000,0x0000004954000000]
Native frames: (J=compiled Java code, j=interpreted, Vv=VM code, C=native code)
V  [jvm.dll+0x66fa1a]
V  [jvm.dll+0x7ce5a4]
V  [jvm.dll+0x7cfd4e]
V  [jvm.dll+0x7d03b3]
V  [jvm.dll+0x242b05]
V  [jvm.dll+0x7ca54b]
V  [jvm.dll+0x615b76]
V  [jvm.dll+0x615bda]
V  [jvm.dll+0x6183ea]
V  [jvm.dll+0x616516]
V  [jvm.dll+0x62759a]
V  [jvm.dll+0x6203aa]
V  [jvm.dll+0x1ca260]
V  [jvm.dll+0x1ca44f]
V  [jvm.dll+0x144261]
V  [jvm.dll+0x1440a5]
V  [jvm.dll+0x13b8ef]
V  [jvm.dll+0x13dee5]
V  [jvm.dll+0x13c1c4]
V  [jvm.dll+0x144b7d]
V  [jvm.dll+0x1440a5]
V  [jvm.dll+0x13b8ef]
V  [jvm.dll+0x13dee5]
V  [jvm.dll+0x13c1c4]
V  [jvm.dll+0x1361df]
V  [jvm.dll+0x145cc6]
V  [jvm.dll+0x1318d0]
V  [jvm.dll+0x131c30]
V  [jvm.dll+0x131ef6]
V  [jvm.dll+0x13138a]
V  [jvm.dll+0x133051]
V  [jvm.dll+0x224848]
V  [jvm.dll+0x2229ac]
V  [jvm.dll+0x78435b]
V  [jvm.dll+0x77e91a]
V  [jvm.dll+0x66e845]
C  [ucrtbase.dll+0x21bb2]
C  [KERNEL32.DLL+0x17034]
C  [ntdll.dll+0x52651]


---------------  P R O C E S S  ---------------

Threads class SMR info:
_java_thread_list=0x0000022cc2d32db0, length=12, elements={
0x0000022ca93e4140, 0x0000022ca94b3ac0, 0x0000022ca94b4840, 0x0000022cc2219340,
0x0000022cc221bc10, 0x0000022cc221cc70, 0x0000022cc221d530, 0x0000022cc2222280,
0x0000022cc2229a00, 0x0000022cc223fb20, 0x0000022cc2d2d540, 0x0000022cc2d33280
}

Java Threads: ( => current thread )
  0x0000022ca93e4140 JavaThread "main" [_thread_in_vm, id=13104, stack(0x0000004953100000,0x0000004953200000)]
  0x0000022ca94b3ac0 JavaThread "Reference Handler" daemon [_thread_blocked, id=8984, stack(0x0000004953800000,0x0000004953900000)]
  0x0000022ca94b4840 JavaThread "Finalizer" daemon [_thread_blocked, id=12448, stack(0x0000004953900000,0x0000004953a00000)]
  0x0000022cc2219340 JavaThread "Signal Dispatcher" daemon [_thread_blocked, id=16036, stack(0x0000004953a00000,0x0000004953b00000)]
  0x0000022cc221bc10 JavaThread "Attach Listener" daemon [_thread_blocked, id=10232, stack(0x0000004953b00000,0x0000004953c00000)]
  0x0000022cc221cc70 JavaThread "Service Thread" daemon [_thread_blocked, id=580, stack(0x0000004953c00000,0x0000004953d00000)]
  0x0000022cc221d530 JavaThread "Monitor Deflation Thread" daemon [_thread_blocked, id=2440, stack(0x0000004953d00000,0x0000004953e00000)]
  0x0000022cc2222280 JavaThread "C2 CompilerThread0" daemon [_thread_blocked, id=11268, stack(0x0000004953e00000,0x0000004953f00000)]
=>0x0000022cc2229a00 JavaThread "C1 CompilerThread0" daemon [_thread_in_vm, id=4256, stack(0x0000004953f00000,0x0000004954000000)]
  0x0000022cc223fb20 JavaThread "Sweeper thread" daemon [_thread_blocked, id=1040, stack(0x0000004954000000,0x0000004954100000)]
  0x0000022cc2d2d540 JavaThread "Notification Thread" daemon [_thread_blocked, id=10684, stack(0x0000004954100000,0x0000004954200000)]
  0x0000022cc2d33280 JavaThread "Common-Cleaner" daemon [_thread_blocked, id=1900, stack(0x0000004954300000,0x0000004954400000)]

Other Threads:
  0x0000022ca94aaf40 VMThread "VM Thread" [stack: 0x0000004953700000,0x0000004953800000] [id=12076]
  0x0000022cc232ecd0 WatcherThread [stack: 0x0000004954200000,0x0000004954300000] [id=7504]
  0x0000022ca93fffd0 GCTaskThread "GC Thread#0" [stack: 0x0000004953200000,0x0000004953300000] [id=6040]
  0x0000022ca9401630 ConcurrentGCThread "G1 Main Marker" [stack: 0x0000004953300000,0x0000004953400000] [id=1800]
  0x0000022ca9402f60 ConcurrentGCThread "G1 Conc#0" [stack: 0x0000004953400000,0x0000004953500000] [id=15600]
  0x0000022ca944e8c0 ConcurrentGCThread "G1 Refine#0" [stack: 0x0000004953500000,0x0000004953600000] [id=5376]
  0x0000022ca944f1f0 ConcurrentGCThread "G1 Service" [stack: 0x0000004953600000,0x0000004953700000] [id=6976]

Threads with active compile tasks:
C1 CompilerThread0    15455  649       3       java.nio.charset.CharsetEncoder::replaceWith (89 bytes)

VM state: not at safepoint (normal execution)

VM Mutex/Monitor currently owned by a thread:  ([mutex/lock_event])
[0x0000022ca93e1360] Metaspace_lock - owner thread: 0x0000022cc2229a00
[0x0000022ca93e1710] MethodData_lock - owner thread: 0x0000022cc2229a00

Heap address: 0x00000000fc000000, size: 64 MB, Compressed Oops mode: 32-bit

CDS archive(s) mapped at: [0x0000000800000000-0x0000000800bc0000-0x0000000800bc0000), size 12320768, SharedBaseAddress: 0x0000000800000000, ArchiveRelocationMode: 0.
Compressed class space mapped at: 0x0000000800c00000-0x0000000840c00000, reserved size: 1073741824
Narrow klass base: 0x0000000800000000, Narrow klass shift: 0, Narrow klass range: 0x100000000

GC Precious Log:
 CPUs: 4 total, 4 available
 Memory: 4001M
 Large Page Support: Disabled
 NUMA Support: Disabled
 Compressed Oops: Enabled (32-bit)
 Heap Region Size: 1M
 Heap Min Capacity: 64M
 Heap Initial Capacity: 64M
 Heap Max Capacity: 64M
 Pre-touch: Disabled
 Parallel Workers: 4
 Concurrent Workers: 1
 Concurrent Refinement Workers: 4
 Periodic GC: Disabled

Heap:
 garbage-first heap   total 65536K, used 8192K [0x00000000fc000000, 0x0000000100000000)
  region size 1024K, 9 young (9216K), 0 survivors (0K)
 Metaspace       used 3854K, committed 3968K, reserved 1056768K
  class space    used 390K, committed 448K, reserved 1048576K

Heap Regions: E=young(eden), S=young(survivor), O=old, HS=humongous(starts), HC=humongous(continues), CS=collection set, F=free, OA=open archive, CA=closed archive, TAMS=top-at-mark-start (previous, next)
|   0|0x00000000fc000000, 0x00000000fc000000, 0x00000000fc100000|  0%| F|  |TAMS 0x00000000fc000000, 0x00000000fc000000| Untracked 
|   1|0x00000000fc100000, 0x00000000fc100000, 0x00000000fc200000|  0%| F|  |TAMS 0x00000000fc100000, 0x00000000fc100000| Untracked 
|   2|0x00000000fc200000, 0x00000000fc200000, 0x00000000fc300000|  0%| F|  |TAMS 0x00000000fc200000, 0x00000000fc200000| Untracked 
|   3|0x00000000fc300000, 0x00000000fc300000, 0x00000000fc400000|  0%| F|  |TAMS 0x00000000fc300000, 0x00000000fc300000| Untracked 
|   4|0x00000000fc400000, 0x00000000fc400000, 0x00000000fc500000|  0%| F|  |TAMS 0x00000000fc400000, 0x00000000fc400000| Untracked 
|   5|0x00000000fc500000, 0x00000000fc500000, 0x00000000fc600000|  0%| F|  |TAMS 0x00000000fc500000, 0x00000000fc500000| Untracked 
|   6|0x00000000fc600000, 0x00000000fc600000, 0x00000000fc700000|  0%| F|  |TAMS 0x00000000fc600000, 0x00000000fc600000| Untracked 
|   7|0x00000000fc700000, 0x00000000fc700000, 0x00000000fc800000|  0%| F|  |TAMS 0x00000000fc700000, 0x00000000fc700000| Untracked 
|   8|0x00000000fc800000, 0x00000000fc800000, 0x00000000fc900000|  0%| F|  |TAMS 0x00000000fc800000, 0x00000000fc800000| Untracked 
|   9|0x00000000fc900000, 0x00000000fc900000, 0x00000000fca00000|  0%| F|  |TAMS 0x00000000fc900000, 0x00000000fc900000| Untracked 
|  10|0x00000000fca00000, 0x00000000fca00000, 0x00000000fcb00000|  0%| F|  |TAMS 0x00000000fca00000, 0x00000000fca00000| Untracked 
|  11|0x00000000fcb00000, 0x00000000fcb00000, 0x00000000fcc00000|  0%| F|  |TAMS 0x00000000fcb00000, 0x00000000fcb00000| Untracked 
|  12|0x00000000fcc00000, 0x00000000fcc00000, 0x00000000fcd00000|  0%| F|  |TAMS 0x00000000fcc00000, 0x00000000fcc00000| Untracked 
|  13|0x00000000fcd00000, 0x00000000fcd00000, 0x00000000fce00000|  0%| F|  |TAMS 0x00000000fcd00000, 0x00000000fcd00000| Untracked 
|  14|0x00000000fce00000, 0x00000000fce00000, 0x00000000fcf00000|  0%| F|  |TAMS 0x00000000fce00000, 0x00000000fce00000| Untracked 
|  15|0x00000000fcf00000, 0x00000000fcf00000, 0x00000000fd000000|  0%| F|  |TAMS 0x00000000fcf00000, 0x00000000fcf00000| Untracked 
|  16|0x00000000fd000000, 0x00000000fd000000, 0x00000000fd100000|  0%| F|  |TAMS 0x00000000fd000000, 0x00000000fd000000| Untracked 
|  17|0x00000000fd100000, 0x00000000fd100000, 0x00000000fd200000|  0%| F|  |TAMS 0x00000000fd100000, 0x00000000fd100000| Untracked 
|  18|0x00000000fd200000, 0x00000000fd200000, 0x00000000fd300000|  0%| F|  |TAMS 0x00000000fd200000, 0x00000000fd200000| Untracked 
|  19|0x00000000fd300000, 0x00000000fd300000, 0x00000000fd400000|  0%| F|  |TAMS 0x00000000fd300000, 0x00000000fd300000| Untracked 
|  20|0x00000000fd400000, 0x00000000fd400000, 0x00000000fd500000|  0%| F|  |TAMS 0x00000000fd400000, 0x00000000fd400000| Untracked 
|  21|0x00000000fd500000, 0x00000000fd500000, 0x00000000fd600000|  0%| F|  |TAMS 0x00000000fd500000, 0x00000000fd500000| Untracked 
|  22|0x00000000fd600000, 0x00000000fd600000, 0x00000000fd700000|  0%| F|  |TAMS 0x00000000fd600000, 0x00000000fd600000| Untracked 
|  23|0x00000000fd700000, 0x00000000fd700000, 0x00000000fd800000|  0%| F|  |TAMS 0x00000000fd700000, 0x00000000fd700000| Untracked 
|  24|0x00000000fd800000, 0x00000000fd800000, 0x00000000fd900000|  0%| F|  |TAMS 0x00000000fd800000, 0x00000000fd800000| Untracked 
|  25|0x00000000fd900000, 0x00000000fd900000, 0x00000000fda00000|  0%| F|  |TAMS 0x00000000fd900000, 0x00000000fd900000| Untracked 
|  26|0x00000000fda00000, 0x00000000fda00000, 0x00000000fdb00000|  0%| F|  |TAMS 0x00000000fda00000, 0x00000000fda00000| Untracked 
|  27|0x00000000fdb00000, 0x00000000fdb00000, 0x00000000fdc00000|  0%| F|  |TAMS 0x00000000fdb00000, 0x00000000fdb00000| Untracked 
|  28|0x00000000fdc00000, 0x00000000fdc00000, 0x00000000fdd00000|  0%| F|  |TAMS 0x00000000fdc00000, 0x00000000fdc00000| Untracked 
|  29|0x00000000fdd00000, 0x00000000fdd00000, 0x00000000fde00000|  0%| F|  |TAMS 0x00000000fdd00000, 0x00000000fdd00000| Untracked 
|  30|0x00000000fde00000, 0x00000000fde00000, 0x00000000fdf00000|  0%| F|  |TAMS 0x00000000fde00000, 0x00000000fde00000| Untracked 
|  31|0x00000000fdf00000, 0x00000000fdf00000, 0x00000000fe000000|  0%| F|  |TAMS 0x00000000fdf00000, 0x00000000fdf00000| Untracked 
|  32|0x00000000fe000000, 0x00000000fe000000, 0x00000000fe100000|  0%| F|  |TAMS 0x00000000fe000000, 0x00000000fe000000| Untracked 
|  33|0x00000000fe100000, 0x00000000fe100000, 0x00000000fe200000|  0%| F|  |TAMS 0x00000000fe100000, 0x00000000fe100000| Untracked 
|  34|0x00000000fe200000, 0x00000000fe200000, 0x00000000fe300000|  0%| F|  |TAMS 0x00000000fe200000, 0x00000000fe200000| Untracked 
|  35|0x00000000fe300000, 0x00000000fe300000, 0x00000000fe400000|  0%| F|  |TAMS 0x00000000fe300000, 0x00000000fe300000| Untracked 
|  36|0x00000000fe400000, 0x00000000fe400000, 0x00000000fe500000|  0%| F|  |TAMS 0x00000000fe400000, 0x00000000fe400000| Untracked 
|  37|0x00000000fe500000, 0x00000000fe500000, 0x00000000fe600000|  0%| F|  |TAMS 0x00000000fe500000, 0x00000000fe500000| Untracked 
|  38|0x00000000fe600000, 0x00000000fe600000, 0x00000000fe700000|  0%| F|  |TAMS 0x00000000fe600000, 0x00000000fe600000| Untracked 
|  39|0x00000000fe700000, 0x00000000fe700000, 0x00000000fe800000|  0%| F|  |TAMS 0x00000000fe700000, 0x00000000fe700000| Untracked 
|  40|0x00000000fe800000, 0x00000000fe800000, 0x00000000fe900000|  0%| F|  |TAMS 0x00000000fe800000, 0x00000000fe800000| Untracked 
|  41|0x00000000fe900000, 0x00000000fe900000, 0x00000000fea00000|  0%| F|  |TAMS 0x00000000fe900000, 0x00000000fe900000| Untracked 
|  42|0x00000000fea00000, 0x00000000fea00000, 0x00000000feb00000|  0%| F|  |TAMS 0x00000000fea00000, 0x00000000fea00000| Untracked 
|  43|0x00000000feb00000, 0x00000000feb00000, 0x00000000fec00000|  0%| F|  |TAMS 0x00000000feb00000, 0x00000000feb00000| Untracked 
|  44|0x00000000fec00000, 0x00000000fec00000, 0x00000000fed00000|  0%| F|  |TAMS 0x00000000fec00000, 0x00000000fec00000| Untracked 
|  45|0x00000000fed00000, 0x00000000fed00000, 0x00000000fee00000|  0%| F|  |TAMS 0x00000000fed00000, 0x00000000fed00000| Untracked 
|  46|0x00000000fee00000, 0x00000000fee00000, 0x00000000fef00000|  0%| F|  |TAMS 0x00000000fee00000, 0x00000000fee00000| Untracked 
|  47|0x00000000fef00000, 0x00000000fef00000, 0x00000000ff000000|  0%| F|  |TAMS 0x00000000fef00000, 0x00000000fef00000| Untracked 
|  48|0x00000000ff000000, 0x00000000ff000000, 0x00000000ff100000|  0%| F|  |TAMS 0x00000000ff000000, 0x00000000ff000000| Untracked 
|  49|0x00000000ff100000, 0x00000000ff100000, 0x00000000ff200000|  0%| F|  |TAMS 0x00000000ff100000, 0x00000000ff100000| Untracked 
|  50|0x00000000ff200000, 0x00000000ff200000, 0x00000000ff300000|  0%| F|  |TAMS 0x00000000ff200000, 0x00000000ff200000| Untracked 
|  51|0x00000000ff300000, 0x00000000ff300000, 0x00000000ff400000|  0%| F|  |TAMS 0x00000000ff300000, 0x00000000ff300000| Untracked 
|  52|0x00000000ff400000, 0x00000000ff400000, 0x00000000ff500000|  0%| F|  |TAMS 0x00000000ff400000, 0x00000000ff400000| Untracked 
|  53|0x00000000ff500000, 0x00000000ff500000, 0x00000000ff600000|  0%| F|  |TAMS 0x00000000ff500000, 0x00000000ff500000| Untracked 
|  54|0x00000000ff600000, 0x00000000ff600000, 0x00000000ff700000|  0%| F|  |TAMS 0x00000000ff600000, 0x00000000ff600000| Untracked 
|  55|0x00000000ff700000, 0x00000000ff7c8b18, 0x00000000ff800000| 78%| E|  |TAMS 0x00000000ff700000, 0x00000000ff700000| Complete 
|  56|0x00000000ff800000, 0x00000000ff900000, 0x00000000ff900000|100%| E|CS|TAMS 0x00000000ff800000, 0x00000000ff800000| Complete 
|  57|0x00000000ff900000, 0x00000000ffa00000, 0x00000000ffa00000|100%| E|CS|TAMS 0x00000000ff900000, 0x00000000ff900000| Complete 
|  58|0x00000000ffa00000, 0x00000000ffb00000, 0x00000000ffb00000|100%| E|CS|TAMS 0x00000000ffa00000, 0x00000000ffa00000| Complete 
|  59|0x00000000ffb00000, 0x00000000ffc00000, 0x00000000ffc00000|100%| E|CS|TAMS 0x00000000ffb00000, 0x00000000ffb00000| Complete 
|  60|0x00000000ffc00000, 0x00000000ffd00000, 0x00000000ffd00000|100%| E|CS|TAMS 0x00000000ffc00000, 0x00000000ffc00000| Complete 
|  61|0x00000000ffd00000, 0x00000000ffe00000, 0x00000000ffe00000|100%| E|CS|TAMS 0x00000000ffd00000, 0x00000000ffd00000| Complete 
|  62|0x00000000ffe00000, 0x00000000fff00000, 0x00000000fff00000|100%| E|CS|TAMS 0x00000000ffe00000, 0x00000000ffe00000| Complete 
|  63|0x00000000fff00000, 0x0000000100000000, 0x0000000100000000|100%| E|CS|TAMS 0x00000000fff00000, 0x00000000fff00000| Complete 

Card table byte_map: [0x0000022ca9230000,0x0000022ca9250000] _byte_map_base: 0x0000022ca8a50000

Marking Bits (Prev, Next): (CMBitMap*) 0x0000022ca94004f0, (CMBitMap*) 0x0000022ca9400530
 Prev Bits: [0x0000022ca9270000, 0x0000022ca9370000)
 Next Bits: [0x0000022cbfbf0000, 0x0000022cbfcf0000)

Polling page: 0x0000022ca8bc0000

Metaspace:

Usage:
  Non-class:      3.38 MB used.
      Class:    390.16 KB used.
       Both:      3.76 MB used.

Virtual space:
  Non-class space:        8.00 MB reserved,       3.44 MB ( 43%) committed,  1 nodes.
      Class space:        1.00 GB reserved,     448.00 KB ( <1%) committed,  1 nodes.
             Both:        1.01 GB reserved,       3.88 MB ( <1%) committed. 

Chunk freelists:
   Non-Class:  3.78 MB
       Class:  3.57 MB
        Both:  7.35 MB

MaxMetaspaceSize: unlimited
CompressedClassSpaceSize: 1.00 GB
Initial GC threshold: 21.00 MB
Current GC threshold: 21.00 MB
CDS: on
MetaspaceReclaimPolicy: balanced
 - commit_granule_bytes: 65536.
 - commit_granule_words: 8192.
 - virtual_space_node_default_size: 1048576.
 - enlarge_chunks_in_place: 1.
 - new_chunks_are_fully_committed: 0.
 - uncommit_free_chunks: 1.
 - use_allocation_guard: 0.
 - handle_deallocations: 1.


Internal statistics:

num_allocs_failed_limit: 0.
num_arena_births: 34.
num_arena_deaths: 0.
num_vsnodes_births: 2.
num_vsnodes_deaths: 0.
num_space_committed: 62.
num_space_uncommitted: 0.
num_chunks_returned_to_freelist: 0.
num_chunks_taken_from_freelist: 62.
num_chunk_merges: 0.
num_chunk_splits: 34.
num_chunks_enlarged: 18.
num_purges: 0.
num_inconsistent_stats: 0.

CodeHeap 'non-profiled nmethods': size=120000Kb used=199Kb max_used=199Kb free=119800Kb
 bounds [0x0000022cb86c0000, 0x0000022cb8930000, 0x0000022cbfbf0000]
CodeHeap 'profiled nmethods': size=120000Kb used=1035Kb max_used=1035Kb free=118964Kb
 bounds [0x0000022cb1190000, 0x0000022cb1400000, 0x0000022cb86c0000]
CodeHeap 'non-nmethods': size=5760Kb used=1138Kb max_used=1153Kb free=4621Kb
 bounds [0x0000022cb0bf0000, 0x0000022cb0e60000, 0x0000022cb1190000]
 total_blobs=1073 nmethods=647 adapters=339
 compilation: enabled
              stopped_count=0, restarted_count=0
 full_count=0

Compilation events (20 events):
Event: 14.745 Thread 0x0000022cc2229a00 nmethod 639 0x0000022cb1286c90 code [0x0000022cb1286e40, 0x0000022cb1287038]
Event: 14.745 Thread 0x0000022cc2229a00  640       3       java.lang.String::encode (48 bytes)
Event: 14.746 Thread 0x0000022cc2229a00 nmethod 640 0x0000022cb1287110 code [0x0000022cb1287300, 0x0000022cb1287658]
Event: 14.746 Thread 0x0000022cc2229a00  641   !   3       java.lang.String::encodeWithEncoder (322 bytes)
Event: 14.758 Thread 0x0000022cc2229a00 nmethod 641 0x0000022cb1287790 code [0x0000022cb1287ba0, 0x0000022cb1289a98]
Event: 14.766 Thread 0x0000022cc2229a00  642       3       sun.nio.fs.WindowsPath::<init> (26 bytes)
Event: 14.766 Thread 0x0000022cc2229a00 nmethod 642 0x0000022cb128a510 code [0x0000022cb128a6c0, 0x0000022cb128a998]
Event: 14.777 Thread 0x0000022cc2229a00  643       3       sun.nio.fs.WindowsPathParser::parse (384 bytes)
Event: 14.795 Thread 0x0000022cc2229a00 nmethod 643 0x0000022cb128aa90 code [0x0000022cb128b1a0, 0x0000022cb128ef48]
Event: 14.795 Thread 0x0000022cc2229a00  644       3       sun.nio.fs.WindowsPathParser::isLetter (30 bytes)
Event: 14.796 Thread 0x0000022cc2229a00 nmethod 644 0x0000022cb1290590 code [0x0000022cb1290720, 0x0000022cb1290918]
Event: 14.796 Thread 0x0000022cc2229a00  645       3       sun.nio.fs.WindowsPathParser$Result::<init> (20 bytes)
Event: 14.797 Thread 0x0000022cc2229a00 nmethod 645 0x0000022cb1290990 code [0x0000022cb1290b40, 0x0000022cb1290db8]
Event: 14.831 Thread 0x0000022cc2229a00  646       3       sun.nio.fs.WindowsPath::getFileName (87 bytes)
Event: 14.837 Thread 0x0000022cc2229a00 nmethod 646 0x0000022cb1290e90 code [0x0000022cb1291140, 0x0000022cb1291fc8]
Event: 14.837 Thread 0x0000022cc2229a00  647       3       sun.nio.fs.WindowsFileAttributes::isReparsePoint (14 bytes)
Event: 14.837 Thread 0x0000022cc2229a00 nmethod 647 0x0000022cb1292510 code [0x0000022cb12926a0, 0x0000022cb12927f8]
Event: 14.838 Thread 0x0000022cc2229a00  648       3       sun.nio.fs.WindowsFileAttributes::<init> (57 bytes)
Event: 14.838 Thread 0x0000022cc2229a00 nmethod 648 0x0000022cb1292890 code [0x0000022cb1292a20, 0x0000022cb1292bb8]
Event: 14.849 Thread 0x0000022cc2229a00  649       3       java.nio.charset.CharsetEncoder::replaceWith (89 bytes)

GC Heap History (0 events):
No events

Deoptimization events (4 events):
Event: 12.646 Thread 0x0000022ca93e4140 DEOPT PACKING pc=0x0000022cb12453be sp=0x00000049531fc770
Event: 12.646 Thread 0x0000022ca93e4140 DEOPT UNPACKING pc=0x0000022cb0c42b43 sp=0x00000049531fbbf0 mode 0
Event: 12.660 Thread 0x0000022ca93e4140 DEOPT PACKING pc=0x0000022cb12453be sp=0x00000049531fc7a0
Event: 12.660 Thread 0x0000022ca93e4140 DEOPT UNPACKING pc=0x0000022cb0c42b43 sp=0x00000049531fbc20 mode 0

Classes unloaded (0 events):
No events

Classes redefined (0 events):
No events

Internal exceptions (8 events):
Event: 9.738 Thread 0x0000022ca93e4140 Exception <a 'sun/nio/fs/WindowsException'{0x00000000ffdda800}> (0x00000000ffdda800) 
thrown [t:\workspace\open\src\hotspot\share\prims\jni.cpp, line 516]
Event: 9.917 Thread 0x0000022ca93e4140 Exception <a 'java/lang/NoSuchMethodError'{0x00000000ffc03f78}: 'int java.lang.invoke.DirectMethodHandle$Holder.invokeStaticInit(java.lang.Object, java.lang.Object, java.lang.Object, java.lang.Object)'> (0x00000000ffc03f78) 
thrown [t:\workspace\open\src\hotspot\share\interpreter\linkResolver.cpp, line 766]
Event: 10.081 Thread 0x0000022ca93e4140 Exception <a 'java/lang/NoSuchMethodError'{0x00000000ffc0dcd0}: 'java.lang.Object java.lang.invoke.DirectMethodHandle$Holder.invokeInterface(java.lang.Object, java.lang.Object)'> (0x00000000ffc0dcd0) 
thrown [t:\workspace\open\src\hotspot\share\interpreter\linkResolver.cpp, line 766]
Event: 10.083 Thread 0x0000022ca93e4140 Exception <a 'java/lang/IncompatibleClassChangeError'{0x00000000ffc115f0}: Found class java.lang.Object, but interface was expected> (0x00000000ffc115f0) 
thrown [t:\workspace\open\src\hotspot\share\interpreter\linkResolver.cpp, line 833]
Event: 10.090 Thread 0x0000022ca93e4140 Exception <a 'java/lang/NoSuchMethodError'{0x00000000ffc148e0}: 'void java.lang.invoke.DirectMethodHandle$Holder.invokeStatic(java.lang.Object, java.lang.Object)'> (0x00000000ffc148e0) 
thrown [t:\workspace\open\src\hotspot\share\interpreter\linkResolver.cpp, line 766]
Event: 10.093 Thread 0x0000022ca93e4140 Exception <a 'java/lang/NoSuchMethodError'{0x00000000ffc181f8}: 'void java.lang.invoke.DirectMethodHandle$Holder.invokeStaticInit(java.lang.Object, java.lang.Object)'> (0x00000000ffc181f8) 
thrown [t:\workspace\open\src\hotspot\share\interpreter\linkResolver.cpp, line 766]
Event: 10.101 Thread 0x0000022ca93e4140 Exception <a 'java/lang/NoSuchMethodError'{0x00000000ffc1e8e8}: 'int java.lang.invoke.DirectMethodHandle$Holder.invokeStaticInit(java.lang.Object, java.lang.Object)'> (0x00000000ffc1e8e8) 
thrown [t:\workspace\open\src\hotspot\share\interpreter\linkResolver.cpp, line 766]
Event: 13.079 Thread 0x0000022ca93e4140 Exception <a 'java/lang/NoSuchMethodError'{0x00000000ff74c688}: 'java.lang.Object java.lang.invoke.DirectMethodHandle$Holder.invokeStaticInit(java.lang.Object, int, int, int, int)'> (0x00000000ff74c688) 
thrown [t:\workspace\open\src\hotspot\share\interpreter\linkResolver.cpp, line 766]

VM Operations (18 events):
Event: 5.500 Executing VM operation: Cleanup
Event: 5.500 Executing VM operation: Cleanup done
Event: 6.513 Executing VM operation: Cleanup
Event: 6.513 Executing VM operation: Cleanup done
Event: 6.758 Executing VM operation: HandshakeAllThreads
Event: 6.758 Executing VM operation: HandshakeAllThreads done
Event: 7.761 Executing VM operation: Cleanup
Event: 7.778 Executing VM operation: Cleanup done
Event: 9.787 Executing VM operation: Cleanup
Event: 9.787 Executing VM operation: Cleanup done
Event: 10.800 Executing VM operation: Cleanup
Event: 10.800 Executing VM operation: Cleanup done
Event: 11.812 Executing VM operation: Cleanup
Event: 11.939 Executing VM operation: Cleanup done
Event: 12.944 Executing VM operation: Cleanup
Event: 13.012 Executing VM operation: Cleanup done
Event: 13.508 Executing VM operation: HandshakeAllThreads
Event: 13.509 Executing VM operation: HandshakeAllThreads done

Events (20 events):
Event: 13.069 loading class sun/security/provider/AbstractHashDrbg done
Event: 13.069 loading class sun/security/provider/HashDrbg done
Event: 13.070 loading class sun/security/provider/EntropySource
Event: 13.070 loading class sun/security/provider/EntropySource done
Event: 13.084 loading class java/security/DrbgParameters$NextBytes
Event: 13.084 loading class java/security/DrbgParameters$NextBytes done
Event: 13.084 loading class sun/security/provider/AbstractDrbg$SeederHolder
Event: 13.091 loading class sun/security/provider/AbstractDrbg$SeederHolder done
Event: 13.092 loading class sun/security/provider/SeedGenerator
Event: 13.093 loading class sun/security/provider/SeedGenerator done
Event: 13.093 loading class sun/security/provider/NativeSeedGenerator
Event: 13.093 loading class sun/security/provider/NativeSeedGenerator done
Event: 13.400 loading class sun/security/provider/SeedGenerator$1
Event: 13.401 loading class sun/security/provider/SeedGenerator$1 done
Event: 13.409 loading class sun/security/provider/ByteArrayAccess$BE
Event: 13.409 loading class sun/security/provider/ByteArrayAccess$BE done
Event: 14.120 loading class java/net/NetworkInterface$1
Event: 14.127 loading class java/net/NetworkInterface$1 done
Event: 14.470 loading class java/nio/file/Files$AcceptAllFilter
Event: 14.471 loading class java/nio/file/Files$AcceptAllFilter done


Dynamic libraries:
0x00007ff654610000 - 0x00007ff654620000 	C:\Program Files\Java\jdk-17.0.1\bin\java.exe
0x00007ffc33290000 - 0x00007ffc33485000 	C:\WINDOWS\SYSTEM32\ntdll.dll
0x00007ffc31840000 - 0x00007ffc318fe000 	C:\WINDOWS\System32\KERNEL32.DLL
0x00007ffc30a00000 - 0x00007ffc30cc8000 	C:\WINDOWS\System32\KERNELBASE.dll
0x00007ffc310b0000 - 0x00007ffc311b0000 	C:\WINDOWS\System32\ucrtbase.dll
0x00007ffc19d10000 - 0x00007ffc19d28000 	C:\Program Files\Java\jdk-17.0.1\bin\jli.dll
0x00007ffc315e0000 - 0x00007ffc3168e000 	C:\WINDOWS\System32\ADVAPI32.dll
0x00007ffc32920000 - 0x00007ffc329be000 	C:\WINDOWS\System32\msvcrt.dll
0x00007ffc32450000 - 0x00007ffc324ec000 	C:\WINDOWS\System32\sechost.dll
0x00007ffc31690000 - 0x00007ffc317b5000 	C:\WINDOWS\System32\RPCRT4.dll
0x00007ffc32c20000 - 0x00007ffc32dc0000 	C:\WINDOWS\System32\USER32.dll
0x00007ffc31220000 - 0x00007ffc31242000 	C:\WINDOWS\System32\win32u.dll
0x00007ffc32bb0000 - 0x00007ffc32bdb000 	C:\WINDOWS\System32\GDI32.dll
0x00007ffc30db0000 - 0x00007ffc30ebb000 	C:\WINDOWS\System32\gdi32full.dll
0x00007ffc21fe0000 - 0x00007ffc2227a000 	C:\WINDOWS\WinSxS\amd64_microsoft.windows.common-controls_6595b64144ccf1df_6.0.19041.1110_none_60b5254171f9507e\COMCTL32.dll
0x00007ffc31250000 - 0x00007ffc312ed000 	C:\WINDOWS\System32\msvcp_win.dll
0x00007ffc15490000 - 0x00007ffc154aa000 	C:\Program Files\Java\jdk-17.0.1\bin\VCRUNTIME140.dll
0x00007ffc208f0000 - 0x00007ffc208fa000 	C:\WINDOWS\SYSTEM32\VERSION.dll
0x00007ffc32bf0000 - 0x00007ffc32c20000 	C:\WINDOWS\System32\IMM32.DLL
0x00007ffc21a80000 - 0x00007ffc21a8c000 	C:\Program Files\Java\jdk-17.0.1\bin\vcruntime140_1.dll
0x00007ffc02730000 - 0x00007ffc027bd000 	C:\Program Files\Java\jdk-17.0.1\bin\msvcp140.dll
0x00007ffbe4b80000 - 0x00007ffbe573e000 	C:\Program Files\Java\jdk-17.0.1\bin\server\jvm.dll
0x00007ffc32440000 - 0x00007ffc32448000 	C:\WINDOWS\System32\PSAPI.DLL
0x00007ffc21290000 - 0x00007ffc21299000 	C:\WINDOWS\SYSTEM32\WSOCK32.dll
0x00007ffc32550000 - 0x00007ffc325bb000 	C:\WINDOWS\System32\WS2_32.dll
0x00007ffc22290000 - 0x00007ffc222b7000 	C:\WINDOWS\SYSTEM32\WINMM.dll
0x00007ffc2e8c0000 - 0x00007ffc2e8d2000 	C:\WINDOWS\SYSTEM32\kernel.appcore.dll
0x00007ffc1caf0000 - 0x00007ffc1cafa000 	C:\Program Files\Java\jdk-17.0.1\bin\jimage.dll
0x00007ffc1e760000 - 0x00007ffc1e944000 	C:\WINDOWS\SYSTEM32\DBGHELP.DLL
0x00007ffc1e5d0000 - 0x00007ffc1e5fc000 	C:\WINDOWS\SYSTEM32\dbgcore.DLL
0x00007ffc31020000 - 0x00007ffc310a2000 	C:\WINDOWS\System32\bcryptPrimitives.dll
0x00007ffc10660000 - 0x00007ffc10685000 	C:\Program Files\Java\jdk-17.0.1\bin\java.dll
0x00007ffc02530000 - 0x00007ffc02606000 	C:\Program Files\Java\jdk-17.0.1\bin\svml.dll
0x00007ffc31910000 - 0x00007ffc32054000 	C:\WINDOWS\System32\SHELL32.dll
0x00007ffc2eac0000 - 0x00007ffc2f254000 	C:\WINDOWS\SYSTEM32\windows.storage.dll
0x00007ffc325c0000 - 0x00007ffc32914000 	C:\WINDOWS\System32\combase.dll
0x00007ffc30410000 - 0x00007ffc3043c000 	C:\WINDOWS\SYSTEM32\Wldp.dll
0x00007ffc329c0000 - 0x00007ffc32a6d000 	C:\WINDOWS\System32\SHCORE.dll
0x00007ffc320c0000 - 0x00007ffc32115000 	C:\WINDOWS\System32\shlwapi.dll
0x00007ffc308f0000 - 0x00007ffc3090f000 	C:\WINDOWS\SYSTEM32\profapi.dll
0x00007ffc14a10000 - 0x00007ffc14a29000 	C:\Program Files\Java\jdk-17.0.1\bin\net.dll
0x00007ffc21830000 - 0x00007ffc21939000 	C:\WINDOWS\SYSTEM32\WINHTTP.dll
0x00007ffc30170000 - 0x00007ffc301da000 	C:\WINDOWS\system32\mswsock.dll
0x00007ffc14530000 - 0x00007ffc14545000 	C:\Program Files\Java\jdk-17.0.1\bin\nio.dll
0x00007ffc12e50000 - 0x00007ffc12e68000 	C:\Program Files\Java\jdk-17.0.1\bin\zip.dll
0x00007ffc30360000 - 0x00007ffc30378000 	C:\WINDOWS\SYSTEM32\CRYPTSP.dll
0x00007ffc2fa80000 - 0x00007ffc2fab4000 	C:\WINDOWS\system32\rsaenh.dll
0x00007ffc30cd0000 - 0x00007ffc30cf7000 	C:\WINDOWS\System32\bcrypt.dll
0x00007ffc30870000 - 0x00007ffc3089e000 	C:\WINDOWS\SYSTEM32\USERENV.dll
0x00007ffc30380000 - 0x00007ffc3038c000 	C:\WINDOWS\SYSTEM32\CRYPTBASE.dll
0x00007ffc2fe10000 - 0x00007ffc2fe4b000 	C:\WINDOWS\SYSTEM32\IPHLPAPI.DLL
0x00007ffc32be0000 - 0x00007ffc32be8000 	C:\WINDOWS\System32\NSI.dll
0x00007ffc256b0000 - 0x00007ffc256c7000 	C:\WINDOWS\SYSTEM32\dhcpcsvc6.DLL
0x00007ffc27dd0000 - 0x00007ffc27ded000 	C:\WINDOWS\SYSTEM32\dhcpcsvc.DLL
0x00007ffc2fe60000 - 0x00007ffc2ff2a000 	C:\WINDOWS\SYSTEM32\DNSAPI.dll

dbghelp: loaded successfully - version: 4.0.5 - missing functions: none
symbol engine: initialized successfully - sym options: 0x614 - pdb path: .;C:\Program Files\Java\jdk-17.0.1\bin;C:\WINDOWS\SYSTEM32;C:\WINDOWS\WinSxS\amd64_microsoft.windows.common-controls_6595b64144ccf1df_6.0.19041.1110_none_60b5254171f9507e;C:\Program Files\Java\jdk-17.0.1\bin\server

VM Arguments:
jvm_args: -Xmx64m -Xms64m -Dorg.gradle.appname=gradlew 
java_command: org.gradle.wrapper.GradleWrapperMain app:installDebug -PreactNativeDevServerPort=8081
java_class_path (initial): F:\React\incognito\android\\gradle\wrapper\gradle-wrapper.jar
Launcher Type: SUN_STANDARD

[Global flags]
     intx CICompilerCount                          = 3                                         {product} {ergonomic}
     uint ConcGCThreads                            = 1                                         {product} {ergonomic}
     uint G1ConcRefinementThreads                  = 4                                         {product} {ergonomic}
   size_t G1HeapRegionSize                         = 1048576                                   {product} {ergonomic}
    uintx GCDrainStackTargetSize                   = 64                                        {product} {ergonomic}
   size_t InitialHeapSize                          = 67108864                                  {product} {command line}
   size_t MarkStackSize                            = 4194304                                   {product} {ergonomic}
   size_t MaxHeapSize                              = 67108864                                  {product} {command line}
   size_t MaxNewSize                               = 39845888                                  {product} {ergonomic}
   size_t MinHeapDeltaBytes                        = 1048576                                   {product} {ergonomic}
   size_t MinHeapSize                              = 67108864                                  {product} {command line}
    uintx NonNMethodCodeHeapSize                   = 5832780                                {pd product} {ergonomic}
    uintx NonProfiledCodeHeapSize                  = 122912730                              {pd product} {ergonomic}
    uintx ProfiledCodeHeapSize                     = 122912730                              {pd product} {ergonomic}
    uintx ReservedCodeCacheSize                    = 251658240                              {pd product} {ergonomic}
     bool SegmentedCodeCache                       = true                                      {product} {ergonomic}
   size_t SoftMaxHeapSize                          = 67108864                               {manageable} {ergonomic}
     bool UseCompressedClassPointers               = true                           {product lp64_product} {ergonomic}
     bool UseCompressedOops                        = true                           {product lp64_product} {ergonomic}
     bool UseG1GC                                  = true                                      {product} {ergonomic}
     bool UseLargePagesIndividualAllocation        = false                                  {pd product} {ergonomic}

Logging:
Log output configuration:
 #0: stdout all=warning uptime,level,tags
 #1: stderr all=off uptime,level,tags

Environment Variables:
JAVA_HOME=C:\Program Files\Java\jdk-17.0.1
CLASSPATH=F:\React\incognito\android\\gradle\wrapper\gradle-wrapper.jar
PATH=F:\React\incognito\android\node_modules\.bin;F:\React\incognito\node_modules\.bin;F:\React\node_modules\.bin;F:\node_modules\.bin;C:\Program Files\nodejs;F:\React\incognito\node_modules\.bin;F:\React\node_modules\.bin;F:\node_modules\.bin;C:\Program Files\nodejs\node_modules\npm\node_modules\@npmcli\run-script\lib\node-gyp-bin;C:\Python310\Scripts\;C:\Python310\;C:\Program Files\Common Files\Oracle\Java\javapath;C:\WINDOWS\system32;C:\WINDOWS;C:\WINDOWS\System32\Wbem;C:\WINDOWS\System32\WindowsPowerShell\v1.0\;C:\WINDOWS\System32\OpenSSH\;C:\Program Files\Java\jdk-17.0.1;C:\Program Files\Git\cmd;C:\ProgramData\chocolatey\bin;C:\Users\Reneuit\AppData\Local\Android\Sdk;C:\Users\Reneuit\AppData\Local\Android\Sdk\platform-tools;C:\Users\Reneuit\AppData\Local\Android\Sdk\emulator;C:\Users\Reneuit\AppData\Roaming\npm;C:\Program Files\OpenJDK\openjdk-8u312-b07\bin;C:\Program Files\Java\jdk-17.0.1\bin;C:\Program Files\nodejs\;C:\Users\Reneuit\AppData\Local\Microsoft\WindowsApps;C:\Users\Reneuit\AppData\Roaming\npm;C:\Users\Reneuit\AppData\Local\Programs\Microsoft VS Code\bin;;F:\React\incognito\node_modules\.bin
USERNAME=Reneuit
LANG=en_US.UTF-8
OS=Windows_NT
PROCESSOR_IDENTIFIER=Intel64 Family 6 Model 69 Stepping 1, GenuineIntel



---------------  S Y S T E M  ---------------

OS:
 Windows 10 , 64 bit Build 19041 (10.0.19041.1566)
OS uptime: 17 days 23:59 hours

CPU: total 4 (initial active 4) (2 cores per cpu, 2 threads per core) family 6 model 69 stepping 1 microcode 0x25, cx8, cmov, fxsr, ht, mmx, sse, sse2, sse3, ssse3, sse4.1, sse4.2, popcnt, lzcnt, tsc, tscinvbit, avx, avx2, aes, erms, clmul, bmi1, bmi2, fma, vzeroupper, clflush

Memory: 4k page, system-wide physical 4001M (75M free)
TotalPageFile size 12789M (AvailPageFile size 2M)
current process WorkingSet (physical memory assigned to process): 40M, peak: 43M
current process commit charge ("private bytes"): 140M, peak: 141M

vm_info: Java HotSpot(TM) 64-Bit Server VM (17.0.1+12-LTS-39) for windows-amd64 JRE (17.0.1+12-LTS-39), built on Sep 27 2021 18:41:35 by "mach5one" with MS VC++ 16.8 (VS2019)

END.
