#
# There is insufficient memory for the Java Runtime Environment to continue.
# Native memory allocation (malloc) failed to allocate 2436336 bytes for Chunk::new
# Possible reasons:
#   The system is out of physical RAM or swap space
#   The process is running with CompressedOops enabled, and the Java Heap may be blocking the growth of the native heap
# Possible solutions:
#   Reduce memory load on the system
#   Increase physical memory or swap space
#   Check if swap backing store is full
#   Decrease Java heap size (-Xmx/-Xms)
#   Decrease number of Java threads
#   Decrease Java thread stack sizes (-Xss)
#   Set larger code cache with -XX:ReservedCodeCacheSize=
#   JVM is running with Unscaled Compressed Oops mode in which the Java heap is
#     placed in the first 4GB address space. The Java Heap base address is the
#     maximum limit for the native heap growth. Please use -XX:HeapBaseMinAddress
#     to set the Java Heap base and to place the Java Heap above 4GB virtual address.
# This output file may be truncated or incomplete.
#
#  Out of Memory Error (./src/hotspot/share/memory/arena.cpp:197), pid=2444, tid=1948
#
# JRE version: OpenJDK Runtime Environment (11.0.10) (build 11.0.10+0-b96-7249189)
# Java VM: OpenJDK 64-Bit Server VM (11.0.10+0-b96-7249189, mixed mode, tiered, compressed oops, g1 gc, windows-amd64)
# No core dump will be written. Minidumps are not enabled by default on client versions of Windows
#

---------------  S U M M A R Y ------------

Command Line: --add-opens=java.base/java.util=ALL-UNNAMED --add-opens=java.base/java.lang=ALL-UNNAMED --add-opens=java.base/java.lang.invoke=ALL-UNNAMED --add-opens=java.base/java.util=ALL-UNNAMED --add-opens=java.prefs/java.util.prefs=ALL-UNNAMED --add-opens=java.prefs/java.util.prefs=ALL-UNNAMED --add-opens=java.base/java.nio.charset=ALL-UNNAMED --add-opens=java.base/java.net=ALL-UNNAMED --add-opens=java.base/java.util.concurrent.atomic=ALL-UNNAMED -XX:MaxMetaspaceSize=256m -XX:+HeapDumpOnOutOfMemoryError -Xms256m -Xmx512m -Dfile.encoding=windows-1252 -Duser.country=IN -Duser.language=en -Duser.variant org.gradle.launcher.daemon.bootstrap.GradleDaemon 7.2

Host: Intel(R) Core(TM) i5-4310U CPU @ 2.00GHz, 4 cores, 3G,  Windows 10 , 64 bit Build 19041 (10.0.19041.1566)
Time: Mon Mar 14 15:59:16 2022 India Standard Time elapsed time: 897.200225 seconds (0d 0h 14m 57s)

---------------  T H R E A D  ---------------

Current thread (0x000001ce25ec6800):  JavaThread "C2 CompilerThread0" daemon [_thread_in_native, id=1948, stack(0x0000004029d00000,0x0000004029e00000)]


Current CompileTask:
C2: 897275 25683       4       com.android.tools.r8.code.x1::a (4137 bytes)

Stack: [0x0000004029d00000,0x0000004029e00000]
Native frames: (J=compiled Java code, j=interpreted, Vv=VM code, C=native code)
V  [jvm.dll+0x5ecfaa]
V  [jvm.dll+0x722bd5]
V  [jvm.dll+0x72412d]
V  [jvm.dll+0x7247e3]
V  [jvm.dll+0x242928]
V  [jvm.dll+0xbc4fc]
V  [jvm.dll+0xbca0c]
V  [jvm.dll+0x352d7d]
V  [jvm.dll+0x320ad3]
V  [jvm.dll+0x31ffca]
V  [jvm.dll+0x1fb602]
V  [jvm.dll+0x1fa7f4]
V  [jvm.dll+0x18354c]
V  [jvm.dll+0x208ee7]
V  [jvm.dll+0x207731]
V  [jvm.dll+0x6eb1cf]
V  [jvm.dll+0x6e3d45]
V  [jvm.dll+0x5ebe96]
C  [ucrtbase.dll+0x21bb2]
C  [KERNEL32.DLL+0x17034]
C  [ntdll.dll+0x52651]


---------------  P R O C E S S  ---------------

Threads class SMR info:
_java_thread_list=0x000001ce2f1a8ca0, length=103, elements={
0x000001ce0dc6c800, 0x000001ce25ea0000, 0x000001ce25ea9800, 0x000001ce26824000,
0x000001ce26826000, 0x000001ce26827000, 0x000001ce25ec6800, 0x000001ce25eca000,
0x000001ce25ecd000, 0x000001ce2697a000, 0x000001ce27d30800, 0x000001ce2831e000,
0x000001ce27c03800, 0x000001ce282be000, 0x000001ce2828a800, 0x000001ce281c4800,
0x000001ce282fa000, 0x000001ce282fa800, 0x000001ce28365000, 0x000001ce28360000,
0x000001ce28363800, 0x000001ce28361800, 0x000001ce28362800, 0x000001ce28364000,
0x000001ce2835f000, 0x000001ce28365800, 0x000001ce28361000, 0x000001ce2ab04000,
0x000001ce2ab00000, 0x000001ce2ab01800, 0x000001ce2ab02000, 0x000001ce2ab03000,
0x000001ce2ab04800, 0x000001ce2ab05800, 0x000001ce2ab07000, 0x000001ce2ab09800,
0x000001ce2ab09000, 0x000001ce2ab0a800, 0x000001ce2ab0b000, 0x000001ce2ab06800,
0x000001ce2ab0d000, 0x000001ce2ab0c000, 0x000001ce2ab08000, 0x000001ce29606000,
0x000001ce29609800, 0x000001ce29607800, 0x000001ce29608800, 0x000001ce2960b000,
0x000001ce2960a000, 0x000001ce29605000, 0x000001ce2960c000, 0x000001ce29607000,
0x000001ce29610800, 0x000001ce29611800, 0x000001ce29610000, 0x000001ce29612800,
0x000001ce2960c800, 0x000001ce29613000, 0x000001ce2960d800, 0x000001ce2960e000,
0x000001ce29614000, 0x000001ce2960f000, 0x000001ce2b283000, 0x000001ce2b285800,
0x000001ce2b287000, 0x000001ce2b282000, 0x000001ce2b288000, 0x000001ce2b289800,
0x000001ce2b288800, 0x000001ce2b284000, 0x000001ce2b28a800, 0x000001ce2b284800,
0x000001ce2b28b000, 0x000001ce2b28c000, 0x000001ce2b286000, 0x000001ce2b28e800,
0x000001ce2b28c800, 0x000001ce2b290000, 0x000001ce28ee9800, 0x000001ce28ef0000,
0x000001ce28eec800, 0x000001ce28eed800, 0x000001ce28eea000, 0x000001ce28eee000,
0x000001ce28ef4000, 0x000001ce28ef7000, 0x000001ce28ef3000, 0x000001ce28ef8000,
0x000001ce28ef2800, 0x000001ce334c5800, 0x000001ce334c4000, 0x000001ce334c5000,
0x000001ce334c7800, 0x000001ce334c3000, 0x000001ce334c0800, 0x000001ce334c8000,
0x000001ce334c1800, 0x000001ce334cc000, 0x000001ce334ce000, 0x000001ce334c9800,
0x000001ce334ca800, 0x000001ce334cd000, 0x000001ce334ce800
}

Java Threads: ( => current thread )
  0x000001ce0dc6c800 JavaThread "main" [_thread_blocked, id=2780, stack(0x0000004029100000,0x0000004029200000)]
  0x000001ce25ea0000 JavaThread "Reference Handler" daemon [_thread_blocked, id=9712, stack(0x0000004029800000,0x0000004029900000)]
  0x000001ce25ea9800 JavaThread "Finalizer" daemon [_thread_blocked, id=10500, stack(0x0000004029900000,0x0000004029a00000)]
  0x000001ce26824000 JavaThread "Signal Dispatcher" daemon [_thread_blocked, id=9768, stack(0x0000004029a00000,0x0000004029b00000)]
  0x000001ce26826000 JavaThread "Attach Listener" daemon [_thread_blocked, id=11588, stack(0x0000004029b00000,0x0000004029c00000)]
  0x000001ce26827000 JavaThread "Service Thread" daemon [_thread_blocked, id=2592, stack(0x0000004029c00000,0x0000004029d00000)]
=>0x000001ce25ec6800 JavaThread "C2 CompilerThread0" daemon [_thread_in_native, id=1948, stack(0x0000004029d00000,0x0000004029e00000)]
  0x000001ce25eca000 JavaThread "C1 CompilerThread0" daemon [_thread_blocked, id=3340, stack(0x0000004029e00000,0x0000004029f00000)]
  0x000001ce25ecd000 JavaThread "Sweeper thread" daemon [_thread_blocked, id=7932, stack(0x0000004029f00000,0x000000402a000000)]
  0x000001ce2697a000 JavaThread "Common-Cleaner" daemon [_thread_blocked, id=12404, stack(0x000000402a000000,0x000000402a100000)]
  0x000001ce27d30800 JavaThread "Daemon health stats" [_thread_blocked, id=8052, stack(0x000000402a500000,0x000000402a600000)]
  0x000001ce2831e000 JavaThread "Incoming local TCP Connector on port 60894" [_thread_in_native, id=1356, stack(0x000000402a600000,0x000000402a700000)]
  0x000001ce27c03800 JavaThread "Daemon periodic checks" [_thread_blocked, id=3048, stack(0x000000402a700000,0x000000402a800000)]
  0x000001ce282be000 JavaThread "Daemon" [_thread_blocked, id=4364, stack(0x000000402a800000,0x000000402a900000)]
  0x000001ce2828a800 JavaThread "Handler for socket connection from /127.0.0.1:60894 to /127.0.0.1:60895" [_thread_in_native, id=9356, stack(0x000000402a900000,0x000000402aa00000)]
  0x000001ce281c4800 JavaThread "Cancel handler" [_thread_blocked, id=10676, stack(0x000000402aa00000,0x000000402ab00000)]
  0x000001ce282fa000 JavaThread "Daemon worker" [_thread_blocked, id=10460, stack(0x000000402ab00000,0x000000402ac00000)]
  0x000001ce282fa800 JavaThread "Asynchronous log dispatcher for DefaultDaemonConnection: socket connection from /127.0.0.1:60894 to /127.0.0.1:60895" [_thread_blocked, id=284, stack(0x000000402ac00000,0x000000402ad00000)]
  0x000001ce28365000 JavaThread "Daemon client event forwarder" [_thread_blocked, id=5336, stack(0x000000402ae00000,0x000000402af00000)]
  0x000001ce28360000 JavaThread "Cache worker for journal cache (C:\Users\Reneuit\.gradle\caches\journal-1)" [_thread_blocked, id=944, stack(0x000000402af00000,0x000000402b000000)]
  0x000001ce28363800 JavaThread "File lock request listener" [_thread_in_native, id=3888, stack(0x000000402b000000,0x000000402b100000)]
  0x000001ce28361800 JavaThread "Cache worker for file hash cache (C:\Users\Reneuit\.gradle\caches\7.2\fileHashes)" [_thread_blocked, id=7044, stack(0x000000402b100000,0x000000402b200000)]
  0x000001ce28362800 JavaThread "Cache worker for file hash cache (F:\React\incognito\android\.gradle\7.2\fileHashes)" [_thread_blocked, id=3652, stack(0x000000402b200000,0x000000402b300000)]
  0x000001ce28364000 JavaThread "File watcher server" daemon [_thread_blocked, id=7076, stack(0x000000402b300000,0x000000402b400000)]
  0x000001ce2835f000 JavaThread "File watcher consumer" daemon [_thread_blocked, id=11068, stack(0x000000402b400000,0x000000402b500000)]
  0x000001ce28365800 JavaThread "Cache worker for checksums cache (F:\React\incognito\android\.gradle\checksums)" [_thread_blocked, id=3752, stack(0x000000402b500000,0x000000402b600000)]
  0x000001ce28361000 JavaThread "Cache worker for cache directory md-supplier (C:\Users\Reneuit\.gradle\caches\7.2\md-supplier)" [_thread_blocked, id=8372, stack(0x000000402b600000,0x000000402b700000)]
  0x000001ce2ab04000 JavaThread "Cache worker for cache directory md-rule (C:\Users\Reneuit\.gradle\caches\7.2\md-rule)" [_thread_blocked, id=7436, stack(0x000000402b700000,0x000000402b800000)]
  0x000001ce2ab00000 JavaThread "Cache worker for execution history cache (C:\Users\Reneuit\.gradle\caches\7.2\executionHistory)" [_thread_blocked, id=6636, stack(0x000000402b800000,0x000000402b900000)]
  0x000001ce2ab01800 JavaThread "jar transforms" [_thread_blocked, id=7100, stack(0x000000402b900000,0x000000402ba00000)]
  0x000001ce2ab02000 JavaThread "jar transforms Thread 2" [_thread_blocked, id=316, stack(0x000000402ba00000,0x000000402bb00000)]
  0x000001ce2ab03000 JavaThread "Cache worker for file content cache (C:\Users\Reneuit\.gradle\caches\7.2\fileContent)" [_thread_blocked, id=972, stack(0x000000402bb00000,0x000000402bc00000)]
  0x000001ce2ab04800 JavaThread "jar transforms Thread 3" [_thread_blocked, id=10640, stack(0x000000402bc00000,0x000000402bd00000)]
  0x000001ce2ab05800 JavaThread "jar transforms Thread 4" [_thread_blocked, id=10104, stack(0x000000402bd00000,0x000000402be00000)]
  0x000001ce2ab07000 JavaThread "Cache worker for dependencies-accessors (F:\React\incognito\android\.gradle\7.2\dependencies-accessors)" [_thread_blocked, id=10920, stack(0x000000402c000000,0x000000402c100000)]
  0x000001ce2ab09800 JavaThread "Cache worker for Build Output Cleanup Cache (F:\React\incognito\android\.gradle\buildOutputCleanup)" [_thread_blocked, id=4656, stack(0x000000402c100000,0x000000402c200000)]
  0x000001ce2ab09000 JavaThread "Unconstrained build operations" [_thread_blocked, id=3404, stack(0x000000402c200000,0x000000402c300000)]
  0x000001ce2ab0a800 JavaThread "Unconstrained build operations Thread 2" [_thread_blocked, id=5752, stack(0x000000402c300000,0x000000402c400000)]
  0x000001ce2ab0b000 JavaThread "Unconstrained build operations Thread 3" [_thread_blocked, id=13272, stack(0x000000402c400000,0x000000402c500000)]
  0x000001ce2ab06800 JavaThread "Unconstrained build operations Thread 4" [_thread_blocked, id=7452, stack(0x000000402c500000,0x000000402c600000)]
  0x000001ce2ab0d000 JavaThread "Unconstrained build operations Thread 5" [_thread_blocked, id=11368, stack(0x000000402c600000,0x000000402c700000)]
  0x000001ce2ab0c000 JavaThread "Unconstrained build operations Thread 6" [_thread_blocked, id=13184, stack(0x000000402c700000,0x000000402c800000)]
  0x000001ce2ab08000 JavaThread "Unconstrained build operations Thread 7" [_thread_blocked, id=10044, stack(0x000000402c800000,0x000000402c900000)]
  0x000001ce29606000 JavaThread "Unconstrained build operations Thread 8" [_thread_blocked, id=8380, stack(0x000000402c900000,0x000000402ca00000)]
  0x000001ce29609800 JavaThread "Unconstrained build operations Thread 9" [_thread_blocked, id=7548, stack(0x000000402ca00000,0x000000402cb00000)]
  0x000001ce29607800 JavaThread "Unconstrained build operations Thread 10" [_thread_blocked, id=7464, stack(0x000000402cb00000,0x000000402cc00000)]
  0x000001ce29608800 JavaThread "Unconstrained build operations Thread 11" [_thread_blocked, id=7420, stack(0x000000402cc00000,0x000000402cd00000)]
  0x000001ce2960b000 JavaThread "Unconstrained build operations Thread 12" [_thread_blocked, id=12448, stack(0x000000402cd00000,0x000000402ce00000)]
  0x000001ce2960a000 JavaThread "Unconstrained build operations Thread 13" [_thread_blocked, id=8688, stack(0x000000402ce00000,0x000000402cf00000)]
  0x000001ce29605000 JavaThread "Unconstrained build operations Thread 14" [_thread_blocked, id=10876, stack(0x000000402cf00000,0x000000402d000000)]
  0x000001ce2960c000 JavaThread "Unconstrained build operations Thread 15" [_thread_blocked, id=7296, stack(0x000000402d000000,0x000000402d100000)]
  0x000001ce29607000 JavaThread "Unconstrained build operations Thread 16" [_thread_blocked, id=13060, stack(0x000000402d100000,0x000000402d200000)]
  0x000001ce29610800 JavaThread "Unconstrained build operations Thread 17" [_thread_blocked, id=476, stack(0x000000402d200000,0x000000402d300000)]
  0x000001ce29611800 JavaThread "Unconstrained build operations Thread 18" [_thread_blocked, id=10824, stack(0x000000402d300000,0x000000402d400000)]
  0x000001ce29610000 JavaThread "Unconstrained build operations Thread 19" [_thread_blocked, id=1268, stack(0x000000402d400000,0x000000402d500000)]
  0x000001ce29612800 JavaThread "Unconstrained build operations Thread 20" [_thread_blocked, id=13212, stack(0x000000402d500000,0x000000402d600000)]
  0x000001ce2960c800 JavaThread "Unconstrained build operations Thread 21" [_thread_blocked, id=10024, stack(0x000000402d600000,0x000000402d700000)]
  0x000001ce29613000 JavaThread "Unconstrained build operations Thread 22" [_thread_blocked, id=12084, stack(0x000000402d700000,0x000000402d800000)]
  0x000001ce2960d800 JavaThread "Unconstrained build operations Thread 23" [_thread_blocked, id=6824, stack(0x000000402d800000,0x000000402d900000)]
  0x000001ce2960e000 JavaThread "Unconstrained build operations Thread 24" [_thread_blocked, id=8, stack(0x000000402d900000,0x000000402da00000)]
  0x000001ce29614000 JavaThread "Unconstrained build operations Thread 25" [_thread_blocked, id=9604, stack(0x000000402da00000,0x000000402db00000)]
  0x000001ce2960f000 JavaThread "Unconstrained build operations Thread 26" [_thread_blocked, id=8284, stack(0x000000402db00000,0x000000402dc00000)]
  0x000001ce2b283000 JavaThread "Unconstrained build operations Thread 27" [_thread_blocked, id=8924, stack(0x000000402dc00000,0x000000402dd00000)]
  0x000001ce2b285800 JavaThread "Unconstrained build operations Thread 28" [_thread_blocked, id=10072, stack(0x000000402dd00000,0x000000402de00000)]
  0x000001ce2b287000 JavaThread "Unconstrained build operations Thread 29" [_thread_blocked, id=4888, stack(0x000000402de00000,0x000000402df00000)]
  0x000001ce2b282000 JavaThread "Unconstrained build operations Thread 30" [_thread_blocked, id=11948, stack(0x000000402df00000,0x000000402e000000)]
  0x000001ce2b288000 JavaThread "Unconstrained build operations Thread 31" [_thread_blocked, id=4872, stack(0x000000402e000000,0x000000402e100000)]
  0x000001ce2b289800 JavaThread "Unconstrained build operations Thread 32" [_thread_blocked, id=6656, stack(0x000000402e100000,0x000000402e200000)]
  0x000001ce2b288800 JavaThread "Unconstrained build operations Thread 33" [_thread_blocked, id=10688, stack(0x000000402e200000,0x000000402e300000)]
  0x000001ce2b284000 JavaThread "Unconstrained build operations Thread 34" [_thread_blocked, id=5968, stack(0x000000402e300000,0x000000402e400000)]
  0x000001ce2b28a800 JavaThread "Unconstrained build operations Thread 35" [_thread_blocked, id=10616, stack(0x000000402e400000,0x000000402e500000)]
  0x000001ce2b284800 JavaThread "Unconstrained build operations Thread 36" [_thread_blocked, id=1060, stack(0x000000402e500000,0x000000402e600000)]
  0x000001ce2b28b000 JavaThread "Unconstrained build operations Thread 37" [_thread_blocked, id=6252, stack(0x000000402e600000,0x000000402e700000)]
  0x000001ce2b28c000 JavaThread "Unconstrained build operations Thread 38" [_thread_blocked, id=3388, stack(0x000000402e700000,0x000000402e800000)]
  0x000001ce2b286000 JavaThread "Unconstrained build operations Thread 39" [_thread_blocked, id=5604, stack(0x000000402e800000,0x000000402e900000)]
  0x000001ce2b28e800 JavaThread "Unconstrained build operations Thread 40" [_thread_blocked, id=5548, stack(0x000000402e900000,0x000000402ea00000)]
  0x000001ce2b28c800 JavaThread "Memory manager" [_thread_blocked, id=5560, stack(0x000000402ea00000,0x000000402eb00000)]
  0x000001ce2b290000 JavaThread "build event listener" [_thread_blocked, id=12968, stack(0x0000004028e00000,0x0000004028f00000)]
  0x000001ce28ee9800 JavaThread "build event listener" [_thread_blocked, id=6436, stack(0x0000004028f00000,0x0000004029000000)]
  0x000001ce28ef0000 JavaThread "build event listener" [_thread_blocked, id=9408, stack(0x0000004029000000,0x0000004029100000)]
  0x000001ce28eec800 JavaThread "Execution worker for ':'" [_thread_blocked, id=12964, stack(0x000000402ad00000,0x000000402ae00000)]
  0x000001ce28eed800 JavaThread "Execution worker for ':' Thread 2" [_thread_blocked, id=13032, stack(0x000000402be00000,0x000000402bf00000)]
  0x000001ce28eea000 JavaThread "Execution worker for ':' Thread 3" [_thread_blocked, id=12224, stack(0x000000402bf00000,0x000000402c000000)]
  0x000001ce28eee000 JavaThread "Cache worker for execution history cache (F:\React\incognito\android\.gradle\7.2\executionHistory)" [_thread_blocked, id=13172, stack(0x000000402eb00000,0x000000402ec00000)]
  0x000001ce28ef4000 JavaThread "Cache worker for Java compile cache (C:\Users\Reneuit\.gradle\caches\7.2\javaCompile)" [_thread_blocked, id=5100, stack(0x000000402f300000,0x000000402f400000)]
  0x000001ce28ef7000 JavaThread "Build operations" [_thread_blocked, id=11628, stack(0x000000402f400000,0x000000402f500000)]
  0x000001ce28ef3000 JavaThread "Build operations Thread 2" [_thread_blocked, id=2760, stack(0x000000402f500000,0x000000402f600000)]
  0x000001ce28ef8000 JavaThread "Build operations Thread 3" [_thread_blocked, id=11096, stack(0x000000402f600000,0x000000402f700000)]
  0x000001ce28ef2800 JavaThread "Build operations Thread 4" [_thread_blocked, id=5684, stack(0x000000402f700000,0x000000402f800000)]
  0x000001ce334c5800 JavaThread "RMI Scheduler(0)" daemon [_thread_blocked, id=7840, stack(0x000000402ef00000,0x000000402f000000)]
  0x000001ce334c4000 JavaThread "RMI GC Daemon" daemon [_thread_blocked, id=7992, stack(0x000000402fb00000,0x000000402fc00000)]
  0x000001ce334c5000 JavaThread "RMI TCP Accept-0" daemon [_thread_in_native, id=12500, stack(0x000000402fc00000,0x000000402fd00000)]
  0x000001ce334c7800 JavaThread "RMI Reaper" [_thread_blocked, id=4824, stack(0x000000402fd00000,0x000000402fe00000)]
  0x000001ce334c3000 JavaThread "RMI RenewClean-[127.0.0.1:17533,org.jetbrains.kotlin.daemon.common.LoopbackNetworkInterface$ClientLoopbackSocketFactory@2d7c3a01]" daemon [_thread_blocked, id=13008, stack(0x000000402ec00000,0x000000402ed00000)]
  0x000001ce334c0800 JavaThread "RMI TCP Accept-0" daemon [_thread_in_native, id=7832, stack(0x000000402f100000,0x000000402f200000)]
  0x000001ce334c8000 JavaThread "WorkerExecutor Queue Thread 9" [_thread_blocked, id=4852, stack(0x000000402ed00000,0x000000402ee00000)]
  0x000001ce334c1800 JavaThread "WorkerExecutor Queue Thread 11" [_thread_blocked, id=6284, stack(0x000000402fa00000,0x000000402fb00000)]
  0x000001ce334cc000 JavaThread "WorkerExecutor Queue Thread 12" [_thread_blocked, id=6624, stack(0x000000402f000000,0x000000402f100000)]
  0x000001ce334ce000 JavaThread "WorkerExecutor Queue Thread 13" [_thread_blocked, id=10864, stack(0x000000402f200000,0x000000402f300000)]
  0x000001ce334c9800 JavaThread "ForkJoinPool-1-worker-3" daemon [_thread_blocked, id=2832, stack(0x000000402f800000,0x000000402f900000)]
  0x000001ce334ca800 JavaThread "ForkJoinPool-1-worker-5" daemon [_thread_blocked, id=7988, stack(0x000000402fe00000,0x000000402ff00000)]
  0x000001ce334cd000 JavaThread "ForkJoinPool-1-worker-7" daemon [_thread_blocked, id=9272, stack(0x000000402ff00000,0x0000004030000000)]
  0x000001ce334ce800 JavaThread "ForkJoinPool-1-worker-1" daemon [_thread_blocked, id=7456, stack(0x0000004030000000,0x0000004030100000)]

Other Threads:
  0x000001ce25e9c000 VMThread "VM Thread" [stack: 0x0000004029700000,0x0000004029800000] [id=12960]
  0x000001ce26991000 WatcherThread [stack: 0x000000402a100000,0x000000402a200000] [id=1716]
  0x000001ce0dc86800 GCTaskThread "GC Thread#0" [stack: 0x0000004029200000,0x0000004029300000] [id=8512]
  0x000001ce27071800 GCTaskThread "GC Thread#1" [stack: 0x000000402a200000,0x000000402a300000] [id=5452]
  0x000001ce27072000 GCTaskThread "GC Thread#2" [stack: 0x000000402a300000,0x000000402a400000] [id=11892]
  0x000001ce27106800 GCTaskThread "GC Thread#3" [stack: 0x000000402a400000,0x000000402a500000] [id=9708]
  0x000001ce0dc97800 ConcurrentGCThread "G1 Main Marker" [stack: 0x0000004029300000,0x0000004029400000] [id=9248]
  0x000001ce0dc99000 ConcurrentGCThread "G1 Conc#0" [stack: 0x0000004029400000,0x0000004029500000] [id=10384]
  0x000001ce0dd4e000 ConcurrentGCThread "G1 Refine#0" [stack: 0x0000004029500000,0x0000004029600000] [id=3288]
  0x000001ce36190800 ConcurrentGCThread "G1 Refine#1" [stack: 0x000000402ee00000,0x000000402ef00000] [id=5800]
  0x000001ce25d1a800 ConcurrentGCThread "G1 Young RemSet Sampling" [stack: 0x0000004029600000,0x0000004029700000] [id=3532]

Threads with active compile tasks:
C2 CompilerThread0 898693 25683       4       com.android.tools.r8.code.x1::a (4137 bytes)

VM state:at safepoint (normal execution)

VM Mutex/Monitor currently owned by a thread:  ([mutex/lock_event])
[0x000001ce0dc673b0] FreeList_lock - owner thread: 0x000001ce0dc86800
[0x000001ce0dc689f0] Threads_lock - owner thread: 0x000001ce25e9c000
[0x000001ce0dc68570] Heap_lock - owner thread: 0x000001ce334ce800

Heap address: 0x00000000e0000000, size: 512 MB, Compressed Oops mode: 32-bit
Narrow klass base: 0x0000000000000000, Narrow klass shift: 3
Compressed class space size: 260046848 Address: 0x0000000100000000

Heap:
 garbage-first heap   total 314368K, used 310593K [0x00000000e0000000, 0x0000000100000000)
  region size 1024K, 14 young (14336K), 1 survivors (1024K)
 Metaspace       used 145110K, capacity 149914K, committed 150272K, reserved 385024K
  class space    used 18153K, capacity 19908K, committed 20044K, reserved 253952K
Heap Regions: E=young(eden), S=young(survivor), O=old, HS=humongous(starts), HC=humongous(continues), CS=collection set, F=free, A=archive, TAMS=top-at-mark-start (previous, next)
|   0|0x00000000e0000000, 0x00000000e0100000, 0x00000000e0100000|100%| O|  |TAMS 0x00000000e0100000, 0x00000000e0000000| Updating 
|   1|0x00000000e0100000, 0x00000000e0200000, 0x00000000e0200000|100%| O|  |TAMS 0x00000000e0200000, 0x00000000e0100000| Updating 
|   2|0x00000000e0200000, 0x00000000e0300000, 0x00000000e0300000|100%| O|  |TAMS 0x00000000e0300000, 0x00000000e0200000| Updating 
|   3|0x00000000e0300000, 0x00000000e0400000, 0x00000000e0400000|100%|HS|  |TAMS 0x00000000e0400000, 0x00000000e0300000| Complete 
|   4|0x00000000e0400000, 0x00000000e0500000, 0x00000000e0500000|100%|HC|  |TAMS 0x00000000e0500000, 0x00000000e0400000| Complete 
|   5|0x00000000e0500000, 0x00000000e0600000, 0x00000000e0600000|100%|HC|  |TAMS 0x00000000e0600000, 0x00000000e0500000| Complete 
|   6|0x00000000e0600000, 0x00000000e0700000, 0x00000000e0700000|100%| O|  |TAMS 0x00000000e0700000, 0x00000000e0600000| Updating 
|   7|0x00000000e0700000, 0x00000000e0800000, 0x00000000e0800000|100%| O|  |TAMS 0x00000000e0800000, 0x00000000e0700000| Updating 
|   8|0x00000000e0800000, 0x00000000e0900000, 0x00000000e0900000|100%| O|  |TAMS 0x00000000e0900000, 0x00000000e0800000| Updating 
|   9|0x00000000e0900000, 0x00000000e0a00000, 0x00000000e0a00000|100%| O|  |TAMS 0x00000000e0a00000, 0x00000000e0900000| Updating 
|  10|0x00000000e0a00000, 0x00000000e0b00000, 0x00000000e0b00000|100%| O|  |TAMS 0x00000000e0b00000, 0x00000000e0a00000| Updating 
|  11|0x00000000e0b00000, 0x00000000e0c00000, 0x00000000e0c00000|100%| O|  |TAMS 0x00000000e0c00000, 0x00000000e0b00000| Updating 
|  12|0x00000000e0c00000, 0x00000000e0d00000, 0x00000000e0d00000|100%| O|  |TAMS 0x00000000e0d00000, 0x00000000e0c00000| Updating 
|  13|0x00000000e0d00000, 0x00000000e0e00000, 0x00000000e0e00000|100%| O|  |TAMS 0x00000000e0e00000, 0x00000000e0d00000| Updating 
|  14|0x00000000e0e00000, 0x00000000e0f00000, 0x00000000e0f00000|100%| O|  |TAMS 0x00000000e0f00000, 0x00000000e0e00000| Updating 
|  15|0x00000000e0f00000, 0x00000000e1000000, 0x00000000e1000000|100%| O|  |TAMS 0x00000000e1000000, 0x00000000e0f00000| Updating 
|  16|0x00000000e1000000, 0x00000000e1100000, 0x00000000e1100000|100%| O|  |TAMS 0x00000000e1100000, 0x00000000e1000000| Updating 
|  17|0x00000000e1100000, 0x00000000e1200000, 0x00000000e1200000|100%| O|  |TAMS 0x00000000e1200000, 0x00000000e1100000| Updating 
|  18|0x00000000e1200000, 0x00000000e1300000, 0x00000000e1300000|100%|HS|  |TAMS 0x00000000e1300000, 0x00000000e1200000| Complete 
|  19|0x00000000e1300000, 0x00000000e1400000, 0x00000000e1400000|100%|HS|  |TAMS 0x00000000e1400000, 0x00000000e1300000| Complete 
|  20|0x00000000e1400000, 0x00000000e1500000, 0x00000000e1500000|100%|HC|  |TAMS 0x00000000e1500000, 0x00000000e1400000| Complete 
|  21|0x00000000e1500000, 0x00000000e1600000, 0x00000000e1600000|100%| O|  |TAMS 0x00000000e1600000, 0x00000000e1500000| Updating 
|  22|0x00000000e1600000, 0x00000000e1700000, 0x00000000e1700000|100%| O|  |TAMS 0x00000000e1700000, 0x00000000e1600000| Updating 
|  23|0x00000000e1700000, 0x00000000e1800000, 0x00000000e1800000|100%| O|  |TAMS 0x00000000e1800000, 0x00000000e1700000| Updating 
|  24|0x00000000e1800000, 0x00000000e1900000, 0x00000000e1900000|100%| O|  |TAMS 0x00000000e1900000, 0x00000000e1800000| Updating 
|  25|0x00000000e1900000, 0x00000000e1a00000, 0x00000000e1a00000|100%| O|  |TAMS 0x00000000e1a00000, 0x00000000e1900000| Updating 
|  26|0x00000000e1a00000, 0x00000000e1b00000, 0x00000000e1b00000|100%| O|  |TAMS 0x00000000e1b00000, 0x00000000e1a00000| Updating 
|  27|0x00000000e1b00000, 0x00000000e1c00000, 0x00000000e1c00000|100%| O|  |TAMS 0x00000000e1c00000, 0x00000000e1b00000| Updating 
|  28|0x00000000e1c00000, 0x00000000e1d00000, 0x00000000e1d00000|100%| O|  |TAMS 0x00000000e1d00000, 0x00000000e1c00000| Updating 
|  29|0x00000000e1d00000, 0x00000000e1e00000, 0x00000000e1e00000|100%| O|  |TAMS 0x00000000e1e00000, 0x00000000e1d00000| Updating 
|  30|0x00000000e1e00000, 0x00000000e1f00000, 0x00000000e1f00000|100%| O|  |TAMS 0x00000000e1f00000, 0x00000000e1e00000| Updating 
|  31|0x00000000e1f00000, 0x00000000e2000000, 0x00000000e2000000|100%| O|  |TAMS 0x00000000e2000000, 0x00000000e1f00000| Updating 
|  32|0x00000000e2000000, 0x00000000e2100000, 0x00000000e2100000|100%| O|  |TAMS 0x00000000e2100000, 0x00000000e2000000| Updating 
|  33|0x00000000e2100000, 0x00000000e2200000, 0x00000000e2200000|100%| O|  |TAMS 0x00000000e2200000, 0x00000000e2100000| Updating 
|  34|0x00000000e2200000, 0x00000000e2300000, 0x00000000e2300000|100%| O|  |TAMS 0x00000000e2300000, 0x00000000e2200000| Updating 
|  35|0x00000000e2300000, 0x00000000e2400000, 0x00000000e2400000|100%|HS|  |TAMS 0x00000000e2400000, 0x00000000e2300000| Complete 
|  36|0x00000000e2400000, 0x00000000e2500000, 0x00000000e2500000|100%| O|  |TAMS 0x00000000e2500000, 0x00000000e2400000| Updating 
|  37|0x00000000e2500000, 0x00000000e2600000, 0x00000000e2600000|100%| O|  |TAMS 0x00000000e2600000, 0x00000000e2500000| Updating 
|  38|0x00000000e2600000, 0x00000000e2700000, 0x00000000e2700000|100%| O|  |TAMS 0x00000000e2700000, 0x00000000e2600000| Updating 
|  39|0x00000000e2700000, 0x00000000e2800000, 0x00000000e2800000|100%| O|  |TAMS 0x00000000e2800000, 0x00000000e2700000| Updating 
|  40|0x00000000e2800000, 0x00000000e2900000, 0x00000000e2900000|100%| O|  |TAMS 0x00000000e2900000, 0x00000000e2800000| Updating 
|  41|0x00000000e2900000, 0x00000000e2a00000, 0x00000000e2a00000|100%| O|  |TAMS 0x00000000e2a00000, 0x00000000e2900000| Updating 
|  42|0x00000000e2a00000, 0x00000000e2b00000, 0x00000000e2b00000|100%|HS|  |TAMS 0x00000000e2b00000, 0x00000000e2a00000| Complete 
|  43|0x00000000e2b00000, 0x00000000e2c00000, 0x00000000e2c00000|100%| O|  |TAMS 0x00000000e2c00000, 0x00000000e2b00000| Updating 
|  44|0x00000000e2c00000, 0x00000000e2d00000, 0x00000000e2d00000|100%| O|  |TAMS 0x00000000e2d00000, 0x00000000e2c00000| Updating 
|  45|0x00000000e2d00000, 0x00000000e2e00000, 0x00000000e2e00000|100%| O|  |TAMS 0x00000000e2e00000, 0x00000000e2d00000| Updating 
|  46|0x00000000e2e00000, 0x00000000e2f00000, 0x00000000e2f00000|100%| O|  |TAMS 0x00000000e2f00000, 0x00000000e2e00000| Updating 
|  47|0x00000000e2f00000, 0x00000000e3000000, 0x00000000e3000000|100%| O|  |TAMS 0x00000000e3000000, 0x00000000e2f00000| Updating 
|  48|0x00000000e3000000, 0x00000000e3100000, 0x00000000e3100000|100%| O|  |TAMS 0x00000000e3100000, 0x00000000e3000000| Updating 
|  49|0x00000000e3100000, 0x00000000e3200000, 0x00000000e3200000|100%| O|  |TAMS 0x00000000e3200000, 0x00000000e3100000| Updating 
|  50|0x00000000e3200000, 0x00000000e3300000, 0x00000000e3300000|100%| O|  |TAMS 0x00000000e3300000, 0x00000000e3200000| Updating 
|  51|0x00000000e3300000, 0x00000000e3400000, 0x00000000e3400000|100%| O|  |TAMS 0x00000000e3400000, 0x00000000e3300000| Updating 
|  52|0x00000000e3400000, 0x00000000e3500000, 0x00000000e3500000|100%| O|  |TAMS 0x00000000e3500000, 0x00000000e3400000| Updating 
|  53|0x00000000e3500000, 0x00000000e3600000, 0x00000000e3600000|100%| O|  |TAMS 0x00000000e3600000, 0x00000000e3500000| Updating 
|  54|0x00000000e3600000, 0x00000000e3700000, 0x00000000e3700000|100%| O|  |TAMS 0x00000000e3700000, 0x00000000e3600000| Updating 
|  55|0x00000000e3700000, 0x00000000e3800000, 0x00000000e3800000|100%| O|  |TAMS 0x00000000e3800000, 0x00000000e3700000| Updating 
|  56|0x00000000e3800000, 0x00000000e3900000, 0x00000000e3900000|100%| O|  |TAMS 0x00000000e3900000, 0x00000000e3800000| Updating 
|  57|0x00000000e3900000, 0x00000000e3a00000, 0x00000000e3a00000|100%| O|  |TAMS 0x00000000e3a00000, 0x00000000e3900000| Updating 
|  58|0x00000000e3a00000, 0x00000000e3b00000, 0x00000000e3b00000|100%| O|  |TAMS 0x00000000e3b00000, 0x00000000e3a00000| Updating 
|  59|0x00000000e3b00000, 0x00000000e3c00000, 0x00000000e3c00000|100%| O|  |TAMS 0x00000000e3c00000, 0x00000000e3b00000| Updating 
|  60|0x00000000e3c00000, 0x00000000e3d00000, 0x00000000e3d00000|100%| O|  |TAMS 0x00000000e3d00000, 0x00000000e3c00000| Updating 
|  61|0x00000000e3d00000, 0x00000000e3e00000, 0x00000000e3e00000|100%| O|  |TAMS 0x00000000e3e00000, 0x00000000e3d00000| Updating 
|  62|0x00000000e3e00000, 0x00000000e3f00000, 0x00000000e3f00000|100%| O|  |TAMS 0x00000000e3f00000, 0x00000000e3e00000| Updating 
|  63|0x00000000e3f00000, 0x00000000e4000000, 0x00000000e4000000|100%|HS|  |TAMS 0x00000000e4000000, 0x00000000e3f00000| Complete 
|  64|0x00000000e4000000, 0x00000000e4100000, 0x00000000e4100000|100%|HS|  |TAMS 0x00000000e4100000, 0x00000000e4000000| Complete 
|  65|0x00000000e4100000, 0x00000000e4200000, 0x00000000e4200000|100%|HC|  |TAMS 0x00000000e4200000, 0x00000000e4100000| Complete 
|  66|0x00000000e4200000, 0x00000000e4300000, 0x00000000e4300000|100%|HC|  |TAMS 0x00000000e4300000, 0x00000000e4200000| Complete 
|  67|0x00000000e4300000, 0x00000000e4400000, 0x00000000e4400000|100%|HS|  |TAMS 0x00000000e4400000, 0x00000000e4300000| Complete 
|  68|0x00000000e4400000, 0x00000000e4500000, 0x00000000e4500000|100%|HS|  |TAMS 0x00000000e4500000, 0x00000000e4400000| Complete 
|  69|0x00000000e4500000, 0x00000000e4600000, 0x00000000e4600000|100%|HC|  |TAMS 0x00000000e4600000, 0x00000000e4500000| Complete 
|  70|0x00000000e4600000, 0x00000000e4700000, 0x00000000e4700000|100%|HC|  |TAMS 0x00000000e4700000, 0x00000000e4600000| Complete 
|  71|0x00000000e4700000, 0x00000000e4800000, 0x00000000e4800000|100%| O|  |TAMS 0x00000000e4800000, 0x00000000e4700000| Updating 
|  72|0x00000000e4800000, 0x00000000e4900000, 0x00000000e4900000|100%| O|  |TAMS 0x00000000e4900000, 0x00000000e4800000| Updating 
|  73|0x00000000e4900000, 0x00000000e4a00000, 0x00000000e4a00000|100%| O|  |TAMS 0x00000000e4a00000, 0x00000000e4900000| Updating 
|  74|0x00000000e4a00000, 0x00000000e4b00000, 0x00000000e4b00000|100%|HS|  |TAMS 0x00000000e4b00000, 0x00000000e4a00000| Complete 
|  75|0x00000000e4b00000, 0x00000000e4c00000, 0x00000000e4c00000|100%| O|  |TAMS 0x00000000e4c00000, 0x00000000e4b00000| Updating 
|  76|0x00000000e4c00000, 0x00000000e4d00000, 0x00000000e4d00000|100%| O|  |TAMS 0x00000000e4d00000, 0x00000000e4c00000| Updating 
|  77|0x00000000e4d00000, 0x00000000e4e00000, 0x00000000e4e00000|100%| O|  |TAMS 0x00000000e4e00000, 0x00000000e4d00000| Updating 
|  78|0x00000000e4e00000, 0x00000000e4f00000, 0x00000000e4f00000|100%| O|  |TAMS 0x00000000e4f00000, 0x00000000e4e00000| Updating 
|  79|0x00000000e4f00000, 0x00000000e5000000, 0x00000000e5000000|100%|HS|  |TAMS 0x00000000e5000000, 0x00000000e4f00000| Complete 
|  80|0x00000000e5000000, 0x00000000e5100000, 0x00000000e5100000|100%|HC|  |TAMS 0x00000000e5100000, 0x00000000e5000000| Complete 
|  81|0x00000000e5100000, 0x00000000e5200000, 0x00000000e5200000|100%|HC|  |TAMS 0x00000000e5200000, 0x00000000e5100000| Complete 
|  82|0x00000000e5200000, 0x00000000e5300000, 0x00000000e5300000|100%| O|  |TAMS 0x00000000e5300000, 0x00000000e5200000| Updating 
|  83|0x00000000e5300000, 0x00000000e5400000, 0x00000000e5400000|100%| O|  |TAMS 0x00000000e5400000, 0x00000000e5300000| Updating 
|  84|0x00000000e5400000, 0x00000000e5500000, 0x00000000e5500000|100%| O|  |TAMS 0x00000000e5500000, 0x00000000e5400000| Updating 
|  85|0x00000000e5500000, 0x00000000e5600000, 0x00000000e5600000|100%| O|  |TAMS 0x00000000e5600000, 0x00000000e5500000| Updating 
|  86|0x00000000e5600000, 0x00000000e5700000, 0x00000000e5700000|100%| O|  |TAMS 0x00000000e5700000, 0x00000000e5600000| Updating 
|  87|0x00000000e5700000, 0x00000000e5800000, 0x00000000e5800000|100%| O|  |TAMS 0x00000000e5800000, 0x00000000e5700000| Updating 
|  88|0x00000000e5800000, 0x00000000e5900000, 0x00000000e5900000|100%| O|  |TAMS 0x00000000e5900000, 0x00000000e5800000| Updating 
|  89|0x00000000e5900000, 0x00000000e5a00000, 0x00000000e5a00000|100%| O|  |TAMS 0x00000000e5a00000, 0x00000000e5900000| Updating 
|  90|0x00000000e5a00000, 0x00000000e5b00000, 0x00000000e5b00000|100%| O|  |TAMS 0x00000000e5b00000, 0x00000000e5a00000| Updating 
|  91|0x00000000e5b00000, 0x00000000e5c00000, 0x00000000e5c00000|100%| O|  |TAMS 0x00000000e5c00000, 0x00000000e5b00000| Updating 
|  92|0x00000000e5c00000, 0x00000000e5d00000, 0x00000000e5d00000|100%| O|  |TAMS 0x00000000e5d00000, 0x00000000e5c00000| Updating 
|  93|0x00000000e5d00000, 0x00000000e5e00000, 0x00000000e5e00000|100%|HS|  |TAMS 0x00000000e5e00000, 0x00000000e5d00000| Complete 
|  94|0x00000000e5e00000, 0x00000000e5f00000, 0x00000000e5f00000|100%| O|  |TAMS 0x00000000e5f00000, 0x00000000e5e00000| Updating 
|  95|0x00000000e5f00000, 0x00000000e6000000, 0x00000000e6000000|100%| O|  |TAMS 0x00000000e6000000, 0x00000000e5f00000| Updating 
|  96|0x00000000e6000000, 0x00000000e6100000, 0x00000000e6100000|100%| O|  |TAMS 0x00000000e6100000, 0x00000000e6000000| Updating 
|  97|0x00000000e6100000, 0x00000000e6200000, 0x00000000e6200000|100%| O|  |TAMS 0x00000000e6200000, 0x00000000e6100000| Updating 
|  98|0x00000000e6200000, 0x00000000e6300000, 0x00000000e6300000|100%| O|  |TAMS 0x00000000e6300000, 0x00000000e6200000| Updating 
|  99|0x00000000e6300000, 0x00000000e6400000, 0x00000000e6400000|100%| O|  |TAMS 0x00000000e6400000, 0x00000000e6300000| Updating 
| 100|0x00000000e6400000, 0x00000000e6500000, 0x00000000e6500000|100%| O|  |TAMS 0x00000000e6500000, 0x00000000e6400000| Updating 
| 101|0x00000000e6500000, 0x00000000e6600000, 0x00000000e6600000|100%| O|  |TAMS 0x00000000e6600000, 0x00000000e6500000| Updating 
| 102|0x00000000e6600000, 0x00000000e6700000, 0x00000000e6700000|100%| O|  |TAMS 0x00000000e6700000, 0x00000000e6600000| Updating 
| 103|0x00000000e6700000, 0x00000000e6800000, 0x00000000e6800000|100%| O|  |TAMS 0x00000000e6800000, 0x00000000e6700000| Updating 
| 104|0x00000000e6800000, 0x00000000e6900000, 0x00000000e6900000|100%| O|  |TAMS 0x00000000e6900000, 0x00000000e6800000| Updating 
| 105|0x00000000e6900000, 0x00000000e6a00000, 0x00000000e6a00000|100%| O|  |TAMS 0x00000000e6a00000, 0x00000000e6900000| Updating 
| 106|0x00000000e6a00000, 0x00000000e6b00000, 0x00000000e6b00000|100%| O|  |TAMS 0x00000000e6b00000, 0x00000000e6a00000| Updating 
| 107|0x00000000e6b00000, 0x00000000e6c00000, 0x00000000e6c00000|100%| O|  |TAMS 0x00000000e6c00000, 0x00000000e6b00000| Updating 
| 108|0x00000000e6c00000, 0x00000000e6d00000, 0x00000000e6d00000|100%|HS|  |TAMS 0x00000000e6d00000, 0x00000000e6c00000| Complete 
| 109|0x00000000e6d00000, 0x00000000e6e00000, 0x00000000e6e00000|100%| O|  |TAMS 0x00000000e6e00000, 0x00000000e6d00000| Updating 
| 110|0x00000000e6e00000, 0x00000000e6f00000, 0x00000000e6f00000|100%|HS|  |TAMS 0x00000000e6f00000, 0x00000000e6e00000| Complete 
| 111|0x00000000e6f00000, 0x00000000e7000000, 0x00000000e7000000|100%| O|  |TAMS 0x00000000e7000000, 0x00000000e6f00000| Updating 
| 112|0x00000000e7000000, 0x00000000e7100000, 0x00000000e7100000|100%| O|  |TAMS 0x00000000e7100000, 0x00000000e7000000| Updating 
| 113|0x00000000e7100000, 0x00000000e7200000, 0x00000000e7200000|100%| O|  |TAMS 0x00000000e7200000, 0x00000000e7100000| Updating 
| 114|0x00000000e7200000, 0x00000000e7300000, 0x00000000e7300000|100%| O|  |TAMS 0x00000000e7300000, 0x00000000e7200000| Updating 
| 115|0x00000000e7300000, 0x00000000e7400000, 0x00000000e7400000|100%| O|  |TAMS 0x00000000e7400000, 0x00000000e7300000| Updating 
| 116|0x00000000e7400000, 0x00000000e7500000, 0x00000000e7500000|100%| O|  |TAMS 0x00000000e7500000, 0x00000000e7400000| Updating 
| 117|0x00000000e7500000, 0x00000000e7600000, 0x00000000e7600000|100%| O|  |TAMS 0x00000000e7600000, 0x00000000e7500000| Updating 
| 118|0x00000000e7600000, 0x00000000e7700000, 0x00000000e7700000|100%| O|  |TAMS 0x00000000e7700000, 0x00000000e7600000| Updating 
| 119|0x00000000e7700000, 0x00000000e7800000, 0x00000000e7800000|100%| O|  |TAMS 0x00000000e7800000, 0x00000000e7700000| Updating 
| 120|0x00000000e7800000, 0x00000000e7900000, 0x00000000e7900000|100%| O|  |TAMS 0x00000000e7900000, 0x00000000e7800000| Updating 
| 121|0x00000000e7900000, 0x00000000e7a00000, 0x00000000e7a00000|100%| O|  |TAMS 0x00000000e7a00000, 0x00000000e7900000| Updating 
| 122|0x00000000e7a00000, 0x00000000e7b00000, 0x00000000e7b00000|100%| O|  |TAMS 0x00000000e7b00000, 0x00000000e7a00000| Updating 
| 123|0x00000000e7b00000, 0x00000000e7c00000, 0x00000000e7c00000|100%| O|  |TAMS 0x00000000e7c00000, 0x00000000e7b00000| Updating 
| 124|0x00000000e7c00000, 0x00000000e7d00000, 0x00000000e7d00000|100%| O|  |TAMS 0x00000000e7d00000, 0x00000000e7c00000| Updating 
| 125|0x00000000e7d00000, 0x00000000e7e00000, 0x00000000e7e00000|100%| O|  |TAMS 0x00000000e7dcac00, 0x00000000e7d00000| Updating 
| 126|0x00000000e7e00000, 0x00000000e7f00000, 0x00000000e7f00000|100%| O|  |TAMS 0x00000000e7f00000, 0x00000000e7e00000| Updating 
| 127|0x00000000e7f00000, 0x00000000e8000000, 0x00000000e8000000|100%| O|  |TAMS 0x00000000e8000000, 0x00000000e7f00000| Updating 
| 128|0x00000000e8000000, 0x00000000e8100000, 0x00000000e8100000|100%| O|  |TAMS 0x00000000e8100000, 0x00000000e8000000| Updating 
| 129|0x00000000e8100000, 0x00000000e8200000, 0x00000000e8200000|100%| O|  |TAMS 0x00000000e8200000, 0x00000000e8100000| Updating 
| 130|0x00000000e8200000, 0x00000000e8300000, 0x00000000e8300000|100%| O|  |TAMS 0x00000000e8300000, 0x00000000e8200000| Updating 
| 131|0x00000000e8300000, 0x00000000e8400000, 0x00000000e8400000|100%| O|  |TAMS 0x00000000e8400000, 0x00000000e8300000| Updating 
| 132|0x00000000e8400000, 0x00000000e8500000, 0x00000000e8500000|100%| O|  |TAMS 0x00000000e8500000, 0x00000000e8400000| Updating 
| 133|0x00000000e8500000, 0x00000000e8600000, 0x00000000e8600000|100%| O|  |TAMS 0x00000000e8600000, 0x00000000e8500000| Updating 
| 134|0x00000000e8600000, 0x00000000e8700000, 0x00000000e8700000|100%| O|  |TAMS 0x00000000e8700000, 0x00000000e8600000| Updating 
| 135|0x00000000e8700000, 0x00000000e8800000, 0x00000000e8800000|100%| O|  |TAMS 0x00000000e8800000, 0x00000000e8700000| Updating 
| 136|0x00000000e8800000, 0x00000000e8900000, 0x00000000e8900000|100%| O|  |TAMS 0x00000000e8900000, 0x00000000e8800000| Updating 
| 137|0x00000000e8900000, 0x00000000e8a00000, 0x00000000e8a00000|100%| O|  |TAMS 0x00000000e8a00000, 0x00000000e8900000| Updating 
| 138|0x00000000e8a00000, 0x00000000e8b00000, 0x00000000e8b00000|100%| O|  |TAMS 0x00000000e8b00000, 0x00000000e8a00000| Updating 
| 139|0x00000000e8b00000, 0x00000000e8c00000, 0x00000000e8c00000|100%| O|  |TAMS 0x00000000e8c00000, 0x00000000e8b00000| Updating 
| 140|0x00000000e8c00000, 0x00000000e8d00000, 0x00000000e8d00000|100%| O|  |TAMS 0x00000000e8d00000, 0x00000000e8c00000| Updating 
| 141|0x00000000e8d00000, 0x00000000e8e00000, 0x00000000e8e00000|100%| O|  |TAMS 0x00000000e8e00000, 0x00000000e8d00000| Updating 
| 142|0x00000000e8e00000, 0x00000000e8f00000, 0x00000000e8f00000|100%| O|  |TAMS 0x00000000e8f00000, 0x00000000e8e00000| Updating 
| 143|0x00000000e8f00000, 0x00000000e9000000, 0x00000000e9000000|100%|HS|  |TAMS 0x00000000e9000000, 0x00000000e8f00000| Complete 
| 144|0x00000000e9000000, 0x00000000e9100000, 0x00000000e9100000|100%|HC|  |TAMS 0x00000000e9100000, 0x00000000e9000000| Complete 
| 145|0x00000000e9100000, 0x00000000e9200000, 0x00000000e9200000|100%|HS|  |TAMS 0x00000000e9200000, 0x00000000e9100000| Complete 
| 146|0x00000000e9200000, 0x00000000e9300000, 0x00000000e9300000|100%|HC|  |TAMS 0x00000000e9300000, 0x00000000e9200000| Complete 
| 147|0x00000000e9300000, 0x00000000e9400000, 0x00000000e9400000|100%| O|  |TAMS 0x00000000e9300000, 0x00000000e9300000| Untracked 
| 148|0x00000000e9400000, 0x00000000e9500000, 0x00000000e9500000|100%| O|  |TAMS 0x00000000e9500000, 0x00000000e9400000| Updating 
| 149|0x00000000e9500000, 0x00000000e9600000, 0x00000000e9600000|100%| O|  |TAMS 0x00000000e9600000, 0x00000000e9500000| Updating 
| 150|0x00000000e9600000, 0x00000000e9700000, 0x00000000e9700000|100%|HS|  |TAMS 0x00000000e9600000, 0x00000000e9600000| Complete 
| 151|0x00000000e9700000, 0x00000000e9800000, 0x00000000e9800000|100%| O|  |TAMS 0x00000000e9800000, 0x00000000e9700000| Updating 
| 152|0x00000000e9800000, 0x00000000e9900000, 0x00000000e9900000|100%| O|  |TAMS 0x00000000e9900000, 0x00000000e9800000| Updating 
| 153|0x00000000e9900000, 0x00000000e9a00000, 0x00000000e9a00000|100%| O|  |TAMS 0x00000000e9a00000, 0x00000000e9900000| Updating 
| 154|0x00000000e9a00000, 0x00000000e9b00000, 0x00000000e9b00000|100%|HS|  |TAMS 0x00000000e9a00000, 0x00000000e9a00000| Complete 
| 155|0x00000000e9b00000, 0x00000000e9c00000, 0x00000000e9c00000|100%| O|  |TAMS 0x00000000e9c00000, 0x00000000e9b00000| Updating 
| 156|0x00000000e9c00000, 0x00000000e9d00000, 0x00000000e9d00000|100%| O|  |TAMS 0x00000000e9d00000, 0x00000000e9c00000| Updating 
| 157|0x00000000e9d00000, 0x00000000e9e00000, 0x00000000e9e00000|100%| O|  |TAMS 0x00000000e9e00000, 0x00000000e9d00000| Updating 
| 158|0x00000000e9e00000, 0x00000000e9f00000, 0x00000000e9f00000|100%| O|  |TAMS 0x00000000e9f00000, 0x00000000e9e00000| Updating 
| 159|0x00000000e9f00000, 0x00000000ea000000, 0x00000000ea000000|100%|HS|  |TAMS 0x00000000ea000000, 0x00000000e9f00000| Complete 
| 160|0x00000000ea000000, 0x00000000ea100000, 0x00000000ea100000|100%|HC|  |TAMS 0x00000000ea100000, 0x00000000ea000000| Complete 
| 161|0x00000000ea100000, 0x00000000ea200000, 0x00000000ea200000|100%|HC|  |TAMS 0x00000000ea200000, 0x00000000ea100000| Complete 
| 162|0x00000000ea200000, 0x00000000ea300000, 0x00000000ea300000|100%| O|  |TAMS 0x00000000ea300000, 0x00000000ea200000| Updating 
| 163|0x00000000ea300000, 0x00000000ea400000, 0x00000000ea400000|100%| O|  |TAMS 0x00000000ea400000, 0x00000000ea300000| Updating 
| 164|0x00000000ea400000, 0x00000000ea500000, 0x00000000ea500000|100%| O|  |TAMS 0x00000000ea500000, 0x00000000ea400000| Updating 
| 165|0x00000000ea500000, 0x00000000ea600000, 0x00000000ea600000|100%| O|  |TAMS 0x00000000ea500000, 0x00000000ea500000| Untracked 
| 166|0x00000000ea600000, 0x00000000ea700000, 0x00000000ea700000|100%|HS|  |TAMS 0x00000000ea600000, 0x00000000ea600000| Complete 
| 167|0x00000000ea700000, 0x00000000ea800000, 0x00000000ea800000|100%|HS|  |TAMS 0x00000000ea800000, 0x00000000ea700000| Complete 
| 168|0x00000000ea800000, 0x00000000ea900000, 0x00000000ea900000|100%|HS|  |TAMS 0x00000000ea800000, 0x00000000ea800000| Complete 
| 169|0x00000000ea900000, 0x00000000eaa00000, 0x00000000eaa00000|100%| O|  |TAMS 0x00000000eaa00000, 0x00000000ea900000| Updating 
| 170|0x00000000eaa00000, 0x00000000eab00000, 0x00000000eab00000|100%| O|  |TAMS 0x00000000eab00000, 0x00000000eaa00000| Updating 
| 171|0x00000000eab00000, 0x00000000eac00000, 0x00000000eac00000|100%| O|  |TAMS 0x00000000eab00000, 0x00000000eab00000| Untracked 
| 172|0x00000000eac00000, 0x00000000ead00000, 0x00000000ead00000|100%|HS|  |TAMS 0x00000000ead00000, 0x00000000eac00000| Complete 
| 173|0x00000000ead00000, 0x00000000eae00000, 0x00000000eae00000|100%| O|  |TAMS 0x00000000eae00000, 0x00000000ead00000| Updating 
| 174|0x00000000eae00000, 0x00000000eaf00000, 0x00000000eaf00000|100%| O|  |TAMS 0x00000000eae00000, 0x00000000eae00000| Untracked 
| 175|0x00000000eaf00000, 0x00000000eb000000, 0x00000000eb000000|100%| O|  |TAMS 0x00000000eaf00000, 0x00000000eaf00000| Untracked 
| 176|0x00000000eb000000, 0x00000000eb100000, 0x00000000eb100000|100%| O|  |TAMS 0x00000000eb100000, 0x00000000eb000000| Updating 
| 177|0x00000000eb100000, 0x00000000eb200000, 0x00000000eb200000|100%| O|  |TAMS 0x00000000eb200000, 0x00000000eb100000| Updating 
| 178|0x00000000eb200000, 0x00000000eb300000, 0x00000000eb300000|100%|HS|  |TAMS 0x00000000eb300000, 0x00000000eb200000| Complete 
| 179|0x00000000eb300000, 0x00000000eb400000, 0x00000000eb400000|100%|HC|  |TAMS 0x00000000eb400000, 0x00000000eb300000| Complete 
| 180|0x00000000eb400000, 0x00000000eb500000, 0x00000000eb500000|100%|HC|  |TAMS 0x00000000eb500000, 0x00000000eb400000| Complete 
| 181|0x00000000eb500000, 0x00000000eb600000, 0x00000000eb600000|100%|HS|  |TAMS 0x00000000eb500000, 0x00000000eb500000| Complete 
| 182|0x00000000eb600000, 0x00000000eb700000, 0x00000000eb700000|100%|HC|  |TAMS 0x00000000eb600000, 0x00000000eb600000| Complete 
| 183|0x00000000eb700000, 0x00000000eb800000, 0x00000000eb800000|100%|HS|  |TAMS 0x00000000eb800000, 0x00000000eb700000| Complete 
| 184|0x00000000eb800000, 0x00000000eb900000, 0x00000000eb900000|100%|HC|  |TAMS 0x00000000eb900000, 0x00000000eb800000| Complete 
| 185|0x00000000eb900000, 0x00000000eba00000, 0x00000000eba00000|100%| O|  |TAMS 0x00000000eba00000, 0x00000000eb900000| Updating 
| 186|0x00000000eba00000, 0x00000000ebb00000, 0x00000000ebb00000|100%| O|  |TAMS 0x00000000ebb00000, 0x00000000eba00000| Updating 
| 187|0x00000000ebb00000, 0x00000000ebc00000, 0x00000000ebc00000|100%| O|  |TAMS 0x00000000ebc00000, 0x00000000ebb00000| Updating 
| 188|0x00000000ebc00000, 0x00000000ebd00000, 0x00000000ebd00000|100%| O|  |TAMS 0x00000000ebd00000, 0x00000000ebc00000| Updating 
| 189|0x00000000ebd00000, 0x00000000ebe00000, 0x00000000ebe00000|100%| O|  |TAMS 0x00000000ebe00000, 0x00000000ebd00000| Updating 
| 190|0x00000000ebe00000, 0x00000000ebf00000, 0x00000000ebf00000|100%| O|  |TAMS 0x00000000ebf00000, 0x00000000ebe00000| Updating 
| 191|0x00000000ebf00000, 0x00000000ec000000, 0x00000000ec000000|100%| O|  |TAMS 0x00000000ec000000, 0x00000000ebf00000| Updating 
| 192|0x00000000ec000000, 0x00000000ec100000, 0x00000000ec100000|100%| O|  |TAMS 0x00000000ec100000, 0x00000000ec000000| Updating 
| 193|0x00000000ec100000, 0x00000000ec200000, 0x00000000ec200000|100%| O|  |TAMS 0x00000000ec200000, 0x00000000ec100000| Updating 
| 194|0x00000000ec200000, 0x00000000ec300000, 0x00000000ec300000|100%| O|  |TAMS 0x00000000ec300000, 0x00000000ec200000| Updating 
| 195|0x00000000ec300000, 0x00000000ec400000, 0x00000000ec400000|100%| O|  |TAMS 0x00000000ec400000, 0x00000000ec300000| Updating 
| 196|0x00000000ec400000, 0x00000000ec500000, 0x00000000ec500000|100%| O|  |TAMS 0x00000000ec500000, 0x00000000ec400000| Updating 
| 197|0x00000000ec500000, 0x00000000ec600000, 0x00000000ec600000|100%| O|  |TAMS 0x00000000ec500000, 0x00000000ec500000| Untracked 
| 198|0x00000000ec600000, 0x00000000ec700000, 0x00000000ec700000|100%| O|  |TAMS 0x00000000ec600000, 0x00000000ec600000| Untracked 
| 199|0x00000000ec700000, 0x00000000ec800000, 0x00000000ec800000|100%|HS|  |TAMS 0x00000000ec700000, 0x00000000ec700000| Complete 
| 200|0x00000000ec800000, 0x00000000ec900000, 0x00000000ec900000|100%|HC|  |TAMS 0x00000000ec800000, 0x00000000ec800000| Complete 
| 201|0x00000000ec900000, 0x00000000eca00000, 0x00000000eca00000|100%|HS|  |TAMS 0x00000000ec900000, 0x00000000ec900000| Complete 
| 202|0x00000000eca00000, 0x00000000ecb00000, 0x00000000ecb00000|100%|HC|  |TAMS 0x00000000eca00000, 0x00000000eca00000| Complete 
| 203|0x00000000ecb00000, 0x00000000ecc00000, 0x00000000ecc00000|100%|HC|  |TAMS 0x00000000ecb00000, 0x00000000ecb00000| Complete 
| 204|0x00000000ecc00000, 0x00000000ecd00000, 0x00000000ecd00000|100%|HS|  |TAMS 0x00000000ecc00000, 0x00000000ecc00000| Complete 
| 205|0x00000000ecd00000, 0x00000000ece00000, 0x00000000ece00000|100%|HC|  |TAMS 0x00000000ecd00000, 0x00000000ecd00000| Complete 
| 206|0x00000000ece00000, 0x00000000ecf00000, 0x00000000ecf00000|100%|HC|  |TAMS 0x00000000ece00000, 0x00000000ece00000| Complete 
| 207|0x00000000ecf00000, 0x00000000ed000000, 0x00000000ed000000|100%|HS|  |TAMS 0x00000000ecf00000, 0x00000000ecf00000| Complete 
| 208|0x00000000ed000000, 0x00000000ed100000, 0x00000000ed100000|100%| O|  |TAMS 0x00000000ed000000, 0x00000000ed000000| Untracked 
| 209|0x00000000ed100000, 0x00000000ed200000, 0x00000000ed200000|100%|HS|  |TAMS 0x00000000ed100000, 0x00000000ed100000| Complete 
| 210|0x00000000ed200000, 0x00000000ed300000, 0x00000000ed300000|100%| O|  |TAMS 0x00000000ed200000, 0x00000000ed200000| Untracked 
| 211|0x00000000ed300000, 0x00000000ed400000, 0x00000000ed400000|100%|HS|  |TAMS 0x00000000ed300000, 0x00000000ed300000| Complete 
| 212|0x00000000ed400000, 0x00000000ed500000, 0x00000000ed500000|100%| O|  |TAMS 0x00000000ed400000, 0x00000000ed400000| Untracked 
| 213|0x00000000ed500000, 0x00000000ed600000, 0x00000000ed600000|100%|HS|  |TAMS 0x00000000ed500000, 0x00000000ed500000| Complete 
| 214|0x00000000ed600000, 0x00000000ed700000, 0x00000000ed700000|100%| O|  |TAMS 0x00000000ed600000, 0x00000000ed600000| Untracked 
| 215|0x00000000ed700000, 0x00000000ed800000, 0x00000000ed800000|100%| O|  |TAMS 0x00000000ed700000, 0x00000000ed700000| Untracked 
| 216|0x00000000ed800000, 0x00000000ed900000, 0x00000000ed900000|100%| O|  |TAMS 0x00000000ed800000, 0x00000000ed800000| Untracked 
| 217|0x00000000ed900000, 0x00000000eda00000, 0x00000000eda00000|100%| O|  |TAMS 0x00000000ed900000, 0x00000000ed900000| Untracked 
| 218|0x00000000eda00000, 0x00000000edb00000, 0x00000000edb00000|100%| O|  |TAMS 0x00000000eda00000, 0x00000000eda00000| Untracked 
| 219|0x00000000edb00000, 0x00000000edc00000, 0x00000000edc00000|100%| O|  |TAMS 0x00000000edb00000, 0x00000000edb00000| Untracked 
| 220|0x00000000edc00000, 0x00000000edd00000, 0x00000000edd00000|100%| O|  |TAMS 0x00000000edc00000, 0x00000000edc00000| Untracked 
| 221|0x00000000edd00000, 0x00000000ede00000, 0x00000000ede00000|100%| O|  |TAMS 0x00000000edd00000, 0x00000000edd00000| Untracked 
| 222|0x00000000ede00000, 0x00000000edf00000, 0x00000000edf00000|100%| O|  |TAMS 0x00000000ede00000, 0x00000000ede00000| Untracked 
| 223|0x00000000edf00000, 0x00000000ee000000, 0x00000000ee000000|100%| O|  |TAMS 0x00000000edf00000, 0x00000000edf00000| Untracked 
| 224|0x00000000ee000000, 0x00000000ee100000, 0x00000000ee100000|100%| O|  |TAMS 0x00000000ee000000, 0x00000000ee000000| Untracked 
| 225|0x00000000ee100000, 0x00000000ee200000, 0x00000000ee200000|100%| O|  |TAMS 0x00000000ee100000, 0x00000000ee100000| Untracked 
| 226|0x00000000ee200000, 0x00000000ee300000, 0x00000000ee300000|100%| O|  |TAMS 0x00000000ee200000, 0x00000000ee200000| Untracked 
| 227|0x00000000ee300000, 0x00000000ee400000, 0x00000000ee400000|100%| O|  |TAMS 0x00000000ee300000, 0x00000000ee300000| Untracked 
| 228|0x00000000ee400000, 0x00000000ee500000, 0x00000000ee500000|100%| O|  |TAMS 0x00000000ee400000, 0x00000000ee400000| Untracked 
| 229|0x00000000ee500000, 0x00000000ee600000, 0x00000000ee600000|100%| O|  |TAMS 0x00000000ee500000, 0x00000000ee500000| Untracked 
| 230|0x00000000ee600000, 0x00000000ee700000, 0x00000000ee700000|100%| O|  |TAMS 0x00000000ee600000, 0x00000000ee600000| Untracked 
| 231|0x00000000ee700000, 0x00000000ee800000, 0x00000000ee800000|100%| O|  |TAMS 0x00000000ee700000, 0x00000000ee700000| Untracked 
| 232|0x00000000ee800000, 0x00000000ee900000, 0x00000000ee900000|100%| O|  |TAMS 0x00000000ee800000, 0x00000000ee800000| Untracked 
| 233|0x00000000ee900000, 0x00000000eea00000, 0x00000000eea00000|100%|HS|  |TAMS 0x00000000ee900000, 0x00000000ee900000| Complete 
| 234|0x00000000eea00000, 0x00000000eeb00000, 0x00000000eeb00000|100%|HS|  |TAMS 0x00000000eea00000, 0x00000000eea00000| Complete 
| 235|0x00000000eeb00000, 0x00000000eec00000, 0x00000000eec00000|100%| O|  |TAMS 0x00000000eeb00000, 0x00000000eeb00000| Untracked 
| 236|0x00000000eec00000, 0x00000000eed00000, 0x00000000eed00000|100%| O|  |TAMS 0x00000000eec00000, 0x00000000eec00000| Untracked 
| 237|0x00000000eed00000, 0x00000000eee00000, 0x00000000eee00000|100%| O|  |TAMS 0x00000000eed00000, 0x00000000eed00000| Untracked 
| 238|0x00000000eee00000, 0x00000000eef00000, 0x00000000eef00000|100%| O|  |TAMS 0x00000000eee00000, 0x00000000eee00000| Untracked 
| 239|0x00000000eef00000, 0x00000000ef000000, 0x00000000ef000000|100%| O|  |TAMS 0x00000000eef00000, 0x00000000eef00000| Untracked 
| 240|0x00000000ef000000, 0x00000000ef100000, 0x00000000ef100000|100%| O|  |TAMS 0x00000000ef000000, 0x00000000ef000000| Untracked 
| 241|0x00000000ef100000, 0x00000000ef200000, 0x00000000ef200000|100%| O|  |TAMS 0x00000000ef100000, 0x00000000ef100000| Untracked 
| 242|0x00000000ef200000, 0x00000000ef300000, 0x00000000ef300000|100%| O|  |TAMS 0x00000000ef200000, 0x00000000ef200000| Untracked 
| 243|0x00000000ef300000, 0x00000000ef400000, 0x00000000ef400000|100%|HS|  |TAMS 0x00000000ef300000, 0x00000000ef300000| Complete 
| 244|0x00000000ef400000, 0x00000000ef500000, 0x00000000ef500000|100%|HC|  |TAMS 0x00000000ef400000, 0x00000000ef400000| Complete 
| 245|0x00000000ef500000, 0x00000000ef600000, 0x00000000ef600000|100%|HS|  |TAMS 0x00000000ef500000, 0x00000000ef500000| Complete 
| 246|0x00000000ef600000, 0x00000000ef700000, 0x00000000ef700000|100%|HC|  |TAMS 0x00000000ef600000, 0x00000000ef600000| Complete 
| 247|0x00000000ef700000, 0x00000000ef800000, 0x00000000ef800000|100%| O|  |TAMS 0x00000000ef700000, 0x00000000ef700000| Untracked 
| 248|0x00000000ef800000, 0x00000000ef900000, 0x00000000ef900000|100%| O|  |TAMS 0x00000000ef800000, 0x00000000ef800000| Untracked 
| 249|0x00000000ef900000, 0x00000000efa00000, 0x00000000efa00000|100%| S|  |TAMS 0x00000000ef900000, 0x00000000ef900000| Complete 
| 250|0x00000000efa00000, 0x00000000efb00000, 0x00000000efb00000|100%| E|CS|TAMS 0x00000000efa00000, 0x00000000efa00000| Complete 
| 251|0x00000000efb00000, 0x00000000efc00000, 0x00000000efc00000|100%| E|CS|TAMS 0x00000000efb00000, 0x00000000efb00000| Complete 
| 252|0x00000000efc00000, 0x00000000efd00000, 0x00000000efd00000|100%| E|CS|TAMS 0x00000000efc00000, 0x00000000efc00000| Complete 
| 253|0x00000000efd00000, 0x00000000efe00000, 0x00000000efe00000|100%| E|CS|TAMS 0x00000000efd00000, 0x00000000efd00000| Complete 
| 254|0x00000000efe00000, 0x00000000eff00000, 0x00000000eff00000|100%| E|CS|TAMS 0x00000000efe00000, 0x00000000efe00000| Complete 
| 255|0x00000000eff00000, 0x00000000f0000000, 0x00000000f0000000|100%| E|CS|TAMS 0x00000000eff00000, 0x00000000eff00000| Complete 
| 256|0x00000000f0000000, 0x00000000f0100000, 0x00000000f0100000|100%| O|  |TAMS 0x00000000f0000000, 0x00000000f0000000| Untracked 
| 257|0x00000000f0100000, 0x00000000f0200000, 0x00000000f0200000|100%| O|  |TAMS 0x00000000f0100000, 0x00000000f0100000| Untracked 
| 258|0x00000000f0200000, 0x00000000f0300000, 0x00000000f0300000|100%| O|  |TAMS 0x00000000f0200000, 0x00000000f0200000| Untracked 
| 259|0x00000000f0300000, 0x00000000f0400000, 0x00000000f0400000|100%| O|  |TAMS 0x00000000f0300000, 0x00000000f0300000| Untracked 
| 260|0x00000000f0400000, 0x00000000f0500000, 0x00000000f0500000|100%| E|CS|TAMS 0x00000000f0400000, 0x00000000f0400000| Complete 
| 261|0x00000000f0500000, 0x00000000f0600000, 0x00000000f0600000|100%| O|  |TAMS 0x00000000f0500000, 0x00000000f0500000| Untracked 
| 262|0x00000000f0600000, 0x00000000f0700000, 0x00000000f0700000|100%| O|  |TAMS 0x00000000f0600000, 0x00000000f0600000| Untracked 
| 263|0x00000000f0700000, 0x00000000f0800000, 0x00000000f0800000|100%| O|  |TAMS 0x00000000f0700000, 0x00000000f0700000| Untracked 
| 264|0x00000000f0800000, 0x00000000f0900000, 0x00000000f0900000|100%| O|  |TAMS 0x00000000f0800000, 0x00000000f0800000| Untracked 
| 265|0x00000000f0900000, 0x00000000f0a00000, 0x00000000f0a00000|100%| E|CS|TAMS 0x00000000f0900000, 0x00000000f0900000| Complete 
| 266|0x00000000f0a00000, 0x00000000f0b00000, 0x00000000f0b00000|100%| O|  |TAMS 0x00000000f0a00000, 0x00000000f0a00000| Untracked 
| 267|0x00000000f0b00000, 0x00000000f0c00000, 0x00000000f0c00000|100%| O|  |TAMS 0x00000000f0b00000, 0x00000000f0b00000| Untracked 
| 268|0x00000000f0c00000, 0x00000000f0d00000, 0x00000000f0d00000|100%| E|CS|TAMS 0x00000000f0c00000, 0x00000000f0c00000| Complete 
| 269|0x00000000f0d00000, 0x00000000f0e00000, 0x00000000f0e00000|100%| O|  |TAMS 0x00000000f0d00000, 0x00000000f0d00000| Untracked 
| 270|0x00000000f0e00000, 0x00000000f0f00000, 0x00000000f0f00000|100%| O|  |TAMS 0x00000000f0e00000, 0x00000000f0e00000| Untracked 
| 271|0x00000000f0f00000, 0x00000000f1000000, 0x00000000f1000000|100%| E|CS|TAMS 0x00000000f0f00000, 0x00000000f0f00000| Complete 
| 272|0x00000000f1000000, 0x00000000f1100000, 0x00000000f1100000|100%| O|  |TAMS 0x00000000f1000000, 0x00000000f1000000| Untracked 
| 273|0x00000000f1100000, 0x00000000f1200000, 0x00000000f1200000|100%| E|CS|TAMS 0x00000000f1100000, 0x00000000f1100000| Complete 
| 274|0x00000000f1200000, 0x00000000f1300000, 0x00000000f1300000|100%| O|  |TAMS 0x00000000f1200000, 0x00000000f1200000| Untracked 
| 275|0x00000000f1300000, 0x00000000f1400000, 0x00000000f1400000|100%| O|  |TAMS 0x00000000f1300000, 0x00000000f1300000| Untracked 
| 276|0x00000000f1400000, 0x00000000f1500000, 0x00000000f1500000|100%| O|  |TAMS 0x00000000f1400000, 0x00000000f1400000| Untracked 
| 277|0x00000000f1500000, 0x00000000f1600000, 0x00000000f1600000|100%| O|  |TAMS 0x00000000f1500000, 0x00000000f1500000| Updating 
| 278|0x00000000f1600000, 0x00000000f1700000, 0x00000000f1700000|100%| O|  |TAMS 0x00000000f1600000, 0x00000000f1600000| Untracked 
| 279|0x00000000f1700000, 0x00000000f1800000, 0x00000000f1800000|100%| O|  |TAMS 0x00000000f1700000, 0x00000000f1700000| Untracked 
| 280|0x00000000f1800000, 0x00000000f1900000, 0x00000000f1900000|100%| O|  |TAMS 0x00000000f1800000, 0x00000000f1800000| Untracked 
| 281|0x00000000f1900000, 0x00000000f1a00000, 0x00000000f1a00000|100%| E|CS|TAMS 0x00000000f1900000, 0x00000000f1900000| Complete 
| 282|0x00000000f1a00000, 0x00000000f1b00000, 0x00000000f1b00000|100%| O|  |TAMS 0x00000000f1a00000, 0x00000000f1a00000| Untracked 
| 283|0x00000000f1b00000, 0x00000000f1c00000, 0x00000000f1c00000|100%| O|  |TAMS 0x00000000f1b00000, 0x00000000f1b00000| Untracked 
| 284|0x00000000f1c00000, 0x00000000f1d00000, 0x00000000f1d00000|100%| O|  |TAMS 0x00000000f1c00000, 0x00000000f1c00000| Untracked 
| 285|0x00000000f1d00000, 0x00000000f1e00000, 0x00000000f1e00000|100%| O|  |TAMS 0x00000000f1d00000, 0x00000000f1d00000| Untracked 
| 286|0x00000000f1e00000, 0x00000000f1f00000, 0x00000000f1f00000|100%| E|CS|TAMS 0x00000000f1e00000, 0x00000000f1e00000| Complete 
| 287|0x00000000f1f00000, 0x00000000f2000000, 0x00000000f2000000|100%| O|  |TAMS 0x00000000f1f00000, 0x00000000f1f00000| Untracked 
| 288|0x00000000f2000000, 0x00000000f2100000, 0x00000000f2100000|100%| O|  |TAMS 0x00000000f2000000, 0x00000000f2000000| Untracked 
| 289|0x00000000f2100000, 0x00000000f2200000, 0x00000000f2200000|100%| O|  |TAMS 0x00000000f2100000, 0x00000000f2100000| Untracked 
| 290|0x00000000f2200000, 0x00000000f2300000, 0x00000000f2300000|100%| O|  |TAMS 0x00000000f2200000, 0x00000000f2200000| Untracked 
| 291|0x00000000f2300000, 0x00000000f2400000, 0x00000000f2400000|100%| E|CS|TAMS 0x00000000f2300000, 0x00000000f2300000| Complete 
| 292|0x00000000f2400000, 0x00000000f2500000, 0x00000000f2500000|100%| O|  |TAMS 0x00000000f2400000, 0x00000000f2400000| Untracked 
| 293|0x00000000f2500000, 0x00000000f2600000, 0x00000000f2600000|100%| O|  |TAMS 0x00000000f2500000, 0x00000000f2500000| Untracked 
| 294|0x00000000f2600000, 0x00000000f2700000, 0x00000000f2700000|100%| O|  |TAMS 0x00000000f2600000, 0x00000000f2600000| Untracked 
| 295|0x00000000f2700000, 0x00000000f2800000, 0x00000000f2800000|100%| O|  |TAMS 0x00000000f2700000, 0x00000000f2700000| Untracked 
| 296|0x00000000f2800000, 0x00000000f2900000, 0x00000000f2900000|100%| O|  |TAMS 0x00000000f2800000, 0x00000000f2800000| Untracked 
| 297|0x00000000f2900000, 0x00000000f2a00000, 0x00000000f2a00000|100%| O|  |TAMS 0x00000000f2900000, 0x00000000f2900000| Untracked 
| 298|0x00000000f2a00000, 0x00000000f2b00000, 0x00000000f2b00000|100%| O|  |TAMS 0x00000000f2a00000, 0x00000000f2a00000| Untracked 
| 299|0x00000000f2b00000, 0x00000000f2c00000, 0x00000000f2c00000|100%| E|CS|TAMS 0x00000000f2b00000, 0x00000000f2b00000| Complete 
| 300|0x00000000f2c00000, 0x00000000f2d00000, 0x00000000f2d00000|100%| O|  |TAMS 0x00000000f2c00000, 0x00000000f2c00000| Untracked 
| 301|0x00000000f2d00000, 0x00000000f2e00000, 0x00000000f2e00000|100%| O|  |TAMS 0x00000000f2d00000, 0x00000000f2d00000| Untracked 
| 302|0x00000000f2e00000, 0x00000000f2f00000, 0x00000000f2f00000|100%| O|  |TAMS 0x00000000f2e00000, 0x00000000f2e00000| Untracked 
| 303|0x00000000f2f00000, 0x00000000f3000000, 0x00000000f3000000|100%| O|  |TAMS 0x00000000f2f00000, 0x00000000f2f00000| Untracked 
| 304|0x00000000f3000000, 0x00000000f3100000, 0x00000000f3100000|100%| O|  |TAMS 0x00000000f3000000, 0x00000000f3000000| Untracked 
| 305|0x00000000f3100000, 0x00000000f3200000, 0x00000000f3200000|100%| O|  |TAMS 0x00000000f3100000, 0x00000000f3100000| Untracked 

Card table byte_map: [0x000001ce22670000,0x000001ce22770000] _byte_map_base: 0x000001ce21f70000

Marking Bits (Prev, Next): (CMBitMap*) 0x000001ce0dc949f8, (CMBitMap*) 0x000001ce0dc94a30
 Prev Bits: [0x000001ce22870000, 0x000001ce23070000)
 Next Bits: [0x000001ce23070000, 0x000001ce23870000)

Polling page: 0x000001ce0dd50000

Metaspace:

Usage:
  Non-class:    126.96 MB capacity,   123.98 MB ( 98%) used,     2.53 MB (  2%) free+waste,   455.88 KB ( <1%) overhead. 
      Class:     19.44 MB capacity,    17.73 MB ( 91%) used,     1.52 MB (  8%) free+waste,   202.69 KB (  1%) overhead. 
       Both:    146.40 MB capacity,   141.71 MB ( 97%) used,     4.05 MB (  3%) free+waste,   658.56 KB ( <1%) overhead. 

Virtual space:
  Non-class space:      128.00 MB reserved,     127.18 MB (>99%) committed 
      Class space:      248.00 MB reserved,      19.57 MB (  8%) committed 
             Both:      376.00 MB reserved,     146.75 MB ( 39%) committed 

Chunk freelists:
   Non-Class:  30.00 KB
       Class:  28.00 KB
        Both:  58.00 KB

MaxMetaspaceSize: 256.00 MB
CompressedClassSpaceSize: 248.00 MB

CodeHeap 'non-profiled nmethods': size=120064Kb used=17642Kb max_used=17644Kb free=102421Kb
 bounds [0x000001ce1aa10000, 0x000001ce1bb50000, 0x000001ce21f50000]
CodeHeap 'profiled nmethods': size=120000Kb used=52698Kb max_used=52698Kb free=67301Kb
 bounds [0x000001ce134e0000, 0x000001ce16880000, 0x000001ce1aa10000]
CodeHeap 'non-nmethods': size=5696Kb used=2393Kb max_used=2450Kb free=3302Kb
 bounds [0x000001ce12f50000, 0x000001ce131d0000, 0x000001ce134e0000]
 total_blobs=23800 nmethods=22761 adapters=949
 compilation: enabled
              stopped_count=0, restarted_count=0
 full_count=0

Compilation events (20 events):
Event: 895.130 Thread 0x000001ce25eca000 25675       2       com.android.tools.r8.w.a.a.a.f.c::get (36 bytes)
Event: 895.130 Thread 0x000001ce25eca000 nmethod 25675 0x000001ce16878c10 code [0x000001ce16878de0, 0x000001ce16878fb8]
Event: 895.143 Thread 0x000001ce25ec6800 nmethod 25638% 0x000001ce1bb36010 code [0x000001ce1bb366c0, 0x000001ce1bb42ef0]
Event: 895.144 Thread 0x000001ce25ec6800 25564   !   4       com.android.tools.r8.graph.q0::n (125 bytes)
Event: 895.254 Thread 0x000001ce25eca000 25677       2       com.android.tools.r8.w.a.a.a.f.K::d (46 bytes)
Event: 895.256 Thread 0x000001ce25eca000 nmethod 25677 0x000001ce16879110 code [0x000001ce168792e0, 0x000001ce16879568]
Event: 895.256 Thread 0x000001ce25eca000 25678       2       com.android.tools.r8.s.a.a.b.i2::<init> (5 bytes)
Event: 895.256 Thread 0x000001ce25eca000 nmethod 25678 0x000001ce16879690 code [0x000001ce16879840, 0x000001ce16879938]
Event: 895.343 Thread 0x000001ce25eca000 25680       2       com.android.tools.r8.graph.h0$$Lambda$1908/0x000000010134f040::apply (15 bytes)
Event: 895.343 Thread 0x000001ce25eca000 nmethod 25680 0x000001ce16879a10 code [0x000001ce16879bc0, 0x000001ce16879d58]
Event: 895.343 Thread 0x000001ce25eca000 25681       2       com.android.tools.r8.graph.S$a::<init> (10 bytes)
Event: 895.343 Thread 0x000001ce25eca000 nmethod 25681 0x000001ce16879e90 code [0x000001ce1687a040, 0x000001ce1687a138]
Event: 895.346 Thread 0x000001ce25eca000 25682       2       com.android.tools.r8.code.A2::<init> (7 bytes)
Event: 895.347 Thread 0x000001ce25eca000 nmethod 25682 0x000001ce1687a210 code [0x000001ce1687a3e0, 0x000001ce1687a618]
Event: 895.895 Thread 0x000001ce25ec6800 nmethod 25564 0x000001ce1bb4a310 code [0x000001ce1bb4a520, 0x000001ce1bb4b468]
Event: 895.895 Thread 0x000001ce25ec6800 25683       4       com.android.tools.r8.code.x1::a (4137 bytes)
Event: 895.898 Thread 0x000001ce25eca000 25684       2       com.android.tools.r8.code.P3::<init> (7 bytes)
Event: 895.899 Thread 0x000001ce25eca000 nmethod 25684 0x000001ce1687a810 code [0x000001ce1687a9c0, 0x000001ce1687ab18]
Event: 895.901 Thread 0x000001ce25eca000 25685       2       com.android.tools.r8.dex.n::c (77 bytes)
Event: 895.902 Thread 0x000001ce25eca000 nmethod 25685 0x000001ce1687ac10 code [0x000001ce1687ae20, 0x000001ce1687b398]

GC Heap History (20 events):
Event: 845.216 GC heap before
{Heap before GC invocations=98 (full 0):
 garbage-first heap   total 264192K, used 253607K [0x00000000e0000000, 0x0000000100000000)
  region size 1024K, 12 young (12288K), 2 survivors (2048K)
 Metaspace       used 141581K, capacity 146168K, committed 146688K, reserved 382976K
  class space    used 17513K, capacity 19127K, committed 19276K, reserved 253952K
}
Event: 845.293 GC heap after
{Heap after GC invocations=99 (full 0):
 garbage-first heap   total 264192K, used 249139K [0x00000000e0000000, 0x0000000100000000)
  region size 1024K, 2 young (2048K), 2 survivors (2048K)
 Metaspace       used 141581K, capacity 146168K, committed 146688K, reserved 382976K
  class space    used 17513K, capacity 19127K, committed 19276K, reserved 253952K
}
Event: 845.507 GC heap before
{Heap before GC invocations=99 (full 0):
 garbage-first heap   total 264192K, used 258355K [0x00000000e0000000, 0x0000000100000000)
  region size 1024K, 12 young (12288K), 2 survivors (2048K)
 Metaspace       used 141682K, capacity 146320K, committed 146944K, reserved 382976K
  class space    used 17529K, capacity 19137K, committed 19276K, reserved 253952K
}
Event: 845.534 GC heap after
{Heap after GC invocations=100 (full 0):
 garbage-first heap   total 266240K, used 253312K [0x00000000e0000000, 0x0000000100000000)
  region size 1024K, 2 young (2048K), 2 survivors (2048K)
 Metaspace       used 141682K, capacity 146320K, committed 146944K, reserved 382976K
  class space    used 17529K, capacity 19137K, committed 19276K, reserved 253952K
}
Event: 846.159 GC heap before
{Heap before GC invocations=100 (full 0):
 garbage-first heap   total 266240K, used 264576K [0x00000000e0000000, 0x0000000100000000)
  region size 1024K, 13 young (13312K), 2 survivors (2048K)
 Metaspace       used 141948K, capacity 146660K, committed 146944K, reserved 382976K
  class space    used 17584K, capacity 19259K, committed 19276K, reserved 253952K
}
Event: 847.148 GC heap after
{Heap after GC invocations=101 (full 0):
 garbage-first heap   total 271360K, used 257589K [0x00000000e0000000, 0x0000000100000000)
  region size 1024K, 2 young (2048K), 2 survivors (2048K)
 Metaspace       used 141948K, capacity 146660K, committed 146944K, reserved 382976K
  class space    used 17584K, capacity 19259K, committed 19276K, reserved 253952K
}
Event: 850.184 GC heap before
{Heap before GC invocations=101 (full 0):
 garbage-first heap   total 271360K, used 270901K [0x00000000e0000000, 0x0000000100000000)
  region size 1024K, 13 young (13312K), 2 survivors (2048K)
 Metaspace       used 142023K, capacity 146725K, committed 147072K, reserved 382976K
  class space    used 17602K, capacity 19290K, committed 19404K, reserved 253952K
}
Event: 850.213 GC heap after
{Heap after GC invocations=102 (full 0):
 garbage-first heap   total 277504K, used 264016K [0x00000000e0000000, 0x0000000100000000)
  region size 1024K, 2 young (2048K), 2 survivors (2048K)
 Metaspace       used 142023K, capacity 146725K, committed 147072K, reserved 382976K
  class space    used 17602K, capacity 19290K, committed 19404K, reserved 253952K
}
Event: 850.287 GC heap before
{Heap before GC invocations=102 (full 0):
 garbage-first heap   total 277504K, used 277328K [0x00000000e0000000, 0x0000000100000000)
  region size 1024K, 13 young (13312K), 2 survivors (2048K)
 Metaspace       used 142036K, capacity 146725K, committed 147072K, reserved 382976K
  class space    used 17603K, capacity 19290K, committed 19404K, reserved 253952K
}
Event: 850.318 GC heap after
{Heap after GC invocations=103 (full 0):
 garbage-first heap   total 284672K, used 271113K [0x00000000e0000000, 0x0000000100000000)
  region size 1024K, 2 young (2048K), 2 survivors (2048K)
 Metaspace       used 142036K, capacity 146725K, committed 147072K, reserved 382976K
  class space    used 17603K, capacity 19290K, committed 19404K, reserved 253952K
}
Event: 875.724 GC heap before
{Heap before GC invocations=103 (full 0):
 garbage-first heap   total 284672K, used 280329K [0x00000000e0000000, 0x0000000100000000)
  region size 1024K, 13 young (13312K), 2 survivors (2048K)
 Metaspace       used 142992K, capacity 147745K, committed 148096K, reserved 382976K
  class space    used 17816K, capacity 19528K, committed 19660K, reserved 253952K
}
Event: 875.945 GC heap after
{Heap after GC invocations=104 (full 0):
 garbage-first heap   total 286720K, used 272610K [0x00000000e0000000, 0x0000000100000000)
  region size 1024K, 2 young (2048K), 2 survivors (2048K)
 Metaspace       used 142992K, capacity 147745K, committed 148096K, reserved 382976K
  class space    used 17816K, capacity 19528K, committed 19660K, reserved 253952K
}
Event: 883.941 GC heap before
{Heap before GC invocations=104 (full 0):
 garbage-first heap   total 286720K, used 284898K [0x00000000e0000000, 0x0000000100000000)
  region size 1024K, 14 young (14336K), 2 survivors (2048K)
 Metaspace       used 144777K, capacity 149598K, committed 149888K, reserved 385024K
  class space    used 18127K, capacity 19867K, committed 19916K, reserved 253952K
}
Event: 884.017 GC heap after
{Heap after GC invocations=105 (full 0):
 garbage-first heap   total 291840K, used 276636K [0x00000000e0000000, 0x0000000100000000)
  region size 1024K, 2 young (2048K), 2 survivors (2048K)
 Metaspace       used 144777K, capacity 149598K, committed 149888K, reserved 385024K
  class space    used 18127K, capacity 19867K, committed 19916K, reserved 253952K
}
Event: 887.175 GC heap before
{Heap before GC invocations=105 (full 0):
 garbage-first heap   total 291840K, used 288924K [0x00000000e0000000, 0x0000000100000000)
  region size 1024K, 14 young (14336K), 2 survivors (2048K)
 Metaspace       used 144966K, capacity 149781K, committed 150016K, reserved 385024K
  class space    used 18144K, capacity 19907K, committed 20044K, reserved 253952K
}
Event: 887.205 GC heap after
{Heap after GC invocations=106 (full 0):
 garbage-first heap   total 297984K, used 283163K [0x00000000e0000000, 0x0000000100000000)
  region size 1024K, 2 young (2048K), 2 survivors (2048K)
 Metaspace       used 144966K, capacity 149781K, committed 150016K, reserved 385024K
  class space    used 18144K, capacity 19907K, committed 20044K, reserved 253952K
}
Event: 887.905 GC heap before
{Heap before GC invocations=106 (full 0):
 garbage-first heap   total 297984K, used 295451K [0x00000000e0000000, 0x0000000100000000)
  region size 1024K, 14 young (14336K), 2 survivors (2048K)
 Metaspace       used 145016K, capacity 149847K, committed 150016K, reserved 385024K
  class space    used 18148K, capacity 19907K, committed 20044K, reserved 253952K
}
Event: 888.345 GC heap after
{Heap after GC invocations=107 (full 0):
 garbage-first heap   total 305152K, used 290623K [0x00000000e0000000, 0x0000000100000000)
  region size 1024K, 2 young (2048K), 2 survivors (2048K)
 Metaspace       used 145016K, capacity 149847K, committed 150016K, reserved 385024K
  class space    used 18148K, capacity 19907K, committed 20044K, reserved 253952K
}
Event: 894.712 GC heap before
{Heap before GC invocations=107 (full 0):
 garbage-first heap   total 305152K, used 302911K [0x00000000e0000000, 0x0000000100000000)
  region size 1024K, 14 young (14336K), 2 survivors (2048K)
 Metaspace       used 145059K, capacity 149850K, committed 150016K, reserved 385024K
  class space    used 18149K, capacity 19908K, committed 20044K, reserved 253952K
}
Event: 895.118 GC heap after
{Heap after GC invocations=108 (full 0):
 garbage-first heap   total 312320K, used 297281K [0x00000000e0000000, 0x0000000100000000)
  region size 1024K, 2 young (2048K), 2 survivors (2048K)
 Metaspace       used 145059K, capacity 149850K, committed 150016K, reserved 385024K
  class space    used 18149K, capacity 19908K, committed 20044K, reserved 253952K
}

Deoptimization events (20 events):
Event: 893.985 Thread 0x000001ce28eea000 Uncommon trap: trap_request=0xffffffde fr.pc=0x000001ce1bae0eec relative=0x00000000000001ac
Event: 893.985 Thread 0x000001ce28eea000 Uncommon trap: reason=class_check action=maybe_recompile pc=0x000001ce1bae0eec method=com.android.tools.r8.w.a.a.a.f.c.get(Ljava/lang/Object;)Ljava/lang/Object; @ 16 c2
Event: 893.985 Thread 0x000001ce28eea000 DEOPT PACKING pc=0x000001ce1bae0eec sp=0x000000402bff97e0
Event: 893.985 Thread 0x000001ce28eea000 DEOPT UNPACKING pc=0x000001ce12f778af sp=0x000000402bff9778 mode 2
Event: 895.318 Thread 0x000001ce334ce800 Uncommon trap: trap_request=0xffffffbe fr.pc=0x000001ce1bb3fe2c relative=0x000000000000976c
Event: 895.318 Thread 0x000001ce334ce800 Uncommon trap: reason=profile_predicate action=maybe_recompile pc=0x000001ce1bb3fe2c method=com.android.tools.r8.dex.n.a(I[Lcom/android/tools/r8/graph/k0$b;[Lcom/android/tools/r8/graph/k0$c;Z)[Lcom/android/tools/r8/graph/e0; @ 652 c2
Event: 895.318 Thread 0x000001ce334ce800 DEOPT PACKING pc=0x000001ce1bb3fe2c sp=0x00000040300fee60
Event: 895.318 Thread 0x000001ce334ce800 DEOPT UNPACKING pc=0x000001ce12f778af sp=0x00000040300fee68 mode 2
Event: 895.319 Thread 0x000001ce334cd000 Uncommon trap: trap_request=0xffffffbe fr.pc=0x000001ce1bb3fe2c relative=0x000000000000976c
Event: 895.319 Thread 0x000001ce334cd000 Uncommon trap: reason=profile_predicate action=maybe_recompile pc=0x000001ce1bb3fe2c method=com.android.tools.r8.dex.n.a(I[Lcom/android/tools/r8/graph/k0$b;[Lcom/android/tools/r8/graph/k0$c;Z)[Lcom/android/tools/r8/graph/e0; @ 652 c2
Event: 895.319 Thread 0x000001ce334cd000 DEOPT PACKING pc=0x000001ce1bb3fe2c sp=0x000000402fffeb20
Event: 895.320 Thread 0x000001ce334cd000 DEOPT UNPACKING pc=0x000001ce12f778af sp=0x000000402fffeb28 mode 2
Event: 895.321 Thread 0x000001ce334cd000 Uncommon trap: trap_request=0xffffffbe fr.pc=0x000001ce1bb3fe2c relative=0x000000000000976c
Event: 895.321 Thread 0x000001ce334cd000 Uncommon trap: reason=profile_predicate action=maybe_recompile pc=0x000001ce1bb3fe2c method=com.android.tools.r8.dex.n.a(I[Lcom/android/tools/r8/graph/k0$b;[Lcom/android/tools/r8/graph/k0$c;Z)[Lcom/android/tools/r8/graph/e0; @ 652 c2
Event: 895.321 Thread 0x000001ce334cd000 DEOPT PACKING pc=0x000001ce1bb3fe2c sp=0x000000402fffeb20
Event: 895.321 Thread 0x000001ce334cd000 DEOPT UNPACKING pc=0x000001ce12f778af sp=0x000000402fffeb28 mode 2
Event: 895.341 Thread 0x000001ce334cd000 Uncommon trap: trap_request=0xffffffbe fr.pc=0x000001ce1bb3fe2c relative=0x000000000000976c
Event: 895.341 Thread 0x000001ce334cd000 Uncommon trap: reason=profile_predicate action=maybe_recompile pc=0x000001ce1bb3fe2c method=com.android.tools.r8.dex.n.a(I[Lcom/android/tools/r8/graph/k0$b;[Lcom/android/tools/r8/graph/k0$c;Z)[Lcom/android/tools/r8/graph/e0; @ 652 c2
Event: 895.341 Thread 0x000001ce334cd000 DEOPT PACKING pc=0x000001ce1bb3fe2c sp=0x000000402fffeb10
Event: 895.341 Thread 0x000001ce334cd000 DEOPT UNPACKING pc=0x000001ce12f778af sp=0x000000402fffeb18 mode 2

Classes redefined (0 events):
No events

Internal exceptions (20 events):
Event: 836.339 Thread 0x000001ce334ce000 Exception <a 'sun/nio/fs/WindowsException'{0x00000000ee3ca3c0}> (0x00000000ee3ca3c0) thrown at [./src/hotspot/share/prims/jni.cpp, line 615]
Event: 836.339 Thread 0x000001ce334ce000 Exception <a 'sun/nio/fs/WindowsException'{0x00000000ee3ca768}> (0x00000000ee3ca768) thrown at [./src/hotspot/share/prims/jni.cpp, line 615]
Event: 836.340 Thread 0x000001ce334ce000 Exception <a 'sun/nio/fs/WindowsException'{0x00000000ee3ca900}> (0x00000000ee3ca900) thrown at [./src/hotspot/share/prims/jni.cpp, line 615]
Event: 839.847 Thread 0x000001ce334cc000 Exception <a 'sun/nio/fs/WindowsException'{0x00000000efd093c0}> (0x00000000efd093c0) thrown at [./src/hotspot/share/prims/jni.cpp, line 615]
Event: 840.863 Thread 0x000001ce28eea000 Exception <a 'sun/nio/fs/WindowsException'{0x00000000ef045500}> (0x00000000ef045500) thrown at [./src/hotspot/share/prims/jni.cpp, line 615]
Event: 840.870 Thread 0x000001ce28eec800 Exception <a 'sun/nio/fs/WindowsException'{0x00000000ef0c89d8}> (0x00000000ef0c89d8) thrown at [./src/hotspot/share/prims/jni.cpp, line 615]
Event: 842.037 Thread 0x000001ce28eec800 Exception <a 'java/lang/NoSuchMethodError'{0x00000000eece7fe0}: 'java.lang.Object java.lang.invoke.DirectMethodHandle$Holder.invokeStatic(java.lang.Object, java.lang.Object, java.lang.Object, java.lang.Object, java.lang.Object, java.lang.Object, java.lang.Object, java.lang.Object, java.lang.Object, java.lang.Object, java.lang.Object, java.lang.Object, java.lang.Object, java.lang.Object, java.lang.Object, java.lang.Object, java.lang.Object, int, java.lang.Object)'> (0x00000000eece7fe0) thrown at [./src/hots
Event: 842.044 Thread 0x000001ce28eec800 Exception <a 'java/lang/NoSuchMethodError'{0x00000000eecede28}: 'java.lang.Object java.lang.invoke.DirectMethodHandle$Holder.invokeStaticInit(java.lang.Object, java.lang.Object, java.lang.Object, java.lang.Object, java.lang.Object, java.lang.Object, java.lang.Object, java.lang.Object, java.lang.Object, java.lang.Object, java.lang.Object, java.lang.Object, java.lang.Object, java.lang.Object, java.lang.Object, java.lang.Object, java.lang.Object, int, java.lang.Object)'> (0x00000000eecede28) thrown at [./src/
Event: 843.340 Thread 0x000001ce28eea000 Exception <a 'java/lang/NoSuchMethodError'{0x00000000ee998eb0}: 'long java.lang.invoke.DirectMethodHandle$Holder.invokeStatic(java.lang.Object, java.lang.Object)'> (0x00000000ee998eb0) thrown at [./src/hotspot/share/interpreter/linkResolver.cpp, line 773]
Event: 843.340 Thread 0x000001ce28eec800 Exception <a 'java/lang/NoSuchMethodError'{0x00000000ee9b4170}: 'long java.lang.invoke.DirectMethodHandle$Holder.invokeStatic(java.lang.Object, java.lang.Object)'> (0x00000000ee9b4170) thrown at [./src/hotspot/share/interpreter/linkResolver.cpp, line 773]
Event: 843.578 Thread 0x000001ce28eec800 Exception <a 'java/lang/NoSuchMethodError'{0x00000000eff00240}: 'java.lang.Object java.lang.invoke.DirectMethodHandle$Holder.newInvokeSpecial(java.lang.Object, int)'> (0x00000000eff00240) thrown at [./src/hotspot/share/interpreter/linkResolver.cpp, line 773]
Event: 843.578 Thread 0x000001ce28eea000 Exception <a 'java/lang/NoSuchMethodError'{0x00000000ef71e160}: 'java.lang.Object java.lang.invoke.DirectMethodHandle$Holder.newInvokeSpecial(java.lang.Object, int)'> (0x00000000ef71e160) thrown at [./src/hotspot/share/interpreter/linkResolver.cpp, line 773]
Event: 843.980 Thread 0x000001ce28eec800 Exception <a 'java/lang/IncompatibleClassChangeError'{0x00000000efda3110}: Found class java.lang.Object, but interface was expected> (0x00000000efda3110) thrown at [./src/hotspot/share/interpreter/linkResolver.cpp, line 839]
Event: 847.149 Thread 0x000001ce28eec800 Exception <a 'java/lang/NoSuchMethodError'{0x00000000eff337c8}: 'java.lang.Object java.lang.invoke.DirectMethodHandle$Holder.invokeStatic(java.lang.Object, int, java.lang.Object, java.lang.Object)'> (0x00000000eff337c8) thrown at [./src/hotspot/share/interpreter/linkResolver.cpp, line 773]
Event: 847.149 Thread 0x000001ce28eea000 Exception <a 'java/lang/NoSuchMethodError'{0x00000000eff3b098}: 'java.lang.Object java.lang.invoke.DirectMethodHandle$Holder.invokeStatic(java.lang.Object, int, java.lang.Object, java.lang.Object)'> (0x00000000eff3b098) thrown at [./src/hotspot/share/interpreter/linkResolver.cpp, line 773]
Event: 850.629 Thread 0x000001ce28eec800 Exception <a 'java/lang/NoSuchMethodError'{0x00000000efc583f0}: 'void java.lang.invoke.DirectMethodHandle$Holder.invokeSpecial(java.lang.Object, java.lang.Object, int, java.lang.Object)'> (0x00000000efc583f0) thrown at [./src/hotspot/share/interpreter/linkResolver.cpp, line 773]
Event: 876.125 Thread 0x000001ce28eea000 Exception <a 'java/lang/NoSuchMethodError'{0x00000000f11c0d08}: 'java.lang.Object java.lang.invoke.DirectMethodHandle$Holder.invokeVirtual(java.lang.Object, java.lang.Object, int, java.lang.Object)'> (0x00000000f11c0d08) thrown at [./src/hotspot/share/interpreter/linkResolver.cpp, line 773]
Event: 876.125 Thread 0x000001ce28eec800 Exception <a 'java/lang/NoSuchMethodError'{0x00000000f11acd38}: 'java.lang.Object java.lang.invoke.DirectMethodHandle$Holder.invokeVirtual(java.lang.Object, java.lang.Object, int, java.lang.Object)'> (0x00000000f11acd38) thrown at [./src/hotspot/share/interpreter/linkResolver.cpp, line 773]
Event: 876.336 Thread 0x000001ce28eec800 Exception <a 'java/lang/NoSuchMethodError'{0x00000000f0c25a08}: 'void java.lang.invoke.DirectMethodHandle$Holder.invokeVirtual(java.lang.Object, java.lang.Object, int, java.lang.Object)'> (0x00000000f0c25a08) thrown at [./src/hotspot/share/interpreter/linkResolver.cpp, line 773]
Event: 893.984 Thread 0x000001ce334c3000 Exception <a 'java/net/ConnectException'{0x00000000f1e6b990}: Connection refused: connect> (0x00000000f1e6b990) thrown at [./src/hotspot/share/prims/jni.cpp, line 636]

Events (20 events):
Event: 887.460 loading class com/android/tools/r8/graph/Q1$b done
Event: 887.589 Executing VM operation: G1CollectForAllocation
Event: 888.345 Executing VM operation: G1CollectForAllocation done
Event: 888.345 loading class com/android/tools/r8/graph/Q1$a
Event: 888.345 loading class com/android/tools/r8/graph/Q1$a done
Event: 888.346 loading class com/android/tools/r8/graph/Q1$b
Event: 888.346 loading class com/android/tools/r8/graph/Q1$b done
Event: 888.346 loading class com/android/tools/r8/graph/Q1$b
Event: 888.346 loading class com/android/tools/r8/graph/Q1$b done
Event: 888.812 loading class com/android/tools/r8/graph/Q1$b
Event: 888.812 loading class com/android/tools/r8/graph/Q1$b done
Event: 893.818 Executing VM operation: G1CollectForAllocation
Event: 893.988 loading class com/android/tools/r8/w/a/a/a/f/K$d
Event: 893.988 loading class com/android/tools/r8/w/a/a/a/f/K$d done
Event: 895.118 Executing VM operation: G1CollectForAllocation done
Event: 895.119 Thread 0x000001ce25ecd000 flushing nmethod 0x000001ce1aa1c510
Event: 895.126 Thread 0x000001ce25ecd000 flushing nmethod 0x000001ce1aa22c10
Event: 895.635 loading class com/android/tools/r8/w/a/a/a/f/K$d$c
Event: 895.635 loading class com/android/tools/r8/w/a/a/a/f/K$d$c done
Event: 895.818 Thread 0x000001ce25ecd000 flushing nmethod 0x000001ce1aa32810


Dynamic libraries:
0x00007ff70e300000 - 0x00007ff70e30a000 	C:\Program Files\Android\Android Studio2\jre\bin\java.exe
0x00007fff5d070000 - 0x00007fff5d265000 	C:\WINDOWS\SYSTEM32\ntdll.dll
0x00007fff5cf70000 - 0x00007fff5d02e000 	C:\WINDOWS\System32\KERNEL32.DLL
0x00007fff5aca0000 - 0x00007fff5af68000 	C:\WINDOWS\System32\KERNELBASE.dll
0x00007fff5ab00000 - 0x00007fff5ac00000 	C:\WINDOWS\System32\ucrtbase.dll
0x00007fff4fe70000 - 0x00007fff4fe89000 	C:\Program Files\Android\Android Studio2\jre\bin\jli.dll
0x00007fff4a980000 - 0x00007fff4a997000 	C:\Program Files\Android\Android Studio2\jre\bin\VCRUNTIME140.dll
0x00007fff5c770000 - 0x00007fff5c910000 	C:\WINDOWS\System32\USER32.dll
0x00007fff5aa20000 - 0x00007fff5aa42000 	C:\WINDOWS\System32\win32u.dll
0x00007fff5b180000 - 0x00007fff5b1ab000 	C:\WINDOWS\System32\GDI32.dll
0x00007fff5a7e0000 - 0x00007fff5a8eb000 	C:\WINDOWS\System32\gdi32full.dll
0x00007fff5ac00000 - 0x00007fff5ac9d000 	C:\WINDOWS\System32\msvcp_win.dll
0x00007fff50c80000 - 0x00007fff50f1a000 	C:\WINDOWS\WinSxS\amd64_microsoft.windows.common-controls_6595b64144ccf1df_6.0.19041.1110_none_60b5254171f9507e\COMCTL32.dll
0x00007fff5cd40000 - 0x00007fff5cdde000 	C:\WINDOWS\System32\msvcrt.dll
0x00007fff5c740000 - 0x00007fff5c770000 	C:\WINDOWS\System32\IMM32.DLL
0x00007fff35040000 - 0x00007fff350dd000 	C:\Program Files\Android\Android Studio2\jre\bin\msvcp140.dll
0x00007fff25990000 - 0x00007fff2645f000 	C:\Program Files\Android\Android Studio2\jre\bin\server\jvm.dll
0x00007fff5b0d0000 - 0x00007fff5b17e000 	C:\WINDOWS\System32\ADVAPI32.dll
0x00007fff5c0d0000 - 0x00007fff5c16c000 	C:\WINDOWS\System32\sechost.dll
0x00007fff5ce40000 - 0x00007fff5cf65000 	C:\WINDOWS\System32\RPCRT4.dll
0x00007fff5cd30000 - 0x00007fff5cd38000 	C:\WINDOWS\System32\PSAPI.DLL
0x00007fff55b90000 - 0x00007fff55b99000 	C:\WINDOWS\SYSTEM32\WSOCK32.dll
0x00007fff51060000 - 0x00007fff51087000 	C:\WINDOWS\SYSTEM32\WINMM.dll
0x00007fff51730000 - 0x00007fff5173a000 	C:\WINDOWS\SYSTEM32\VERSION.dll
0x00007fff5c660000 - 0x00007fff5c6cb000 	C:\WINDOWS\System32\WS2_32.dll
0x00007fff586a0000 - 0x00007fff586b2000 	C:\WINDOWS\SYSTEM32\kernel.appcore.dll
0x00007fff50240000 - 0x00007fff50251000 	C:\Program Files\Android\Android Studio2\jre\bin\verify.dll
0x00007fff54000000 - 0x00007fff541e4000 	C:\WINDOWS\SYSTEM32\DBGHELP.DLL
0x00007fff53f80000 - 0x00007fff53fac000 	C:\WINDOWS\SYSTEM32\dbgcore.DLL
0x00007fff5a920000 - 0x00007fff5a9a2000 	C:\WINDOWS\System32\bcryptPrimitives.dll
0x00007fff500d0000 - 0x00007fff500f9000 	C:\Program Files\Android\Android Studio2\jre\bin\java.dll
0x00007fff52ba0000 - 0x00007fff52bab000 	C:\Program Files\Android\Android Studio2\jre\bin\jimage.dll
0x00007fff4fb00000 - 0x00007fff4fb18000 	C:\Program Files\Android\Android Studio2\jre\bin\zip.dll
0x00007fff5b6c0000 - 0x00007fff5be04000 	C:\WINDOWS\System32\SHELL32.dll
0x00007fff588a0000 - 0x00007fff59034000 	C:\WINDOWS\SYSTEM32\windows.storage.dll
0x00007fff5b240000 - 0x00007fff5b594000 	C:\WINDOWS\System32\combase.dll
0x00007fff5a1f0000 - 0x00007fff5a21c000 	C:\WINDOWS\SYSTEM32\Wldp.dll
0x00007fff5cac0000 - 0x00007fff5cb6d000 	C:\WINDOWS\System32\SHCORE.dll
0x00007fff5bfa0000 - 0x00007fff5bff5000 	C:\WINDOWS\System32\shlwapi.dll
0x00007fff5a6d0000 - 0x00007fff5a6ef000 	C:\WINDOWS\SYSTEM32\profapi.dll
0x00007fff4f670000 - 0x00007fff4f68a000 	C:\Program Files\Android\Android Studio2\jre\bin\net.dll
0x00007fff507c0000 - 0x00007fff508c9000 	C:\WINDOWS\SYSTEM32\WINHTTP.dll
0x00007fff59f50000 - 0x00007fff59fba000 	C:\WINDOWS\system32\mswsock.dll
0x00007fff4ec40000 - 0x00007fff4ec54000 	C:\Program Files\Android\Android Studio2\jre\bin\nio.dll
0x00007fff4e6e0000 - 0x00007fff4e707000 	C:\Users\Reneuit\.gradle\native\e1d6ef7f7dcc3fd88c89a11ec53ec762bb8ba0a96d01ffa2cd45eb1d1d8dd5c5\windows-amd64\native-platform.dll
0x00007fff34d30000 - 0x00007fff34e74000 	C:\Users\Reneuit\.gradle\native\5664cfc778a61ccfe75a443a1ab52a65af34e5dc3c78e0209fed803814484fcb\windows-amd64\native-platform-file-events.dll
0x00007fff4fe00000 - 0x00007fff4fe0a000 	C:\Program Files\Android\Android Studio2\jre\bin\management.dll
0x00007fff4faf0000 - 0x00007fff4fafc000 	C:\Program Files\Android\Android Studio2\jre\bin\management_ext.dll
0x00007fff5a140000 - 0x00007fff5a158000 	C:\WINDOWS\SYSTEM32\CRYPTSP.dll
0x00007fff59860000 - 0x00007fff59894000 	C:\WINDOWS\system32\rsaenh.dll
0x00007fff5a8f0000 - 0x00007fff5a917000 	C:\WINDOWS\System32\bcrypt.dll
0x00007fff5a650000 - 0x00007fff5a67e000 	C:\WINDOWS\SYSTEM32\USERENV.dll
0x00007fff5a160000 - 0x00007fff5a16c000 	C:\WINDOWS\SYSTEM32\CRYPTBASE.dll
0x00007fff59bf0000 - 0x00007fff59c2b000 	C:\WINDOWS\SYSTEM32\IPHLPAPI.DLL
0x00007fff5c6d0000 - 0x00007fff5c6d8000 	C:\WINDOWS\System32\NSI.dll
0x00007fff52380000 - 0x00007fff52397000 	C:\WINDOWS\SYSTEM32\dhcpcsvc6.DLL
0x00007fff53140000 - 0x00007fff5315d000 	C:\WINDOWS\SYSTEM32\dhcpcsvc.DLL
0x00007fff59c30000 - 0x00007fff59cfa000 	C:\WINDOWS\SYSTEM32\DNSAPI.dll
0x00007fff4e410000 - 0x00007fff4e437000 	C:\Program Files\Android\Android Studio2\jre\bin\sunec.dll
0x00007fff4fb20000 - 0x00007fff4fb2a000 	C:\Windows\System32\rasadhlp.dll
0x00007fff50730000 - 0x00007fff507af000 	C:\WINDOWS\System32\fwpuclnt.dll
0x00007fff50270000 - 0x00007fff5028e000 	C:\Users\Reneuit\AppData\Local\Temp\native-platform14140702474509456378dir\native-platform.dll
0x00007fff53190000 - 0x00007fff53198000 	C:\Program Files\Android\Android Studio2\jre\bin\rmi.dll
0x00007fff4c610000 - 0x00007fff4c62e000 	C:\Users\Reneuit\AppData\Local\Temp\native-platform10101094004667377694dir\native-platform.dll
0x00007fff330c0000 - 0x00007fff330d7000 	C:\WINDOWS\system32\napinsp.dll
0x00007fff32870000 - 0x00007fff3288b000 	C:\WINDOWS\system32\pnrpnsp.dll
0x00007fff51920000 - 0x00007fff51935000 	C:\WINDOWS\system32\wshbth.dll
0x00007fff54330000 - 0x00007fff5434d000 	C:\WINDOWS\system32\NLAapi.dll
0x00007fff299a0000 - 0x00007fff299b2000 	C:\WINDOWS\System32\winrnr.dll
0x00007fff52c50000 - 0x00007fff52c6e000 	C:\Users\Reneuit\AppData\Local\Temp\native-platform3306757133576582407dir\native-platform.dll

dbghelp: loaded successfully - version: 4.0.5 - missing functions: none
symbol engine: initialized successfully - sym options: 0x614 - pdb path: .;C:\Program Files\Android\Android Studio2\jre\bin;C:\WINDOWS\SYSTEM32;C:\WINDOWS\WinSxS\amd64_microsoft.windows.common-controls_6595b64144ccf1df_6.0.19041.1110_none_60b5254171f9507e;C:\Program Files\Android\Android Studio2\jre\bin\server;C:\Users\Reneuit\.gradle\native\e1d6ef7f7dcc3fd88c89a11ec53ec762bb8ba0a96d01ffa2cd45eb1d1d8dd5c5\windows-amd64;C:\Users\Reneuit\.gradle\native\5664cfc778a61ccfe75a443a1ab52a65af34e5dc3c78e0209fed803814484fcb\windows-amd64;C:\Users\Reneuit\AppData\Local\Temp\native-platform14140702474509456378dir;C:\Users\Reneuit\AppData\Local\Temp\native-platform10101094004667377694dir;C:\Users\Reneuit\AppData\Local\Temp\native-platform3306757133576582407dir

VM Arguments:
jvm_args: --add-opens=java.base/java.util=ALL-UNNAMED --add-opens=java.base/java.lang=ALL-UNNAMED --add-opens=java.base/java.lang.invoke=ALL-UNNAMED --add-opens=java.base/java.util=ALL-UNNAMED --add-opens=java.prefs/java.util.prefs=ALL-UNNAMED --add-opens=java.prefs/java.util.prefs=ALL-UNNAMED --add-opens=java.base/java.nio.charset=ALL-UNNAMED --add-opens=java.base/java.net=ALL-UNNAMED --add-opens=java.base/java.util.concurrent.atomic=ALL-UNNAMED -XX:MaxMetaspaceSize=256m -XX:+HeapDumpOnOutOfMemoryError -Xms256m -Xmx512m -Dfile.encoding=windows-1252 -Duser.country=IN -Duser.language=en -Duser.variant 
java_command: org.gradle.launcher.daemon.bootstrap.GradleDaemon 7.2
java_class_path (initial): C:\Users\Reneuit\.gradle\wrapper\dists\gradle-7.2-all\260hg96vuh6ex27h9vo47iv4d\gradle-7.2\lib\gradle-launcher-7.2.jar
Launcher Type: SUN_STANDARD

[Global flags]
     intx CICompilerCount                          = 3                                         {product} {ergonomic}
   size_t CompressedClassSpaceSize                 = 260046848                                 {product} {ergonomic}
     uint ConcGCThreads                            = 1                                         {product} {ergonomic}
     uint G1ConcRefinementThreads                  = 4                                         {product} {ergonomic}
   size_t G1HeapRegionSize                         = 1048576                                   {product} {ergonomic}
    uintx GCDrainStackTargetSize                   = 64                                        {product} {ergonomic}
     bool HeapDumpOnOutOfMemoryError               = true                                   {manageable} {command line}
   size_t InitialHeapSize                          = 268435456                                 {product} {command line}
   size_t MarkStackSize                            = 4194304                                   {product} {ergonomic}
   size_t MaxHeapSize                              = 536870912                                 {product} {command line}
   size_t MaxMetaspaceSize                         = 268435456                                 {product} {command line}
   size_t MaxNewSize                               = 321912832                                 {product} {ergonomic}
   size_t MinHeapDeltaBytes                        = 1048576                                   {product} {ergonomic}
    uintx NonNMethodCodeHeapSize                   = 5830732                                {pd product} {ergonomic}
    uintx NonProfiledCodeHeapSize                  = 122913754                              {pd product} {ergonomic}
    uintx ProfiledCodeHeapSize                     = 122913754                              {pd product} {ergonomic}
    uintx ReservedCodeCacheSize                    = 251658240                              {pd product} {ergonomic}
     bool SegmentedCodeCache                       = true                                      {product} {ergonomic}
     bool UseCompressedClassPointers               = true                                 {lp64_product} {ergonomic}
     bool UseCompressedOops                        = true                                 {lp64_product} {ergonomic}
     bool UseG1GC                                  = true                                      {product} {ergonomic}
     bool UseLargePagesIndividualAllocation        = false                                  {pd product} {ergonomic}

Logging:
Log output configuration:
 #0: stdout all=warning uptime,level,tags
 #1: stderr all=off uptime,level,tags

Environment Variables:
JAVA_HOME=C:\Program Files\Java\jdk-17.0.1
PATH=C:\Python310\Scripts\;C:\Python310\;C:\Program Files\Common Files\Oracle\Java\javapath;C:\WINDOWS\system32;C:\WINDOWS;C:\WINDOWS\System32\Wbem;C:\WINDOWS\System32\WindowsPowerShell\v1.0\;C:\WINDOWS\System32\OpenSSH\;C:\Program Files\Java\jdk-17.0.1;C:\Program Files\Git\cmd;C:\ProgramData\chocolatey\bin;C:\Users\Reneuit\AppData\Local\Android\Sdk;C:\Users\Reneuit\AppData\Local\Android\Sdk\platform-tools;C:\Users\Reneuit\AppData\Local\Android\Sdk\emulator;C:\Users\Reneuit\AppData\Roaming\npm;C:\Program Files\OpenJDK\openjdk-8u312-b07\bin;C:\Program Files\Java\jdk-17.0.1\bin;C:\Program Files\nodejs\;C:\Users\Reneuit\AppData\Local\Microsoft\WindowsApps;C:\Users\Reneuit\AppData\Roaming\npm;C:\Users\Reneuit\AppData\Local\Programs\Microsoft VS Code\bin;
USERNAME=Reneuit
OS=Windows_NT
PROCESSOR_IDENTIFIER=Intel64 Family 6 Model 69 Stepping 1, GenuineIntel



---------------  S Y S T E M  ---------------

OS: Windows 10 , 64 bit Build 19041 (10.0.19041.1566)
OS uptime: 2 days 22:22 hours

CPU:total 4 (initial active 4) (2 cores per cpu, 2 threads per core) family 6 model 69 stepping 1 microcode 0x25, cmov, cx8, fxsr, mmx, sse, sse2, sse3, ssse3, sse4.1, sse4.2, popcnt, avx, avx2, aes, clmul, erms, lzcnt, ht, tsc, tscinvbit, bmi1, bmi2, fma

Memory: 4k page, system-wide physical 4001M (52M free)
TotalPageFile size 12789M (AvailPageFile size 3M)
current process WorkingSet (physical memory assigned to process): 238M, peak: 385M
current process commit charge ("private bytes"): 733M, peak: 734M

vm_info: OpenJDK 64-Bit Server VM (11.0.10+0-b96-7249189) for windows-amd64 JRE (11.0.10+0-b96-7249189), built on Mar 31 2021 21:44:00 by "builder" with MS VC++ 14.0 (VS2015)

END.
