#
# There is insufficient memory for the Java Runtime Environment to continue.
# Native memory allocation (mmap) failed to map 65536 bytes for Failed to commit area from 0x00000251c6090000 to 0x00000251c60a0000 of length 65536.
# Possible reasons:
#   The system is out of physical RAM or swap space
#   The process is running with CompressedOops enabled, and the Java Heap may be blocking the growth of the native heap
# Possible solutions:
#   Reduce memory load on the system
#   Increase physical memory or swap space
#   Check if swap backing store is full
#   Decrease Java heap size (-Xmx/-Xms)
#   Decrease number of Java threads
#   Decrease Java thread stack sizes (-Xss)
#   Set larger code cache with -XX:ReservedCodeCacheSize=
# This output file may be truncated or incomplete.
#
#  Out of Memory Error (./src/hotspot/os/windows/os_windows.cpp:3301), pid=12828, tid=4144
#
# JRE version:  (11.0.10) (build )
# Java VM: OpenJDK 64-Bit Server VM (11.0.10+0-b96-7249189, mixed mode, sharing, tiered, compressed oops, g1 gc, windows-amd64)
# No core dump will be written. Minidumps are not enabled by default on client versions of Windows
#

---------------  S U M M A R Y ------------

Command Line: org.jetbrains.kotlin.cli.jvm.K2JVMCompiler @F:\React\incognito\node_modules\react-native-screens\android\build\20220314_8762132730703828002.compiler.options

Host: Intel(R) Core(TM) i5-4310U CPU @ 2.00GHz, 4 cores, 3G,  Windows 10 , 64 bit Build 19041 (10.0.19041.1566)
Time: Mon Mar 14 15:56:33 2022 India Standard Time elapsed time: 0.047372 seconds (0d 0h 0m 0s)

---------------  T H R E A D  ---------------

Current thread (0x00000251b196b000):  JavaThread "Unknown thread" [_thread_in_vm, id=4144, stack(0x000000f896f00000,0x000000f897000000)]

Stack: [0x000000f896f00000,0x000000f897000000]
Native frames: (J=compiled Java code, j=interpreted, Vv=VM code, C=native code)
V  [jvm.dll+0x5ecfaa]
V  [jvm.dll+0x722bd5]
V  [jvm.dll+0x72412d]
V  [jvm.dll+0x7247e3]
V  [jvm.dll+0x242928]
V  [jvm.dll+0x5ea374]
V  [jvm.dll+0x5df425]
V  [jvm.dll+0x2fdebb]
V  [jvm.dll+0x2fde2a]
V  [jvm.dll+0x2fdd02]
V  [jvm.dll+0x302d05]
V  [jvm.dll+0x34b2c7]
V  [jvm.dll+0x34b9a6]
V  [jvm.dll+0x34b3a3]
V  [jvm.dll+0x2d8888]
V  [jvm.dll+0x2d9a37]
V  [jvm.dll+0x701737]
V  [jvm.dll+0x702f2c]
V  [jvm.dll+0x3587d9]
V  [jvm.dll+0x6e4fae]
V  [jvm.dll+0x3c0be3]
V  [jvm.dll+0x3c2e91]
C  [jli.dll+0x5373]
C  [ucrtbase.dll+0x21bb2]
C  [KERNEL32.DLL+0x17034]
C  [ntdll.dll+0x52651]


---------------  P R O C E S S  ---------------

Threads class SMR info:
_java_thread_list=0x00000251b0065940, length=0, elements={
}

Java Threads: ( => current thread )

Other Threads:
  0x00000251b1983800 GCTaskThread "GC Thread#0" [stack: 0x000000f897000000,0x000000f897100000] [id=8708]
  0x00000251b199d800 ConcurrentGCThread "G1 Main Marker" [stack: 0x000000f897100000,0x000000f897200000] [id=8408]
  0x00000251b199f000 ConcurrentGCThread "G1 Conc#0" [stack: 0x000000f897200000,0x000000f897300000] [id=5840]

[error occurred during error reporting (printing all threads), id 0xc0000005, EXCEPTION_ACCESS_VIOLATION (0xc0000005) at pc=0x00007fff25c79107]

VM state:not at safepoint (not fully initialized)

VM Mutex/Monitor currently owned by a thread:  ([mutex/lock_event])
[0x00000251b19667b0] Heap_lock - owner thread: 0x00000251b196b000

Heap address: 0x00000000c1600000, size: 1002 MB, Compressed Oops mode: Non-zero based: 0x00000000c1600000
Narrow klass base: 0x0000000000000000, Narrow klass shift: 0

GC Heap History (0 events):
No events

Deoptimization events (0 events):
No events

Classes redefined (0 events):
No events

Internal exceptions (0 events):
No events

Events (1 events):
Event: 0.022 Loaded shared library C:\Program Files\Android\Android Studio2\jre\bin\zip.dll


Dynamic libraries:
0x00007ff70e300000 - 0x00007ff70e30a000 	C:\Program Files\Android\Android Studio2\jre\bin\java.exe
0x00007fff5d070000 - 0x00007fff5d265000 	C:\WINDOWS\SYSTEM32\ntdll.dll
0x00007fff5cf70000 - 0x00007fff5d02e000 	C:\WINDOWS\System32\KERNEL32.DLL
0x00007fff5aca0000 - 0x00007fff5af68000 	C:\WINDOWS\System32\KERNELBASE.dll
0x00007fff5ab00000 - 0x00007fff5ac00000 	C:\WINDOWS\System32\ucrtbase.dll
0x00007fff4fe70000 - 0x00007fff4fe89000 	C:\Program Files\Android\Android Studio2\jre\bin\jli.dll
0x00007fff4a980000 - 0x00007fff4a997000 	C:\Program Files\Android\Android Studio2\jre\bin\VCRUNTIME140.dll
0x00007fff5c770000 - 0x00007fff5c910000 	C:\WINDOWS\System32\USER32.dll
0x00007fff5aa20000 - 0x00007fff5aa42000 	C:\WINDOWS\System32\win32u.dll
0x00007fff50c80000 - 0x00007fff50f1a000 	C:\WINDOWS\WinSxS\amd64_microsoft.windows.common-controls_6595b64144ccf1df_6.0.19041.1110_none_60b5254171f9507e\COMCTL32.dll
0x00007fff5b180000 - 0x00007fff5b1ab000 	C:\WINDOWS\System32\GDI32.dll
0x00007fff5cd40000 - 0x00007fff5cdde000 	C:\WINDOWS\System32\msvcrt.dll
0x00007fff5a7e0000 - 0x00007fff5a8eb000 	C:\WINDOWS\System32\gdi32full.dll
0x00007fff5ac00000 - 0x00007fff5ac9d000 	C:\WINDOWS\System32\msvcp_win.dll
0x00007fff5c740000 - 0x00007fff5c770000 	C:\WINDOWS\System32\IMM32.DLL
0x00007fff35040000 - 0x00007fff350dd000 	C:\Program Files\Android\Android Studio2\jre\bin\msvcp140.dll
0x00007fff25990000 - 0x00007fff2645f000 	C:\Program Files\Android\Android Studio2\jre\bin\server\jvm.dll
0x00007fff5b0d0000 - 0x00007fff5b17e000 	C:\WINDOWS\System32\ADVAPI32.dll
0x00007fff5c0d0000 - 0x00007fff5c16c000 	C:\WINDOWS\System32\sechost.dll
0x00007fff5ce40000 - 0x00007fff5cf65000 	C:\WINDOWS\System32\RPCRT4.dll
0x00007fff5cd30000 - 0x00007fff5cd38000 	C:\WINDOWS\System32\PSAPI.DLL
0x00007fff55b90000 - 0x00007fff55b99000 	C:\WINDOWS\SYSTEM32\WSOCK32.dll
0x00007fff5c660000 - 0x00007fff5c6cb000 	C:\WINDOWS\System32\WS2_32.dll
0x00007fff51060000 - 0x00007fff51087000 	C:\WINDOWS\SYSTEM32\WINMM.dll
0x00007fff51730000 - 0x00007fff5173a000 	C:\WINDOWS\SYSTEM32\VERSION.dll
0x00007fff586a0000 - 0x00007fff586b2000 	C:\WINDOWS\SYSTEM32\kernel.appcore.dll
0x00007fff50240000 - 0x00007fff50251000 	C:\Program Files\Android\Android Studio2\jre\bin\verify.dll
0x00007fff54000000 - 0x00007fff541e4000 	C:\WINDOWS\SYSTEM32\DBGHELP.DLL
0x00007fff53f80000 - 0x00007fff53fac000 	C:\WINDOWS\SYSTEM32\dbgcore.DLL
0x00007fff5a920000 - 0x00007fff5a9a2000 	C:\WINDOWS\System32\bcryptPrimitives.dll
0x00007fff500d0000 - 0x00007fff500f9000 	C:\Program Files\Android\Android Studio2\jre\bin\java.dll
0x00007fff52ba0000 - 0x00007fff52bab000 	C:\Program Files\Android\Android Studio2\jre\bin\jimage.dll
0x00007fff4fb00000 - 0x00007fff4fb18000 	C:\Program Files\Android\Android Studio2\jre\bin\zip.dll

dbghelp: loaded successfully - version: 4.0.5 - missing functions: none
symbol engine: initialized successfully - sym options: 0x614 - pdb path: .;C:\Program Files\Android\Android Studio2\jre\bin;C:\WINDOWS\SYSTEM32;C:\WINDOWS\WinSxS\amd64_microsoft.windows.common-controls_6595b64144ccf1df_6.0.19041.1110_none_60b5254171f9507e;C:\Program Files\Android\Android Studio2\jre\bin\server

VM Arguments:
java_command: org.jetbrains.kotlin.cli.jvm.K2JVMCompiler @F:\React\incognito\node_modules\react-native-screens\android\build\20220314_8762132730703828002.compiler.options
java_class_path (initial): C:\Users\Reneuit\.gradle\caches\modules-2\files-2.1\org.jetbrains.kotlin\kotlin-compiler-embeddable\1.4.10\38c4b99d5d5362debdd9302a866730379aa2328a\kotlin-compiler-embeddable-1.4.10.jar;C:\Users\Reneuit\.gradle\caches\modules-2\files-2.1\org.jetbrains.kotlin\kotlin-reflect\1.4.10\e2b3c6695eee6085e606d96d685396dce23a3a06\kotlin-reflect-1.4.10.jar;C:\Users\Reneuit\.gradle\caches\modules-2\files-2.1\org.jetbrains.kotlin\kotlin-stdlib\1.4.10\ea29e063d2bbe695be13e9d044dcfb0c7add398e\kotlin-stdlib-1.4.10.jar;C:\Users\Reneuit\.gradle\caches\modules-2\files-2.1\org.jetbrains.kotlin\kotlin-script-runtime\1.4.10\7c19d9c2001e016cd7664cebe9eea66fc04a7f4f\kotlin-script-runtime-1.4.10.jar;C:\Users\Reneuit\.gradle\caches\modules-2\files-2.1\org.jetbrains.kotlin\kotlin-daemon-embeddable\1.4.10\dbd67f42bed28043d17d7c860b06110a00a45970\kotlin-daemon-embeddable-1.4.10.jar;C:\Users\Reneuit\.gradle\caches\modules-2\files-2.1\org.jetbrains.intellij.deps\trove4j\1.0.20181211\216c2e14b070f334479d800987affe4054cd563f\trove4j-1.0.20181211.jar;C:\Users\Reneuit\.gradle\caches\modules-2\files-2.1\org.jetbrains.kotlin\kotlin-stdlib-common\1.4.10\6229be3465805c99db1142ad75e6c6ddeac0b04c\kotlin-stdlib-common-1.4.10.jar;C:\Users\Reneuit\.gradle\caches\modules-2\files-2.1\org.jetbrains\annotations\13.0\919f0dfe192fb4e063e7dacadee7f8bb9a2672a9\annotations-13.0.jar
Launcher Type: SUN_STANDARD

[Global flags]
     intx CICompilerCount                          = 3                                         {product} {ergonomic}
     uint ConcGCThreads                            = 1                                         {product} {ergonomic}
     uint G1ConcRefinementThreads                  = 4                                         {product} {ergonomic}
   size_t G1HeapRegionSize                         = 1048576                                   {product} {ergonomic}
    uintx GCDrainStackTargetSize                   = 64                                        {product} {ergonomic}
   size_t InitialHeapSize                          = 67108864                                  {product} {ergonomic}
   size_t MarkStackSize                            = 4194304                                   {product} {ergonomic}
   size_t MaxHeapSize                              = 1050673152                                {product} {ergonomic}
   size_t MinHeapDeltaBytes                        = 1048576                                   {product} {ergonomic}
    uintx NonNMethodCodeHeapSize                   = 5830732                                {pd product} {ergonomic}
    uintx NonProfiledCodeHeapSize                  = 122913754                              {pd product} {ergonomic}
    uintx ProfiledCodeHeapSize                     = 122913754                              {pd product} {ergonomic}
    uintx ReservedCodeCacheSize                    = 251658240                              {pd product} {ergonomic}
     bool SegmentedCodeCache                       = true                                      {product} {ergonomic}
     bool UseCompressedClassPointers               = true                                 {lp64_product} {ergonomic}
     bool UseCompressedOops                        = true                                 {lp64_product} {ergonomic}
     bool UseG1GC                                  = true                                      {product} {ergonomic}
     bool UseLargePagesIndividualAllocation        = false                                  {pd product} {ergonomic}

Logging:
Log output configuration:
 #0: stdout all=warning uptime,level,tags
 #1: stderr all=off uptime,level,tags

Environment Variables:
JAVA_HOME=C:\Program Files\Java\jdk-17.0.1
PATH=C:\Python310\Scripts\;C:\Python310\;C:\Program Files\Common Files\Oracle\Java\javapath;C:\WINDOWS\system32;C:\WINDOWS;C:\WINDOWS\System32\Wbem;C:\WINDOWS\System32\WindowsPowerShell\v1.0\;C:\WINDOWS\System32\OpenSSH\;C:\Program Files\Java\jdk-17.0.1;C:\Program Files\Git\cmd;C:\ProgramData\chocolatey\bin;C:\Users\Reneuit\AppData\Local\Android\Sdk;C:\Users\Reneuit\AppData\Local\Android\Sdk\platform-tools;C:\Users\Reneuit\AppData\Local\Android\Sdk\emulator;C:\Users\Reneuit\AppData\Roaming\npm;C:\Program Files\OpenJDK\openjdk-8u312-b07\bin;C:\Program Files\Java\jdk-17.0.1\bin;C:\Program Files\nodejs\;C:\Users\Reneuit\AppData\Local\Microsoft\WindowsApps;C:\Users\Reneuit\AppData\Roaming\npm;C:\Users\Reneuit\AppData\Local\Programs\Microsoft VS Code\bin;
USERNAME=Reneuit
OS=Windows_NT
PROCESSOR_IDENTIFIER=Intel64 Family 6 Model 69 Stepping 1, GenuineIntel



---------------  S Y S T E M  ---------------

OS: Windows 10 , 64 bit Build 19041 (10.0.19041.1566)
OS uptime: 2 days 22:19 hours

CPU:total 4 (initial active 4) (2 cores per cpu, 2 threads per core) family 6 model 69 stepping 1 microcode 0x25, cmov, cx8, fxsr, mmx, sse, sse2, sse3, ssse3, sse4.1, sse4.2, popcnt, avx, avx2, aes, clmul, erms, lzcnt, ht, tsc, tscinvbit, bmi1, bmi2, fma

Memory: 4k page, system-wide physical 4001M (62M free)
TotalPageFile size 12789M (AvailPageFile size 3M)
current process WorkingSet (physical memory assigned to process): 10M, peak: 10M
current process commit charge ("private bytes"): 116M, peak: 116M

vm_info: OpenJDK 64-Bit Server VM (11.0.10+0-b96-7249189) for windows-amd64 JRE (11.0.10+0-b96-7249189), built on Mar 31 2021 21:44:00 by "builder" with MS VC++ 14.0 (VS2015)

END.
