#
# There is insufficient memory for the Java Runtime Environment to continue.
# Native memory allocation (mmap) failed to map 67108864 bytes for G1 virtual space
# Possible reasons:
#   The system is out of physical RAM or swap space
#   The process is running with CompressedOops enabled, and the Java Heap may be blocking the growth of the native heap
# Possible solutions:
#   Reduce memory load on the system
#   Increase physical memory or swap space
#   Check if swap backing store is full
#   Decrease Java heap size (-Xmx/-Xms)
#   Decrease number of Java threads
#   Decrease Java thread stack sizes (-Xss)
#   Set larger code cache with -XX:ReservedCodeCacheSize=
#   JVM is running with Unscaled Compressed Oops mode in which the Java heap is
#     placed in the first 4GB address space. The Java Heap base address is the
#     maximum limit for the native heap growth. Please use -XX:HeapBaseMinAddress
#     to set the Java Heap base and to place the Java Heap above 4GB virtual address.
# This output file may be truncated or incomplete.
#
#  Out of Memory Error (os_windows.cpp:3469), pid=12936, tid=15708
#
# JRE version:  (17.0.1+12) (build )
# Java VM: Java HotSpot(TM) 64-Bit Server VM (17.0.1+12-LTS-39, mixed mode, sharing, tiered, compressed oops, compressed class ptrs, g1 gc, windows-amd64)
# No core dump will be written. Minidumps are not enabled by default on client versions of Windows
#

---------------  S U M M A R Y ------------

Command Line: -Xmx64m -Xms64m -Dorg.gradle.appname=gradlew org.gradle.wrapper.GradleWrapperMain app:installDebug -PreactNativeDevServerPort=8081

Host: Intel(R) Core(TM) i5-4310U CPU @ 2.00GHz, 4 cores, 3G,  Windows 10 , 64 bit Build 19041 (10.0.19041.1566)
Time: Thu Apr  7 12:32:47 2022 India Standard Time elapsed time: 0.217629 seconds (0d 0h 0m 0s)

---------------  T H R E A D  ---------------

Current thread (0x00000225903b3f00):  JavaThread "Unknown thread" [_thread_in_vm, id=15708, stack(0x000000ae3bb00000,0x000000ae3bc00000)]

Stack: [0x000000ae3bb00000,0x000000ae3bc00000]
Native frames: (J=compiled Java code, j=interpreted, Vv=VM code, C=native code)
V  [jvm.dll+0x66fa1a]
V  [jvm.dll+0x7ce5a4]
V  [jvm.dll+0x7cfd4e]
V  [jvm.dll+0x7d03b3]
V  [jvm.dll+0x242b05]
V  [jvm.dll+0x66ca39]
V  [jvm.dll+0x661502]
V  [jvm.dll+0x30081b]
V  [jvm.dll+0x307da6]
V  [jvm.dll+0x357a1e]
V  [jvm.dll+0x357c4f]
V  [jvm.dll+0x2d7ad8]
V  [jvm.dll+0x2d8a44]
V  [jvm.dll+0x7a01e1]
V  [jvm.dll+0x365791]
V  [jvm.dll+0x77f6cc]
V  [jvm.dll+0x3e812f]
V  [jvm.dll+0x3e9bd1]
C  [jli.dll+0x527b]
C  [ucrtbase.dll+0x21bb2]
C  [KERNEL32.DLL+0x17034]
C  [ntdll.dll+0x52651]


---------------  P R O C E S S  ---------------

Threads class SMR info:
_java_thread_list=0x00007ffbd7bb7818, length=0, elements={
}

Java Threads: ( => current thread )

Other Threads:
  0x00000225903cdf50 GCTaskThread "GC Thread#0" [stack: 0x000000ae3bc00000,0x000000ae3bd00000] [id=8544]
  0x00000225903d16b0 ConcurrentGCThread "G1 Main Marker" [stack: 0x000000ae3bd00000,0x000000ae3be00000] [id=8980]
  0x00000225903d20c0 ConcurrentGCThread "G1 Conc#0" [stack: 0x000000ae3be00000,0x000000ae3bf00000] [id=12680]

[error occurred during error reporting (printing all threads), id 0xc0000005, EXCEPTION_ACCESS_VIOLATION (0xc0000005) at pc=0x00007ffbd74084b7]

VM state: not at safepoint (not fully initialized)

VM Mutex/Monitor currently owned by a thread:  ([mutex/lock_event])
[0x00000225903b1320] Heap_lock - owner thread: 0x00000225903b3f00

Heap address: 0x00000000fc000000, size: 64 MB, Compressed Oops mode: 32-bit

CDS archive(s) mapped at: [0x0000000000000000-0x0000000000000000-0x0000000000000000), size 0, SharedBaseAddress: 0x0000000800000000, ArchiveRelocationMode: 0.
Narrow klass base: 0x0000000000000000, Narrow klass shift: 0, Narrow klass range: 0x0

GC Precious Log:
<Empty>

Heap:
 garbage-first heap   total 0K, used 0K [0x00000000fc000000, 0x0000000100000000)
  region size 1024K, 0 young (0K), 0 survivors (0K)

[error occurred during error reporting (printing heap information), id 0xc0000005, EXCEPTION_ACCESS_VIOLATION (0xc0000005) at pc=0x00007ffbd77e8d89]

GC Heap History (0 events):
No events

Deoptimization events (0 events):
No events

Classes unloaded (0 events):
No events

Classes redefined (0 events):
No events

Internal exceptions (0 events):
No events

VM Operations (0 events):
No events

Events (1 events):
Event: 0.103 Loaded shared library C:\Program Files\Java\jdk-17.0.1\bin\java.dll


Dynamic libraries:
0x00007ff755240000 - 0x00007ff755250000 	C:\Program Files\Java\jdk-17.0.1\bin\java.exe
0x00007ffc33290000 - 0x00007ffc33485000 	C:\WINDOWS\SYSTEM32\ntdll.dll
0x00007ffc31840000 - 0x00007ffc318fe000 	C:\WINDOWS\System32\KERNEL32.DLL
0x00007ffc30a00000 - 0x00007ffc30cc8000 	C:\WINDOWS\System32\KERNELBASE.dll
0x00007ffc310b0000 - 0x00007ffc311b0000 	C:\WINDOWS\System32\ucrtbase.dll
0x00007ffc235d0000 - 0x00007ffc235e8000 	C:\Program Files\Java\jdk-17.0.1\bin\jli.dll
0x00007ffc315e0000 - 0x00007ffc3168e000 	C:\WINDOWS\System32\ADVAPI32.dll
0x00007ffc32920000 - 0x00007ffc329be000 	C:\WINDOWS\System32\msvcrt.dll
0x00007ffc32450000 - 0x00007ffc324ec000 	C:\WINDOWS\System32\sechost.dll
0x00007ffc31690000 - 0x00007ffc317b5000 	C:\WINDOWS\System32\RPCRT4.dll
0x00007ffc32c20000 - 0x00007ffc32dc0000 	C:\WINDOWS\System32\USER32.dll
0x00007ffc31220000 - 0x00007ffc31242000 	C:\WINDOWS\System32\win32u.dll
0x00007ffc32bb0000 - 0x00007ffc32bdb000 	C:\WINDOWS\System32\GDI32.dll
0x00007ffc30db0000 - 0x00007ffc30ebb000 	C:\WINDOWS\System32\gdi32full.dll
0x00007ffc31250000 - 0x00007ffc312ed000 	C:\WINDOWS\System32\msvcp_win.dll
0x00007ffc21fe0000 - 0x00007ffc2227a000 	C:\WINDOWS\WinSxS\amd64_microsoft.windows.common-controls_6595b64144ccf1df_6.0.19041.1110_none_60b5254171f9507e\COMCTL32.dll
0x00007ffc208f0000 - 0x00007ffc208fa000 	C:\WINDOWS\SYSTEM32\VERSION.dll
0x00007ffc23580000 - 0x00007ffc2359a000 	C:\Program Files\Java\jdk-17.0.1\bin\VCRUNTIME140.dll
0x00007ffc32bf0000 - 0x00007ffc32c20000 	C:\WINDOWS\System32\IMM32.DLL
0x00007ffc24bb0000 - 0x00007ffc24bbc000 	C:\Program Files\Java\jdk-17.0.1\bin\vcruntime140_1.dll
0x00007ffbf92f0000 - 0x00007ffbf937d000 	C:\Program Files\Java\jdk-17.0.1\bin\msvcp140.dll
0x00007ffbd7120000 - 0x00007ffbd7cde000 	C:\Program Files\Java\jdk-17.0.1\bin\server\jvm.dll
0x00007ffc32440000 - 0x00007ffc32448000 	C:\WINDOWS\System32\PSAPI.DLL
0x00007ffc24580000 - 0x00007ffc24589000 	C:\WINDOWS\SYSTEM32\WSOCK32.dll
0x00007ffc32550000 - 0x00007ffc325bb000 	C:\WINDOWS\System32\WS2_32.dll
0x00007ffc22290000 - 0x00007ffc222b7000 	C:\WINDOWS\SYSTEM32\WINMM.dll
0x00007ffc2e8c0000 - 0x00007ffc2e8d2000 	C:\WINDOWS\SYSTEM32\kernel.appcore.dll
0x00007ffc24520000 - 0x00007ffc2452a000 	C:\Program Files\Java\jdk-17.0.1\bin\jimage.dll
0x00007ffc1e760000 - 0x00007ffc1e944000 	C:\WINDOWS\SYSTEM32\DBGHELP.DLL
0x00007ffc1e5d0000 - 0x00007ffc1e5fc000 	C:\WINDOWS\SYSTEM32\dbgcore.DLL
0x00007ffc31020000 - 0x00007ffc310a2000 	C:\WINDOWS\System32\bcryptPrimitives.dll
0x00007ffc092b0000 - 0x00007ffc092d5000 	C:\Program Files\Java\jdk-17.0.1\bin\java.dll

dbghelp: loaded successfully - version: 4.0.5 - missing functions: none
symbol engine: initialized successfully - sym options: 0x614 - pdb path: .;C:\Program Files\Java\jdk-17.0.1\bin;C:\WINDOWS\SYSTEM32;C:\WINDOWS\WinSxS\amd64_microsoft.windows.common-controls_6595b64144ccf1df_6.0.19041.1110_none_60b5254171f9507e;C:\Program Files\Java\jdk-17.0.1\bin\server

VM Arguments:
jvm_args: -Xmx64m -Xms64m -Dorg.gradle.appname=gradlew 
java_command: org.gradle.wrapper.GradleWrapperMain app:installDebug -PreactNativeDevServerPort=8081
java_class_path (initial): F:\React\incognito\android\\gradle\wrapper\gradle-wrapper.jar
Launcher Type: SUN_STANDARD

[Global flags]
     intx CICompilerCount                          = 3                                         {product} {ergonomic}
     uint ConcGCThreads                            = 1                                         {product} {ergonomic}
     uint G1ConcRefinementThreads                  = 4                                         {product} {ergonomic}
   size_t G1HeapRegionSize                         = 1048576                                   {product} {ergonomic}
    uintx GCDrainStackTargetSize                   = 64                                        {product} {ergonomic}
   size_t InitialHeapSize                          = 67108864                                  {product} {command line}
   size_t MarkStackSize                            = 4194304                                   {product} {ergonomic}
   size_t MaxHeapSize                              = 67108864                                  {product} {command line}
   size_t MinHeapDeltaBytes                        = 1048576                                   {product} {ergonomic}
   size_t MinHeapSize                              = 67108864                                  {product} {command line}
    uintx NonNMethodCodeHeapSize                   = 5832780                                {pd product} {ergonomic}
    uintx NonProfiledCodeHeapSize                  = 122912730                              {pd product} {ergonomic}
    uintx ProfiledCodeHeapSize                     = 122912730                              {pd product} {ergonomic}
    uintx ReservedCodeCacheSize                    = 251658240                              {pd product} {ergonomic}
     bool SegmentedCodeCache                       = true                                      {product} {ergonomic}
   size_t SoftMaxHeapSize                          = 67108864                               {manageable} {ergonomic}
     bool UseCompressedClassPointers               = true                           {product lp64_product} {ergonomic}
     bool UseCompressedOops                        = true                           {product lp64_product} {ergonomic}
     bool UseG1GC                                  = true                                      {product} {ergonomic}
     bool UseLargePagesIndividualAllocation        = false                                  {pd product} {ergonomic}

Logging:
Log output configuration:
 #0: stdout all=warning uptime,level,tags
 #1: stderr all=off uptime,level,tags

Environment Variables:
JAVA_HOME=C:\Program Files\Java\jdk-17.0.1
CLASSPATH=F:\React\incognito\android\\gradle\wrapper\gradle-wrapper.jar
PATH=F:\React\incognito\android\node_modules\.bin;F:\React\incognito\node_modules\.bin;F:\React\node_modules\.bin;F:\node_modules\.bin;C:\Program Files\nodejs;F:\React\incognito\node_modules\.bin;F:\React\node_modules\.bin;F:\node_modules\.bin;C:\Program Files\nodejs\node_modules\npm\node_modules\@npmcli\run-script\lib\node-gyp-bin;C:\Python310\Scripts\;C:\Python310\;C:\Program Files\Common Files\Oracle\Java\javapath;C:\WINDOWS\system32;C:\WINDOWS;C:\WINDOWS\System32\Wbem;C:\WINDOWS\System32\WindowsPowerShell\v1.0\;C:\WINDOWS\System32\OpenSSH\;C:\Program Files\Java\jdk-17.0.1;C:\Program Files\Git\cmd;C:\ProgramData\chocolatey\bin;C:\Users\Reneuit\AppData\Local\Android\Sdk;C:\Users\Reneuit\AppData\Local\Android\Sdk\platform-tools;C:\Users\Reneuit\AppData\Local\Android\Sdk\emulator;C:\Users\Reneuit\AppData\Roaming\npm;C:\Program Files\OpenJDK\openjdk-8u312-b07\bin;C:\Program Files\Java\jdk-17.0.1\bin;C:\Program Files\nodejs\;C:\Users\Reneuit\AppData\Local\Microsoft\WindowsApps;C:\Users\Reneuit\AppData\Roaming\npm;C:\Users\Reneuit\AppData\Local\Programs\Microsoft VS Code\bin;;F:\React\incognito\node_modules\.bin
USERNAME=Reneuit
LANG=en_US.UTF-8
OS=Windows_NT
PROCESSOR_IDENTIFIER=Intel64 Family 6 Model 69 Stepping 1, GenuineIntel



---------------  S Y S T E M  ---------------

OS:
 Windows 10 , 64 bit Build 19041 (10.0.19041.1566)
OS uptime: 23 days 20:10 hours

CPU: total 4 (initial active 4) (2 cores per cpu, 2 threads per core) family 6 model 69 stepping 1 microcode 0x25, cx8, cmov, fxsr, ht, mmx, sse, sse2, sse3, ssse3, sse4.1, sse4.2, popcnt, lzcnt, tsc, tscinvbit, avx, avx2, aes, erms, clmul, bmi1, bmi2, fma, vzeroupper, clflush

Memory: 4k page, system-wide physical 4001M (39M free)
TotalPageFile size 12789M (AvailPageFile size 26M)
current process WorkingSet (physical memory assigned to process): 9M, peak: 9M
current process commit charge ("private bytes"): 51M, peak: 115M

vm_info: Java HotSpot(TM) 64-Bit Server VM (17.0.1+12-LTS-39) for windows-amd64 JRE (17.0.1+12-LTS-39), built on Sep 27 2021 18:41:35 by "mach5one" with MS VC++ 16.8 (VS2019)

END.
